Command line: /usr/local/bin/spades.py	-o	/Users/cmdb/qbb2016-answers/week2/spades_reads_low	--only-assembler	-1	/Users/cmdb/qbb2016-answers/week2/reads_low_1.fastq	-2	/Users/cmdb/qbb2016-answers/week2/reads_low_2.fastq	

System information:
  SPAdes version: 3.9.0
  Python version: 2.7.12
  OS: Darwin-15.6.0-x86_64-i386-64bit

Output dir: /Users/cmdb/qbb2016-answers/week2/spades_reads_low
Mode: ONLY assembling (without read error correction)
Debug mode is turned OFF

Dataset parameters:
  Multi-cell mode (you should set '--sc' flag if input data was obtained with MDA (single-cell) technology or --meta flag if processing metagenomic dataset)
  Reads:
    Library number: 1, library type: paired-end
      orientation: fr
      left reads: ['/Users/cmdb/qbb2016-answers/week2/reads_low_1.fastq']
      right reads: ['/Users/cmdb/qbb2016-answers/week2/reads_low_2.fastq']
      interlaced reads: not specified
      single reads: not specified
Assembly parameters:
  k: automatic selection based on read length
  Repeat resolution is enabled
  Mismatch careful mode is turned OFF
  MismatchCorrector will be SKIPPED
  Coverage cutoff is turned OFF
Other parameters:
  Dir for temp files: /Users/cmdb/qbb2016-answers/week2/spades_reads_low/tmp
  Threads: 16
  Memory limit (in Gb): 250


======= SPAdes pipeline started. Log can be found here: /Users/cmdb/qbb2016-answers/week2/spades_reads_low/spades.log


===== Assembling started.


== Running assembler: K21

  0:00:00.000     4M / 4M    INFO    General                 (main.cpp                  :  75)   Loading config from /Users/cmdb/qbb2016-answers/week2/spades_reads_low/K21/configs/config.info
  0:00:00.000     4M / 4M    INFO    General                 (memory_limit.hpp          :  47)   Memory limit set to 250 Gb
  0:00:00.000     4M / 4M    INFO    General                 (main.cpp                  :  88)   Starting SPAdes, built from N/A, git revision N/A
  0:00:00.000     4M / 4M    INFO    General                 (main.cpp                  :  89)   Maximum k-mer length: 128
  0:00:00.000     4M / 4M    INFO    General                 (main.cpp                  :  90)   Assembling dataset (/Users/cmdb/qbb2016-answers/week2/spades_reads_low/dataset.info) with K=21
  0:00:00.000     4M / 4M    INFO    General                 (launch.hpp                :  29)   SPAdes started
  0:00:00.000     4M / 4M    INFO    General                 (launch.hpp                :  36)   Starting from stage: construction
  0:00:00.000     4M / 4M    INFO    General                 (launch.hpp                :  39)   Two-step RR enabled: 0
  0:00:00.001     4M / 4M    INFO   StageManager             (stage.cpp                 : 126)   STAGE == Construction
  0:00:00.002     4M / 4M    INFO    General                 (read_converter.hpp        :  78)   Converting reads to binary format for library #0 (takes a while)
  0:00:00.002     4M / 4M    INFO    General                 (read_converter.hpp        :  79)   Converting paired reads
  0:00:00.127    68M / 84M   INFO    General                 (binary_converter.hpp      : 159)   1000 reads written
  0:00:00.133     4M / 84M   INFO    General                 (read_converter.hpp        :  88)   Converting single reads
  0:00:00.368   132M / 164M  INFO    General                 (binary_converter.hpp      : 159)   0 reads written
  0:00:00.385     4M / 164M  INFO    General                 (graph_construction.hpp    : 120)   Constructing DeBruijn graph for k=21
  0:00:00.386     4M / 164M  INFO    General                 (kmer_splitters.hpp        : 130)   Splitting kmer instances into 16 buckets. This might take a while.
  0:00:00.386     4M / 164M  INFO    General                 (file_limit.hpp            :  30)   Open file limit set to 256
  0:00:00.386     4M / 164M  INFO    General                 (kmer_index_builder.hpp    : 105)   Memory available for splitting buffers: 20.833 Gb
  0:00:00.386     4M / 164M  INFO    General                 (kmer_index_builder.hpp    : 113)   Using cell size of 4194304
  0:00:00.426     2G / 2G    INFO    General                 (kmer_splitters.hpp        : 160)   Adding contigs from previous K
  0:00:00.426     2G / 2G    INFO    General                 (kmer_splitters.hpp        : 171)   Used 4000 reads. Maximum read length 100
  0:00:00.426     2G / 2G    INFO    General                 (kmer_splitters.hpp        : 172)   Average read length 93.3625
  0:00:00.426     2G / 2G    INFO    General                 (kmer_index_builder.hpp    : 232)   Starting k-mer counting.
  0:00:00.497     2G / 2G    INFO    General                 (kmer_index_builder.hpp    : 238)   K-mer counting done. There are 74691 kmers in total.
  0:00:00.497     2G / 2G    INFO    General                 (kmer_index_builder.hpp    : 240)   Merging temporary buckets.
  0:00:00.568     2G / 2G    INFO   K-mer Index Building     (kmer_index_builder.hpp    : 346)   Building kmer index
  0:00:00.568     2G / 2G    INFO    General                 (kmer_splitters.hpp        : 282)   Splitting kmer instances into 64 buckets. This might take a while.
  0:00:00.568     2G / 2G    INFO    General                 (file_limit.hpp            :  30)   Open file limit set to 256
  0:00:00.568     2G / 2G    INFO    General                 (kmer_index_builder.hpp    : 105)   Memory available for splitting buffers: 20.6445 Gb
  0:00:00.568     2G / 2G    INFO    General                 (kmer_index_builder.hpp    : 113)   Using cell size of 1048576
  0:00:00.660     5G / 5G    INFO    General                 (kmer_splitters.hpp        : 301)   Processed 74691 kmers
  0:00:00.660     5G / 5G    INFO    General                 (kmer_splitters.hpp        : 306)   Used 74691 kmers.
  0:00:00.660     5G / 5G    INFO    General                 (kmer_index_builder.hpp    : 232)   Starting k-mer counting.
  0:00:00.690     5G / 5G    INFO    General                 (kmer_index_builder.hpp    : 238)   K-mer counting done. There are 75149 kmers in total.
  0:00:00.690     5G / 5G    INFO    General                 (kmer_index_builder.hpp    : 240)   Merging temporary buckets.
  0:00:00.786     5G / 5G    INFO   K-mer Index Building     (kmer_index_builder.hpp    : 355)   Building perfect hash indices
  0:00:00.800     5G / 5G    INFO    General                 (kmer_index_builder.hpp    : 256)   Merging final buckets.
  0:00:00.832     5G / 5G    INFO   K-mer Index Building     (kmer_index_builder.hpp    : 401)   Index built. Total 24712 bytes occupied (2.63072 bits per kmer).
  0:00:00.832     5G / 5G    INFO   DeBruijnExtensionIndexBu (kmer_extension_index_build:  85)   Building k-mer extensions from k+1-mers
  0:00:00.873     5G / 5G    INFO   DeBruijnExtensionIndexBu (kmer_extension_index_build:  89)   Building k-mer extensions from k+1-mers finished.
  0:00:00.875    16M / 5G    INFO   Early tip clipping       (early_simplification.hpp  : 182)   Early tip clipping
  0:00:00.967    16M / 5G    INFO   Early tip clipping       (early_simplification.hpp  : 185)   151 22-mers were removed by early tip clipper
  0:00:00.967    16M / 5G    INFO    General                 (graph_construction.hpp    : 136)   Condensing graph
  0:00:00.967    16M / 5G    INFO   UnbranchingPathExtractor (debruijn_graph_constructor: 330)   Extracting unbranching paths
  0:00:01.034    16M / 5G    INFO   UnbranchingPathExtractor (debruijn_graph_constructor: 344)   Extracting unbranching paths finished. 976 sequences extracted
  0:00:01.058    16M / 5G    INFO   UnbranchingPathExtractor (debruijn_graph_constructor: 304)   Collecting perfect loops
  0:00:01.084    16M / 5G    INFO   UnbranchingPathExtractor (debruijn_graph_constructor: 319)   Collecting perfect loops finished. 0 loops collected
  0:00:01.086    16M / 5G    INFO    General                 (graph_construction.hpp    : 141)   Building index with from graph
  0:00:01.086    16M / 5G    INFO   K-mer Index Building     (kmer_index_builder.hpp    : 346)   Building kmer index
  0:00:01.086    16M / 5G    INFO    General                 (kmer_splitters.hpp        : 213)   Splitting kmer instances into 16 buckets. This might take a while.
  0:00:01.086    16M / 5G    INFO    General                 (file_limit.hpp            :  30)   Open file limit set to 256
  0:00:01.086    16M / 5G    INFO    General                 (kmer_index_builder.hpp    : 105)   Memory available for splitting buffers: 83.3281 Gb
  0:00:01.086    16M / 5G    INFO    General                 (kmer_index_builder.hpp    : 113)   Using cell size of 4194304
  0:00:01.114   592M / 5G    INFO    General                 (kmer_splitters.hpp        : 229)   Used 976 sequences.
  0:00:01.114   592M / 5G    INFO    General                 (kmer_index_builder.hpp    : 232)   Starting k-mer counting.
  0:00:01.137   592M / 5G    INFO    General                 (kmer_index_builder.hpp    : 238)   K-mer counting done. There are 74540 kmers in total.
  0:00:01.137   592M / 5G    INFO    General                 (kmer_index_builder.hpp    : 240)   Merging temporary buckets.
  0:00:01.203   592M / 5G    INFO   K-mer Index Building     (kmer_index_builder.hpp    : 355)   Building perfect hash indices
  0:00:01.234   592M / 5G    INFO    General                 (kmer_index_builder.hpp    : 256)   Merging final buckets.
  0:00:01.253   592M / 5G    INFO   K-mer Index Building     (kmer_index_builder.hpp    : 401)   Index built. Total 24496 bytes occupied (2.62903 bits per kmer).
  0:00:01.254    16M / 5G    INFO    General                 (edge_index_builders.hpp   :  27)   Collecting k-mer coverage information from graph, this takes a while.
  0:00:01.284    16M / 5G    INFO    General                 (edge_index.hpp            :  91)   Index refilled
  0:00:01.285    16M / 5G    INFO    General                 (graph_construction.hpp    : 173)   Filling coverage index
  0:00:01.285    16M / 5G    INFO    General                 (edge_index_builders.hpp   : 105)   Collecting k-mer coverage information from reads, this takes a while.
  0:00:01.330    16M / 5G    INFO    General                 (graph_construction.hpp    : 175)   Filling coverage and flanking coverage from index
  0:00:01.333    16M / 5G    INFO    General                 (construction.cpp          :  30)   Figured out: read length = 100
  0:00:01.333    16M / 5G    INFO   StageManager             (stage.cpp                 : 126)   STAGE == EC Threshold Finding
  0:00:01.335    16M / 5G    INFO    General                 (kmer_coverage_model.cpp   : 180)   Kmer coverage valley at: 9
  0:00:01.335    16M / 5G    INFO    General                 (kmer_coverage_model.cpp   : 200)   K-mer histogram maximum: 10
  0:00:01.335    16M / 5G    WARN    General                 (kmer_coverage_model.cpp   : 217)   Too many erroneous kmers, the estimates might be unreliable
  0:00:01.335    16M / 5G    INFO    General                 (kmer_coverage_model.cpp   : 236)   Estimated median coverage: 10. Coverage mad: 10.4836
  0:00:01.336    16M / 5G    INFO    General                 (kmer_coverage_model.cpp   : 275)   Fitting coverage model
  0:00:01.339    16M / 5G    INFO    General                 (kmer_coverage_model.cpp   : 311)   ... iteration 2
  0:00:01.347    16M / 5G    INFO    General                 (kmer_coverage_model.cpp   : 311)   ... iteration 4
  0:00:01.363    16M / 5G    INFO    General                 (kmer_coverage_model.cpp   : 311)   ... iteration 8
  0:00:01.387    16M / 5G    INFO    General                 (kmer_coverage_model.cpp   : 311)   ... iteration 16
  0:00:01.390    16M / 5G    INFO    General                 (kmer_coverage_model.cpp   : 325)   Fitted mean coverage: 14.1221. Fitted coverage std. dev: 2.17427
  0:00:01.390    16M / 5G    INFO    General                 (kmer_coverage_model.cpp   : 350)   Probability of erroneous kmer at valley: 0.9309
  0:00:01.390    16M / 5G    INFO    General                 (kmer_coverage_model.cpp   : 374)   Preliminary threshold calculated as: 16
  0:00:01.390    16M / 5G    INFO    General                 (kmer_coverage_model.cpp   : 378)   Threshold adjusted to: 11
  0:00:01.390    16M / 5G    INFO    General                 (kmer_coverage_model.cpp   : 391)   Estimated genome size (ignoring repeats): 192
  0:00:01.390    16M / 5G    INFO    General                 (genomic_info_filler.cpp   : 133)   Mean coverage was calculated as 14.1221
  0:00:01.391    16M / 5G    INFO    General                 (genomic_info_filler.cpp   : 147)   EC coverage threshold value was calculated as 11
  0:00:01.391    16M / 5G    INFO    General                 (genomic_info_filler.cpp   : 148)   Trusted kmer low bound: 0
  0:00:01.391    16M / 5G    INFO   StageManager             (stage.cpp                 : 126)   STAGE == Simplification
  0:00:01.392    16M / 5G    INFO    General                 (simplification.cpp        : 349)   Graph simplification started
  0:00:01.392    16M / 5G    INFO    General                 (simplification.cpp        :  98)   PROCEDURE == InitialCleaning
  0:00:01.393    16M / 5G    INFO    General                 (graph_simplification.hpp  : 577)   Removing isolated edges
  0:00:01.393    16M / 5G    INFO    General                 (graph_simplification.hpp  : 578)   All isolated edges shorter than 100 will be removed
  0:00:01.393    16M / 5G    INFO    General                 (graph_simplification.hpp  : 579)   Also isolated edges shorter than 0 and coverage smaller than 0 will be removed
  0:00:01.393    16M / 5G    INFO    General                 (graph_simplification.hpp  : 850)   Flanking coverage based disconnection disabled
  0:00:01.393    16M / 5G    INFO    General                 (simplification.cpp        : 326)   Running Self conjugate edge remover
  0:00:01.393    16M / 5G    INFO    General                 (simplification.cpp        : 326)   Running Initial isolated edge remover
  0:00:01.395    16M / 5G    INFO    General                 (simplification.cpp        : 326)   Running Initial tip clipper
  0:00:01.395    16M / 5G    INFO    General                 (simplification.cpp        : 326)   Running Initial ec remover
  0:00:01.395    16M / 5G    INFO    General                 (graph_simplification.hpp  : 763)   Creating parallel br instance
  0:00:01.395    16M / 5G    INFO    General                 (simplification.cpp        : 372)   PROCEDURE == Simplification cycle, iteration 1
  0:00:01.395    16M / 5G    INFO    General                 (simplification.cpp        : 326)   Running Tip clipper
  0:00:01.395    16M / 5G    INFO    General                 (simplification.cpp        : 326)   Running Bulge remover
  0:00:01.396    16M / 5G    INFO    General                 (simplification.cpp        : 326)   Running Low coverage edge remover
  0:00:01.396    16M / 5G    INFO    General                 (simplification.cpp        : 372)   PROCEDURE == Simplification cycle, iteration 2
  0:00:01.396    16M / 5G    INFO    General                 (simplification.cpp        : 326)   Running Tip clipper
  0:00:01.396    16M / 5G    INFO    General                 (simplification.cpp        : 326)   Running Bulge remover
  0:00:01.396    16M / 5G    INFO    General                 (simplification.cpp        : 326)   Running Low coverage edge remover
  0:00:01.396    16M / 5G    INFO    General                 (simplification.cpp        : 372)   PROCEDURE == Simplification cycle, iteration 3
  0:00:01.396    16M / 5G    INFO    General                 (simplification.cpp        : 326)   Running Tip clipper
  0:00:01.396    16M / 5G    INFO    General                 (simplification.cpp        : 326)   Running Bulge remover
  0:00:01.396    16M / 5G    INFO    General                 (simplification.cpp        : 326)   Running Low coverage edge remover
  0:00:01.396    16M / 5G    INFO    General                 (simplification.cpp        : 372)   PROCEDURE == Simplification cycle, iteration 4
  0:00:01.396    16M / 5G    INFO    General                 (simplification.cpp        : 326)   Running Tip clipper
  0:00:01.396    16M / 5G    INFO    General                 (simplification.cpp        : 326)   Running Bulge remover
  0:00:01.397    16M / 5G    INFO    General                 (simplification.cpp        : 326)   Running Low coverage edge remover
  0:00:01.397    16M / 5G    INFO    General                 (simplification.cpp        : 372)   PROCEDURE == Simplification cycle, iteration 5
  0:00:01.397    16M / 5G    INFO    General                 (simplification.cpp        : 326)   Running Tip clipper
  0:00:01.397    16M / 5G    INFO    General                 (simplification.cpp        : 326)   Running Bulge remover
  0:00:01.397    16M / 5G    INFO    General                 (simplification.cpp        : 326)   Running Low coverage edge remover
  0:00:01.397    16M / 5G    INFO    General                 (simplification.cpp        : 372)   PROCEDURE == Simplification cycle, iteration 6
  0:00:01.397    16M / 5G    INFO    General                 (simplification.cpp        : 326)   Running Tip clipper
  0:00:01.397    16M / 5G    INFO    General                 (simplification.cpp        : 326)   Running Bulge remover
  0:00:01.397    16M / 5G    INFO    General                 (simplification.cpp        : 326)   Running Low coverage edge remover
  0:00:01.397    16M / 5G    INFO    General                 (simplification.cpp        : 372)   PROCEDURE == Simplification cycle, iteration 7
  0:00:01.397    16M / 5G    INFO    General                 (simplification.cpp        : 326)   Running Tip clipper
  0:00:01.397    16M / 5G    INFO    General                 (simplification.cpp        : 326)   Running Bulge remover
  0:00:01.397    16M / 5G    INFO    General                 (simplification.cpp        : 326)   Running Low coverage edge remover
  0:00:01.397    16M / 5G    INFO    General                 (simplification.cpp        : 372)   PROCEDURE == Simplification cycle, iteration 8
  0:00:01.397    16M / 5G    INFO    General                 (simplification.cpp        : 326)   Running Tip clipper
  0:00:01.397    16M / 5G    INFO    General                 (simplification.cpp        : 326)   Running Bulge remover
  0:00:01.397    16M / 5G    INFO    General                 (simplification.cpp        : 326)   Running Low coverage edge remover
  0:00:01.397    16M / 5G    INFO    General                 (simplification.cpp        : 372)   PROCEDURE == Simplification cycle, iteration 9
  0:00:01.397    16M / 5G    INFO    General                 (simplification.cpp        : 326)   Running Tip clipper
  0:00:01.397    16M / 5G    INFO    General                 (simplification.cpp        : 326)   Running Bulge remover
  0:00:01.397    16M / 5G    INFO    General                 (simplification.cpp        : 326)   Running Low coverage edge remover
  0:00:01.397    16M / 5G    INFO    General                 (simplification.cpp        : 372)   PROCEDURE == Simplification cycle, iteration 10
  0:00:01.397    16M / 5G    INFO    General                 (simplification.cpp        : 326)   Running Tip clipper
  0:00:01.397    16M / 5G    INFO    General                 (simplification.cpp        : 326)   Running Bulge remover
  0:00:01.397    16M / 5G    INFO    General                 (simplification.cpp        : 326)   Running Low coverage edge remover
  0:00:01.397    16M / 5G    INFO    General                 (simplification.cpp        : 213)   PROCEDURE == Post simplification
  0:00:01.397    16M / 5G    INFO    General                 (graph_simplification.hpp  : 763)   Creating parallel br instance
  0:00:01.398    16M / 5G    INFO    General                 (simplification.cpp        : 268)   Iteration 0
  0:00:01.398    16M / 5G    INFO    General                 (graph_simplification.hpp  : 463)   Removal of relatively low covered connections disabled
  0:00:01.398    16M / 5G    INFO    General                 (graph_simplification.hpp  : 480)   Disconnection of relatively low covered edges disabled
  0:00:01.398    16M / 5G    INFO    General                 (graph_simplification.hpp  : 536)   Complex tip clipping disabled
  0:00:01.398    16M / 5G    INFO    General                 (simplification.cpp        : 326)   Running Tip clipper
  0:00:01.398    16M / 5G    INFO    General                 (simplification.cpp        : 326)   Running Bulge remover
  0:00:01.398    16M / 5G    INFO    General                 (simplification.cpp        : 296)   Disrupting self-conjugate edges
  0:00:01.398    16M / 5G    INFO   StageManager             (stage.cpp                 : 126)   STAGE == Simplification Cleanup
  0:00:01.398    16M / 5G    INFO    General                 (graph_simplification.hpp  : 577)   Removing isolated edges
  0:00:01.398    16M / 5G    INFO    General                 (graph_simplification.hpp  : 578)   All isolated edges shorter than 150 will be removed
  0:00:01.398    16M / 5G    INFO    General                 (graph_simplification.hpp  : 579)   Also isolated edges shorter than 0 and coverage smaller than 2 will be removed
  0:00:01.399    16M / 5G    INFO    General                 (simplification.cpp        : 522)   Counting average coverage
  0:00:01.399    16M / 5G    INFO    General                 (simplification.cpp        : 527)   Average coverage = 2.22086
  0:00:01.399    16M / 5G    WARN    General                 (simplification.cpp        : 530)   The determined erroneous connection coverage threshold may be determined improperly
  0:00:01.399    16M / 5G    INFO   StageManager             (stage.cpp                 : 126)   STAGE == Contig Output
  0:00:01.399    16M / 5G    INFO    General                 (contig_output.hpp         : 309)   Outputting contigs to /Users/cmdb/qbb2016-answers/week2/spades_reads_low//K21/simplified_contigs.fasta
  0:00:01.404    16M / 5G    INFO    General                 (contig_output.hpp         : 309)   Outputting contigs to /Users/cmdb/qbb2016-answers/week2/spades_reads_low//K21/before_rr.fasta
  0:00:01.408    16M / 5G    INFO    General                 (contig_output.hpp         : 342)   Outputting graph to /Users/cmdb/qbb2016-answers/week2/spades_reads_low//K21/assembly_graph.fastg
  0:00:01.416    16M / 5G    INFO    General                 (contig_output.hpp         : 309)   Outputting contigs to /Users/cmdb/qbb2016-answers/week2/spades_reads_low//K21/final_contigs.fasta
  0:00:01.419    16M / 5G    INFO    General                 (launch.hpp                : 121)   SPAdes finished
  0:00:01.420    16M / 5G    INFO    General                 (main.cpp                  : 109)   Assembling time: 0 hours 0 minutes 1 seconds

== Running assembler: K33

  0:00:00.000     4M / 4M    INFO    General                 (main.cpp                  :  75)   Loading config from /Users/cmdb/qbb2016-answers/week2/spades_reads_low/K33/configs/config.info
  0:00:00.000     4M / 4M    INFO    General                 (memory_limit.hpp          :  47)   Memory limit set to 250 Gb
  0:00:00.000     4M / 4M    INFO    General                 (main.cpp                  :  88)   Starting SPAdes, built from N/A, git revision N/A
  0:00:00.000     4M / 4M    INFO    General                 (main.cpp                  :  89)   Maximum k-mer length: 128
  0:00:00.000     4M / 4M    INFO    General                 (main.cpp                  :  90)   Assembling dataset (/Users/cmdb/qbb2016-answers/week2/spades_reads_low/dataset.info) with K=33
  0:00:00.000     4M / 4M    INFO    General                 (launch.hpp                :  29)   SPAdes started
  0:00:00.000     4M / 4M    INFO    General                 (launch.hpp                :  36)   Starting from stage: construction
  0:00:00.000     4M / 4M    INFO    General                 (launch.hpp                :  39)   Two-step RR enabled: 0
  0:00:00.000     4M / 4M    INFO   StageManager             (stage.cpp                 : 126)   STAGE == Construction
  0:00:00.002     4M / 4M    INFO    General                 (read_converter.hpp        :  61)   Binary reads detected
  0:00:00.007     4M / 4M    INFO    General                 (graph_construction.hpp    : 120)   Constructing DeBruijn graph for k=33
  0:00:00.007     4M / 4M    INFO    General                 (kmer_splitters.hpp        : 130)   Splitting kmer instances into 16 buckets. This might take a while.
  0:00:00.007     4M / 4M    INFO    General                 (file_limit.hpp            :  30)   Open file limit set to 256
  0:00:00.007     4M / 4M    INFO    General                 (kmer_index_builder.hpp    : 105)   Memory available for splitting buffers: 20.833 Gb
  0:00:00.007     4M / 4M    INFO    General                 (kmer_index_builder.hpp    : 113)   Using cell size of 2097152
  0:00:00.041     2G / 2G    INFO    General                 (kmer_splitters.hpp        : 160)   Adding contigs from previous K
  0:00:00.065     2G / 2G    INFO    General                 (kmer_splitters.hpp        : 171)   Used 4000 reads. Maximum read length 100
  0:00:00.065     2G / 2G    INFO    General                 (kmer_splitters.hpp        : 172)   Average read length 93.3625
  0:00:00.065     2G / 2G    INFO    General                 (kmer_index_builder.hpp    : 232)   Starting k-mer counting.
  0:00:00.095     2G / 2G    INFO    General                 (kmer_index_builder.hpp    : 238)   K-mer counting done. There are 69054 kmers in total.
  0:00:00.095     2G / 2G    INFO    General                 (kmer_index_builder.hpp    : 240)   Merging temporary buckets.
  0:00:00.178     2G / 2G    INFO   K-mer Index Building     (kmer_index_builder.hpp    : 346)   Building kmer index
  0:00:00.178     2G / 2G    INFO    General                 (kmer_splitters.hpp        : 282)   Splitting kmer instances into 64 buckets. This might take a while.
  0:00:00.178     2G / 2G    INFO    General                 (file_limit.hpp            :  30)   Open file limit set to 256
  0:00:00.178     2G / 2G    INFO    General                 (kmer_index_builder.hpp    : 105)   Memory available for splitting buffers: 20.6445 Gb
  0:00:00.178     2G / 2G    INFO    General                 (kmer_index_builder.hpp    : 113)   Using cell size of 524288
  0:00:00.269     5G / 5G    INFO    General                 (kmer_splitters.hpp        : 301)   Processed 69054 kmers
  0:00:00.269     5G / 5G    INFO    General                 (kmer_splitters.hpp        : 306)   Used 69054 kmers.
  0:00:00.269     5G / 5G    INFO    General                 (kmer_index_builder.hpp    : 232)   Starting k-mer counting.
  0:00:00.298     5G / 5G    INFO    General                 (kmer_index_builder.hpp    : 238)   K-mer counting done. There are 69528 kmers in total.
  0:00:00.298     5G / 5G    INFO    General                 (kmer_index_builder.hpp    : 240)   Merging temporary buckets.
  0:00:00.476     5G / 5G    INFO   K-mer Index Building     (kmer_index_builder.hpp    : 355)   Building perfect hash indices
  0:00:00.487     5G / 5G    INFO    General                 (kmer_index_builder.hpp    : 256)   Merging final buckets.
  0:00:00.513     5G / 5G    INFO   K-mer Index Building     (kmer_index_builder.hpp    : 401)   Index built. Total 22864 bytes occupied (2.63077 bits per kmer).
  0:00:00.513     5G / 5G    INFO   DeBruijnExtensionIndexBu (kmer_extension_index_build:  85)   Building k-mer extensions from k+1-mers
  0:00:00.561     5G / 5G    INFO   DeBruijnExtensionIndexBu (kmer_extension_index_build:  89)   Building k-mer extensions from k+1-mers finished.
  0:00:00.563    16M / 5G    INFO   Early tip clipping       (early_simplification.hpp  : 182)   Early tip clipping
  0:00:00.630    16M / 5G    INFO   Early tip clipping       (early_simplification.hpp  : 185)   112 34-mers were removed by early tip clipper
  0:00:00.630    16M / 5G    INFO    General                 (graph_construction.hpp    : 136)   Condensing graph
  0:00:00.630    16M / 5G    INFO   UnbranchingPathExtractor (debruijn_graph_constructor: 330)   Extracting unbranching paths
  0:00:00.692    16M / 5G    INFO   UnbranchingPathExtractor (debruijn_graph_constructor: 344)   Extracting unbranching paths finished. 980 sequences extracted
  0:00:00.714    16M / 5G    INFO   UnbranchingPathExtractor (debruijn_graph_constructor: 304)   Collecting perfect loops
  0:00:00.737    16M / 5G    INFO   UnbranchingPathExtractor (debruijn_graph_constructor: 319)   Collecting perfect loops finished. 0 loops collected
  0:00:00.739    16M / 5G    INFO    General                 (graph_construction.hpp    : 141)   Building index with from graph
  0:00:00.739    16M / 5G    INFO   K-mer Index Building     (kmer_index_builder.hpp    : 346)   Building kmer index
  0:00:00.739    16M / 5G    INFO    General                 (kmer_splitters.hpp        : 213)   Splitting kmer instances into 16 buckets. This might take a while.
  0:00:00.739    16M / 5G    INFO    General                 (file_limit.hpp            :  30)   Open file limit set to 256
  0:00:00.739    16M / 5G    INFO    General                 (kmer_index_builder.hpp    : 105)   Memory available for splitting buffers: 83.3281 Gb
  0:00:00.739    16M / 5G    INFO    General                 (kmer_index_builder.hpp    : 113)   Using cell size of 2097152
  0:00:00.783   592M / 5G    INFO    General                 (kmer_splitters.hpp        : 229)   Used 980 sequences.
  0:00:00.783   592M / 5G    INFO    General                 (kmer_index_builder.hpp    : 232)   Starting k-mer counting.
  0:00:00.806   592M / 5G    INFO    General                 (kmer_index_builder.hpp    : 238)   K-mer counting done. There are 68942 kmers in total.
  0:00:00.806   592M / 5G    INFO    General                 (kmer_index_builder.hpp    : 240)   Merging temporary buckets.
  0:00:00.884   592M / 5G    INFO   K-mer Index Building     (kmer_index_builder.hpp    : 355)   Building perfect hash indices
  0:00:00.915   592M / 5G    INFO    General                 (kmer_index_builder.hpp    : 256)   Merging final buckets.
  0:00:00.931   592M / 5G    INFO   K-mer Index Building     (kmer_index_builder.hpp    : 401)   Index built. Total 22688 bytes occupied (2.63271 bits per kmer).
  0:00:00.933    16M / 5G    INFO    General                 (edge_index_builders.hpp   :  27)   Collecting k-mer coverage information from graph, this takes a while.
  0:00:00.964    16M / 5G    INFO    General                 (edge_index.hpp            :  91)   Index refilled
  0:00:00.965    16M / 5G    INFO    General                 (graph_construction.hpp    : 173)   Filling coverage index
  0:00:00.965    16M / 5G    INFO    General                 (edge_index_builders.hpp   : 105)   Collecting k-mer coverage information from reads, this takes a while.
  0:00:01.008    16M / 5G    INFO    General                 (graph_construction.hpp    : 175)   Filling coverage and flanking coverage from index
  0:00:01.010    16M / 5G    INFO    General                 (construction.cpp          :  30)   Figured out: read length = 100
  0:00:01.010    16M / 5G    INFO   StageManager             (stage.cpp                 : 126)   STAGE == EC Threshold Finding
  0:00:01.011    16M / 5G    INFO    General                 (kmer_coverage_model.cpp   : 180)   Kmer coverage valley at: 14
  0:00:01.011    16M / 5G    INFO    General                 (kmer_coverage_model.cpp   : 200)   K-mer histogram maximum: 16
  0:00:01.011    16M / 5G    WARN    General                 (kmer_coverage_model.cpp   : 217)   Too many erroneous kmers, the estimates might be unreliable
  0:00:01.011    16M / 5G    INFO    General                 (kmer_coverage_model.cpp   : 236)   Estimated median coverage: 16. Coverage mad: 1.4826
  0:00:01.011    16M / 5G    INFO    General                 (kmer_coverage_model.cpp   : 275)   Fitting coverage model
  0:00:01.014    16M / 5G    INFO    General                 (kmer_coverage_model.cpp   : 311)   ... iteration 2
  0:00:01.021    16M / 5G    INFO    General                 (kmer_coverage_model.cpp   : 311)   ... iteration 4
  0:00:01.035    16M / 5G    INFO    General                 (kmer_coverage_model.cpp   : 311)   ... iteration 8
  0:00:01.054    16M / 5G    INFO    General                 (kmer_coverage_model.cpp   : 325)   Fitted mean coverage: 13.2502. Fitted coverage std. dev: 1.70006
  0:00:01.054    16M / 5G    WARN    General                 (kmer_coverage_model.cpp   : 343)   Valley value was estimated improperly, reset to 5
  0:00:01.054    16M / 5G    INFO    General                 (kmer_coverage_model.cpp   : 350)   Probability of erroneous kmer at valley: 1
  0:00:01.054    16M / 5G    INFO    General                 (kmer_coverage_model.cpp   : 374)   Preliminary threshold calculated as: 14
  0:00:01.054    16M / 5G    INFO    General                 (kmer_coverage_model.cpp   : 378)   Threshold adjusted to: 9
  0:00:01.054    16M / 5G    INFO    General                 (kmer_coverage_model.cpp   : 391)   Estimated genome size (ignoring repeats): 214
  0:00:01.054    16M / 5G    INFO    General                 (genomic_info_filler.cpp   : 133)   Mean coverage was calculated as 13.2502
  0:00:01.054    16M / 5G    INFO    General                 (genomic_info_filler.cpp   : 147)   EC coverage threshold value was calculated as 9
  0:00:01.054    16M / 5G    INFO    General                 (genomic_info_filler.cpp   : 148)   Trusted kmer low bound: 0
  0:00:01.054    16M / 5G    INFO   StageManager             (stage.cpp                 : 126)   STAGE == Simplification
  0:00:01.054    16M / 5G    INFO    General                 (simplification.cpp        : 349)   Graph simplification started
  0:00:01.054    16M / 5G    INFO    General                 (simplification.cpp        :  98)   PROCEDURE == InitialCleaning
  0:00:01.055    16M / 5G    INFO    General                 (graph_simplification.hpp  : 577)   Removing isolated edges
  0:00:01.055    16M / 5G    INFO    General                 (graph_simplification.hpp  : 578)   All isolated edges shorter than 100 will be removed
  0:00:01.055    16M / 5G    INFO    General                 (graph_simplification.hpp  : 579)   Also isolated edges shorter than 0 and coverage smaller than 0 will be removed
  0:00:01.055    16M / 5G    INFO    General                 (graph_simplification.hpp  : 850)   Flanking coverage based disconnection disabled
  0:00:01.055    16M / 5G    INFO    General                 (simplification.cpp        : 326)   Running Self conjugate edge remover
  0:00:01.055    16M / 5G    INFO    General                 (simplification.cpp        : 326)   Running Initial isolated edge remover
  0:00:01.058    16M / 5G    INFO    General                 (simplification.cpp        : 326)   Running Initial tip clipper
  0:00:01.059    16M / 5G    INFO    General                 (simplification.cpp        : 326)   Running Initial ec remover
  0:00:01.059    16M / 5G    INFO    General                 (graph_simplification.hpp  : 763)   Creating parallel br instance
  0:00:01.059    16M / 5G    INFO    General                 (simplification.cpp        : 372)   PROCEDURE == Simplification cycle, iteration 1
  0:00:01.059    16M / 5G    INFO    General                 (simplification.cpp        : 326)   Running Tip clipper
  0:00:01.060    16M / 5G    INFO    General                 (simplification.cpp        : 326)   Running Bulge remover
  0:00:01.061    16M / 5G    INFO    General                 (simplification.cpp        : 326)   Running Low coverage edge remover
  0:00:01.061    16M / 5G    INFO    General                 (simplification.cpp        : 372)   PROCEDURE == Simplification cycle, iteration 2
  0:00:01.061    16M / 5G    INFO    General                 (simplification.cpp        : 326)   Running Tip clipper
  0:00:01.061    16M / 5G    INFO    General                 (simplification.cpp        : 326)   Running Bulge remover
  0:00:01.061    16M / 5G    INFO    General                 (simplification.cpp        : 326)   Running Low coverage edge remover
  0:00:01.062    16M / 5G    INFO    General                 (simplification.cpp        : 372)   PROCEDURE == Simplification cycle, iteration 3
  0:00:01.062    16M / 5G    INFO    General                 (simplification.cpp        : 326)   Running Tip clipper
  0:00:01.062    16M / 5G    INFO    General                 (simplification.cpp        : 326)   Running Bulge remover
  0:00:01.062    16M / 5G    INFO    General                 (simplification.cpp        : 326)   Running Low coverage edge remover
  0:00:01.062    16M / 5G    INFO    General                 (simplification.cpp        : 372)   PROCEDURE == Simplification cycle, iteration 4
  0:00:01.062    16M / 5G    INFO    General                 (simplification.cpp        : 326)   Running Tip clipper
  0:00:01.062    16M / 5G    INFO    General                 (simplification.cpp        : 326)   Running Bulge remover
  0:00:01.062    16M / 5G    INFO    General                 (simplification.cpp        : 326)   Running Low coverage edge remover
  0:00:01.062    16M / 5G    INFO    General                 (simplification.cpp        : 372)   PROCEDURE == Simplification cycle, iteration 5
  0:00:01.062    16M / 5G    INFO    General                 (simplification.cpp        : 326)   Running Tip clipper
  0:00:01.062    16M / 5G    INFO    General                 (simplification.cpp        : 326)   Running Bulge remover
  0:00:01.062    16M / 5G    INFO    General                 (simplification.cpp        : 326)   Running Low coverage edge remover
  0:00:01.062    16M / 5G    INFO    General                 (simplification.cpp        : 372)   PROCEDURE == Simplification cycle, iteration 6
  0:00:01.062    16M / 5G    INFO    General                 (simplification.cpp        : 326)   Running Tip clipper
  0:00:01.062    16M / 5G    INFO    General                 (simplification.cpp        : 326)   Running Bulge remover
  0:00:01.062    16M / 5G    INFO    General                 (simplification.cpp        : 326)   Running Low coverage edge remover
  0:00:01.062    16M / 5G    INFO    General                 (simplification.cpp        : 372)   PROCEDURE == Simplification cycle, iteration 7
  0:00:01.062    16M / 5G    INFO    General                 (simplification.cpp        : 326)   Running Tip clipper
  0:00:01.062    16M / 5G    INFO    General                 (simplification.cpp        : 326)   Running Bulge remover
  0:00:01.062    16M / 5G    INFO    General                 (simplification.cpp        : 326)   Running Low coverage edge remover
  0:00:01.062    16M / 5G    INFO    General                 (simplification.cpp        : 372)   PROCEDURE == Simplification cycle, iteration 8
  0:00:01.062    16M / 5G    INFO    General                 (simplification.cpp        : 326)   Running Tip clipper
  0:00:01.062    16M / 5G    INFO    General                 (simplification.cpp        : 326)   Running Bulge remover
  0:00:01.063    16M / 5G    INFO    General                 (simplification.cpp        : 326)   Running Low coverage edge remover
  0:00:01.063    16M / 5G    INFO    General                 (simplification.cpp        : 372)   PROCEDURE == Simplification cycle, iteration 9
  0:00:01.063    16M / 5G    INFO    General                 (simplification.cpp        : 326)   Running Tip clipper
  0:00:01.063    16M / 5G    INFO    General                 (simplification.cpp        : 326)   Running Bulge remover
  0:00:01.063    16M / 5G    INFO    General                 (simplification.cpp        : 326)   Running Low coverage edge remover
  0:00:01.063    16M / 5G    INFO    General                 (simplification.cpp        : 372)   PROCEDURE == Simplification cycle, iteration 10
  0:00:01.063    16M / 5G    INFO    General                 (simplification.cpp        : 326)   Running Tip clipper
  0:00:01.063    16M / 5G    INFO    General                 (simplification.cpp        : 326)   Running Bulge remover
  0:00:01.063    16M / 5G    INFO    General                 (simplification.cpp        : 326)   Running Low coverage edge remover
  0:00:01.063    16M / 5G    INFO    General                 (simplification.cpp        : 213)   PROCEDURE == Post simplification
  0:00:01.063    16M / 5G    INFO    General                 (graph_simplification.hpp  : 763)   Creating parallel br instance
  0:00:01.063    16M / 5G    INFO    General                 (simplification.cpp        : 268)   Iteration 0
  0:00:01.063    16M / 5G    INFO    General                 (graph_simplification.hpp  : 463)   Removal of relatively low covered connections disabled
  0:00:01.063    16M / 5G    INFO    General                 (graph_simplification.hpp  : 480)   Disconnection of relatively low covered edges disabled
  0:00:01.063    16M / 5G    INFO    General                 (graph_simplification.hpp  : 536)   Complex tip clipping disabled
  0:00:01.063    16M / 5G    INFO    General                 (simplification.cpp        : 326)   Running Tip clipper
  0:00:01.063    16M / 5G    INFO    General                 (simplification.cpp        : 326)   Running Bulge remover
  0:00:01.064    16M / 5G    INFO    General                 (simplification.cpp        : 296)   Disrupting self-conjugate edges
  0:00:01.064    16M / 5G    INFO   StageManager             (stage.cpp                 : 126)   STAGE == Simplification Cleanup
  0:00:01.064    16M / 5G    INFO    General                 (graph_simplification.hpp  : 577)   Removing isolated edges
  0:00:01.064    16M / 5G    INFO    General                 (graph_simplification.hpp  : 578)   All isolated edges shorter than 150 will be removed
  0:00:01.064    16M / 5G    INFO    General                 (graph_simplification.hpp  : 579)   Also isolated edges shorter than 0 and coverage smaller than 2 will be removed
  0:00:01.064    16M / 5G    INFO    General                 (simplification.cpp        : 522)   Counting average coverage
  0:00:01.064    16M / 5G    INFO    General                 (simplification.cpp        : 527)   Average coverage = 1.92171
  0:00:01.064    16M / 5G    WARN    General                 (simplification.cpp        : 530)   The determined erroneous connection coverage threshold may be determined improperly
  0:00:01.064    16M / 5G    INFO   StageManager             (stage.cpp                 : 126)   STAGE == Contig Output
  0:00:01.064    16M / 5G    INFO    General                 (contig_output.hpp         : 309)   Outputting contigs to /Users/cmdb/qbb2016-answers/week2/spades_reads_low//K33/simplified_contigs.fasta
  0:00:01.076    16M / 5G    INFO    General                 (contig_output.hpp         : 309)   Outputting contigs to /Users/cmdb/qbb2016-answers/week2/spades_reads_low//K33/before_rr.fasta
  0:00:01.081    16M / 5G    INFO    General                 (contig_output.hpp         : 342)   Outputting graph to /Users/cmdb/qbb2016-answers/week2/spades_reads_low//K33/assembly_graph.fastg
  0:00:01.088    16M / 5G    INFO    General                 (contig_output.hpp         : 309)   Outputting contigs to /Users/cmdb/qbb2016-answers/week2/spades_reads_low//K33/final_contigs.fasta
  0:00:01.093    16M / 5G    INFO    General                 (launch.hpp                : 121)   SPAdes finished
  0:00:01.094    16M / 5G    INFO    General                 (main.cpp                  : 109)   Assembling time: 0 hours 0 minutes 1 seconds

== Running assembler: K55

  0:00:00.000     4M / 4M    INFO    General                 (main.cpp                  :  75)   Loading config from /Users/cmdb/qbb2016-answers/week2/spades_reads_low/K55/configs/config.info
  0:00:00.000     4M / 4M    INFO    General                 (memory_limit.hpp          :  47)   Memory limit set to 250 Gb
  0:00:00.000     4M / 4M    INFO    General                 (main.cpp                  :  88)   Starting SPAdes, built from N/A, git revision N/A
  0:00:00.000     4M / 4M    INFO    General                 (main.cpp                  :  89)   Maximum k-mer length: 128
  0:00:00.000     4M / 4M    INFO    General                 (main.cpp                  :  90)   Assembling dataset (/Users/cmdb/qbb2016-answers/week2/spades_reads_low/dataset.info) with K=55
  0:00:00.000     4M / 4M    INFO    General                 (launch.hpp                :  29)   SPAdes started
  0:00:00.000     4M / 4M    INFO    General                 (launch.hpp                :  36)   Starting from stage: construction
  0:00:00.000     4M / 4M    INFO    General                 (launch.hpp                :  39)   Two-step RR enabled: 0
  0:00:00.000     4M / 4M    INFO    General                 (launch.hpp                :  58)   Will need read mapping, kmer mapper will be attached
  0:00:00.000     4M / 4M    INFO   StageManager             (stage.cpp                 : 126)   STAGE == Construction
  0:00:00.001     4M / 4M    INFO    General                 (read_converter.hpp        :  61)   Binary reads detected
  0:00:00.005     4M / 4M    INFO    General                 (graph_construction.hpp    : 120)   Constructing DeBruijn graph for k=55
  0:00:00.005     4M / 4M    INFO    General                 (kmer_splitters.hpp        : 130)   Splitting kmer instances into 16 buckets. This might take a while.
  0:00:00.005     4M / 4M    INFO    General                 (file_limit.hpp            :  30)   Open file limit set to 256
  0:00:00.005     4M / 4M    INFO    General                 (kmer_index_builder.hpp    : 105)   Memory available for splitting buffers: 20.833 Gb
  0:00:00.005     4M / 4M    INFO    General                 (kmer_index_builder.hpp    : 113)   Using cell size of 2097152
  0:00:00.031     2G / 2G    INFO    General                 (kmer_splitters.hpp        : 160)   Adding contigs from previous K
  0:00:00.049     2G / 2G    INFO    General                 (kmer_splitters.hpp        : 171)   Used 4000 reads. Maximum read length 100
  0:00:00.049     2G / 2G    INFO    General                 (kmer_splitters.hpp        : 172)   Average read length 93.3625
  0:00:00.049     2G / 2G    INFO    General                 (kmer_index_builder.hpp    : 232)   Starting k-mer counting.
  0:00:00.074     2G / 2G    INFO    General                 (kmer_index_builder.hpp    : 238)   K-mer counting done. There are 58403 kmers in total.
  0:00:00.074     2G / 2G    INFO    General                 (kmer_index_builder.hpp    : 240)   Merging temporary buckets.
  0:00:00.153     2G / 2G    INFO   K-mer Index Building     (kmer_index_builder.hpp    : 346)   Building kmer index
  0:00:00.153     2G / 2G    INFO    General                 (kmer_splitters.hpp        : 282)   Splitting kmer instances into 64 buckets. This might take a while.
  0:00:00.153     2G / 2G    INFO    General                 (file_limit.hpp            :  30)   Open file limit set to 256
  0:00:00.153     2G / 2G    INFO    General                 (kmer_index_builder.hpp    : 105)   Memory available for splitting buffers: 20.6445 Gb
  0:00:00.153     2G / 2G    INFO    General                 (kmer_index_builder.hpp    : 113)   Using cell size of 524288
  0:00:00.244     5G / 5G    INFO    General                 (kmer_splitters.hpp        : 301)   Processed 58403 kmers
  0:00:00.244     5G / 5G    INFO    General                 (kmer_splitters.hpp        : 306)   Used 58403 kmers.
  0:00:00.245     5G / 5G    INFO    General                 (kmer_index_builder.hpp    : 232)   Starting k-mer counting.
  0:00:00.275     5G / 5G    INFO    General                 (kmer_index_builder.hpp    : 238)   K-mer counting done. There are 58889 kmers in total.
  0:00:00.275     5G / 5G    INFO    General                 (kmer_index_builder.hpp    : 240)   Merging temporary buckets.
  0:00:00.444     5G / 5G    INFO   K-mer Index Building     (kmer_index_builder.hpp    : 355)   Building perfect hash indices
  0:00:00.454     5G / 5G    INFO    General                 (kmer_index_builder.hpp    : 256)   Merging final buckets.
  0:00:00.465     5G / 5G    INFO   K-mer Index Building     (kmer_index_builder.hpp    : 401)   Index built. Total 19336 bytes occupied (2.62677 bits per kmer).
  0:00:00.465     5G / 5G    INFO   DeBruijnExtensionIndexBu (kmer_extension_index_build:  85)   Building k-mer extensions from k+1-mers
  0:00:00.509     5G / 5G    INFO   DeBruijnExtensionIndexBu (kmer_extension_index_build:  89)   Building k-mer extensions from k+1-mers finished.
  0:00:00.511    16M / 5G    INFO    General                 (graph_construction.hpp    : 136)   Condensing graph
  0:00:00.511    16M / 5G    INFO   UnbranchingPathExtractor (debruijn_graph_constructor: 330)   Extracting unbranching paths
  0:00:00.562    16M / 5G    INFO   UnbranchingPathExtractor (debruijn_graph_constructor: 344)   Extracting unbranching paths finished. 1032 sequences extracted
  0:00:00.582    16M / 5G    INFO   UnbranchingPathExtractor (debruijn_graph_constructor: 304)   Collecting perfect loops
  0:00:00.602    16M / 5G    INFO   UnbranchingPathExtractor (debruijn_graph_constructor: 319)   Collecting perfect loops finished. 0 loops collected
  0:00:00.604    16M / 5G    INFO    General                 (graph_construction.hpp    : 141)   Building index with from graph
  0:00:00.604    16M / 5G    INFO   K-mer Index Building     (kmer_index_builder.hpp    : 346)   Building kmer index
  0:00:00.604    16M / 5G    INFO    General                 (kmer_splitters.hpp        : 213)   Splitting kmer instances into 16 buckets. This might take a while.
  0:00:00.605    16M / 5G    INFO    General                 (file_limit.hpp            :  30)   Open file limit set to 256
  0:00:00.605    16M / 5G    INFO    General                 (kmer_index_builder.hpp    : 105)   Memory available for splitting buffers: 83.3281 Gb
  0:00:00.605    16M / 5G    INFO    General                 (kmer_index_builder.hpp    : 113)   Using cell size of 2097152
  0:00:00.627   592M / 5G    INFO    General                 (kmer_splitters.hpp        : 224)   Processed 1032 edges
  0:00:00.627   592M / 5G    INFO    General                 (kmer_splitters.hpp        : 229)   Used 1032 sequences.
  0:00:00.627   592M / 5G    INFO    General                 (kmer_index_builder.hpp    : 232)   Starting k-mer counting.
  0:00:00.648   592M / 5G    INFO    General                 (kmer_index_builder.hpp    : 238)   K-mer counting done. There are 58403 kmers in total.
  0:00:00.648   592M / 5G    INFO    General                 (kmer_index_builder.hpp    : 240)   Merging temporary buckets.
  0:00:00.721   592M / 5G    INFO   K-mer Index Building     (kmer_index_builder.hpp    : 355)   Building perfect hash indices
  0:00:00.747   592M / 5G    INFO    General                 (kmer_index_builder.hpp    : 256)   Merging final buckets.
  0:00:00.764   592M / 5G    INFO   K-mer Index Building     (kmer_index_builder.hpp    : 401)   Index built. Total 19184 bytes occupied (2.62781 bits per kmer).
  0:00:00.766    16M / 5G    INFO    General                 (edge_index_builders.hpp   :  27)   Collecting k-mer coverage information from graph, this takes a while.
  0:00:00.797    16M / 5G    INFO    General                 (edge_index.hpp            :  91)   Index refilled
  0:00:00.798    16M / 5G    INFO    General                 (graph_construction.hpp    : 173)   Filling coverage index
  0:00:00.798    16M / 5G    INFO    General                 (edge_index_builders.hpp   : 105)   Collecting k-mer coverage information from reads, this takes a while.
  0:00:00.834    16M / 5G    INFO    General                 (graph_construction.hpp    : 175)   Filling coverage and flanking coverage from index
  0:00:00.835    16M / 5G    INFO    General                 (construction.cpp          :  30)   Figured out: read length = 100
  0:00:00.835    16M / 5G    INFO   StageManager             (stage.cpp                 : 126)   STAGE == EC Threshold Finding
  0:00:00.836    16M / 5G    INFO    General                 (kmer_coverage_model.cpp   : 180)   Kmer coverage valley at: 10
  0:00:00.836    16M / 5G    INFO    General                 (kmer_coverage_model.cpp   : 200)   K-mer histogram maximum: 11
  0:00:00.836    16M / 5G    WARN    General                 (kmer_coverage_model.cpp   : 217)   Too many erroneous kmers, the estimates might be unreliable
  0:00:00.836    16M / 5G    INFO    General                 (kmer_coverage_model.cpp   : 236)   Estimated median coverage: 11. Coverage mad: 10.9953
  0:00:00.836    16M / 5G    INFO    General                 (kmer_coverage_model.cpp   : 275)   Fitting coverage model
  0:00:00.838    16M / 5G    INFO    General                 (kmer_coverage_model.cpp   : 311)   ... iteration 2
  0:00:00.843    16M / 5G    INFO    General                 (kmer_coverage_model.cpp   : 311)   ... iteration 4
  0:00:00.859    16M / 5G    INFO    General                 (kmer_coverage_model.cpp   : 311)   ... iteration 8
  0:00:00.888    16M / 5G    INFO    General                 (kmer_coverage_model.cpp   : 311)   ... iteration 16
  0:00:00.915    16M / 5G    INFO    General                 (kmer_coverage_model.cpp   : 325)   Fitted mean coverage: 8.58792. Fitted coverage std. dev: 1.1997
  0:00:00.915    16M / 5G    WARN    General                 (kmer_coverage_model.cpp   : 343)   Valley value was estimated improperly, reset to 3
  0:00:00.915    16M / 5G    INFO    General                 (kmer_coverage_model.cpp   : 350)   Probability of erroneous kmer at valley: 1
  0:00:00.915    16M / 5G    WARN    General                 (kmer_coverage_model.cpp   : 382)   Failed to determine erroneous kmer threshold. Threshold set to: 3
  0:00:00.915    16M / 5G    INFO    General                 (kmer_coverage_model.cpp   : 391)   Estimated genome size (ignoring repeats): 4820
  0:00:00.915    16M / 5G    INFO    General                 (genomic_info_filler.cpp   : 135)   Failed to estimate mean coverage
  0:00:00.915    16M / 5G    INFO    General                 (genomic_info_filler.cpp   : 147)   EC coverage threshold value was calculated as 3
  0:00:00.915    16M / 5G    INFO    General                 (genomic_info_filler.cpp   : 148)   Trusted kmer low bound: 0
  0:00:00.915    16M / 5G    INFO   StageManager             (stage.cpp                 : 126)   STAGE == Gap Closer
  0:00:00.917    16M / 5G    INFO    General                 (gap_closer.cpp            : 162)   Preparing shift maps
  0:00:00.919    16M / 5G    INFO    General                 (gap_closer.cpp            : 122)   Processing paired reads (takes a while)
  0:00:00.927    16M / 5G    INFO    General                 (gap_closer.cpp            : 141)   Used 1000 paired reads
  0:00:00.927    16M / 5G    INFO    General                 (gap_closer.cpp            : 143)   Merging paired indices
  0:00:00.929    16M / 5G    INFO   GapCloser                (gap_closer.cpp            : 402)   Closing short gaps
  0:00:00.934    16M / 5G    INFO   GapCloser                (gap_closer.cpp            : 436)   Closing short gaps complete: filled 18 gaps after checking 113 candidates
  0:00:00.954    16M / 5G    INFO   StageManager             (stage.cpp                 : 126)   STAGE == Simplification
  0:00:00.954    16M / 5G    INFO    General                 (simplification.cpp        : 349)   Graph simplification started
  0:00:00.954    16M / 5G    INFO    General                 (simplification.cpp        :  98)   PROCEDURE == InitialCleaning
  0:00:00.954    16M / 5G    INFO    General                 (simplification.cpp        :  77)   Most init cleaning disabled since detected mean 0 was less than activation coverage 10
  0:00:00.954    16M / 5G    INFO    General                 (simplification.cpp        : 326)   Running Self conjugate edge remover
  0:00:00.955    16M / 5G    INFO    General                 (graph_simplification.hpp  : 763)   Creating parallel br instance
  0:00:00.955    16M / 5G    INFO    General                 (simplification.cpp        : 372)   PROCEDURE == Simplification cycle, iteration 1
  0:00:00.955    16M / 5G    INFO    General                 (simplification.cpp        : 326)   Running Tip clipper
  0:00:00.956    16M / 5G    INFO    General                 (simplification.cpp        : 326)   Running Bulge remover
  0:00:00.956    16M / 5G    INFO    General                 (simplification.cpp        : 326)   Running Low coverage edge remover
  0:00:00.956    16M / 5G    INFO    General                 (simplification.cpp        : 372)   PROCEDURE == Simplification cycle, iteration 2
  0:00:00.956    16M / 5G    INFO    General                 (simplification.cpp        : 326)   Running Tip clipper
  0:00:00.956    16M / 5G    INFO    General                 (simplification.cpp        : 326)   Running Bulge remover
  0:00:00.956    16M / 5G    INFO    General                 (simplification.cpp        : 326)   Running Low coverage edge remover
  0:00:00.956    16M / 5G    INFO    General                 (simplification.cpp        : 372)   PROCEDURE == Simplification cycle, iteration 3
  0:00:00.956    16M / 5G    INFO    General                 (simplification.cpp        : 326)   Running Tip clipper
  0:00:00.956    16M / 5G    INFO    General                 (simplification.cpp        : 326)   Running Bulge remover
  0:00:00.956    16M / 5G    INFO    General                 (simplification.cpp        : 326)   Running Low coverage edge remover
  0:00:00.956    16M / 5G    INFO    General                 (simplification.cpp        : 372)   PROCEDURE == Simplification cycle, iteration 4
  0:00:00.956    16M / 5G    INFO    General                 (simplification.cpp        : 326)   Running Tip clipper
  0:00:00.956    16M / 5G    INFO    General                 (simplification.cpp        : 326)   Running Bulge remover
  0:00:00.957    16M / 5G    INFO    General                 (simplification.cpp        : 326)   Running Low coverage edge remover
  0:00:00.957    16M / 5G    INFO    General                 (simplification.cpp        : 372)   PROCEDURE == Simplification cycle, iteration 5
  0:00:00.957    16M / 5G    INFO    General                 (simplification.cpp        : 326)   Running Tip clipper
  0:00:00.957    16M / 5G    INFO    General                 (simplification.cpp        : 326)   Running Bulge remover
  0:00:00.957    16M / 5G    INFO    General                 (simplification.cpp        : 326)   Running Low coverage edge remover
  0:00:00.957    16M / 5G    INFO    General                 (simplification.cpp        : 372)   PROCEDURE == Simplification cycle, iteration 6
  0:00:00.957    16M / 5G    INFO    General                 (simplification.cpp        : 326)   Running Tip clipper
  0:00:00.957    16M / 5G    INFO    General                 (simplification.cpp        : 326)   Running Bulge remover
  0:00:00.957    16M / 5G    INFO    General                 (simplification.cpp        : 326)   Running Low coverage edge remover
  0:00:00.957    16M / 5G    INFO    General                 (simplification.cpp        : 372)   PROCEDURE == Simplification cycle, iteration 7
  0:00:00.957    16M / 5G    INFO    General                 (simplification.cpp        : 326)   Running Tip clipper
  0:00:00.957    16M / 5G    INFO    General                 (simplification.cpp        : 326)   Running Bulge remover
  0:00:00.957    16M / 5G    INFO    General                 (simplification.cpp        : 326)   Running Low coverage edge remover
  0:00:00.957    16M / 5G    INFO    General                 (simplification.cpp        : 372)   PROCEDURE == Simplification cycle, iteration 8
  0:00:00.957    16M / 5G    INFO    General                 (simplification.cpp        : 326)   Running Tip clipper
  0:00:00.957    16M / 5G    INFO    General                 (simplification.cpp        : 326)   Running Bulge remover
  0:00:00.957    16M / 5G    INFO    General                 (simplification.cpp        : 326)   Running Low coverage edge remover
  0:00:00.957    16M / 5G    INFO    General                 (simplification.cpp        : 372)   PROCEDURE == Simplification cycle, iteration 9
  0:00:00.957    16M / 5G    INFO    General                 (simplification.cpp        : 326)   Running Tip clipper
  0:00:00.957    16M / 5G    INFO    General                 (simplification.cpp        : 326)   Running Bulge remover
  0:00:00.957    16M / 5G    INFO    General                 (simplification.cpp        : 326)   Running Low coverage edge remover
  0:00:00.957    16M / 5G    INFO    General                 (simplification.cpp        : 372)   PROCEDURE == Simplification cycle, iteration 10
  0:00:00.957    16M / 5G    INFO    General                 (simplification.cpp        : 326)   Running Tip clipper
  0:00:00.957    16M / 5G    INFO    General                 (simplification.cpp        : 326)   Running Bulge remover
  0:00:00.957    16M / 5G    INFO    General                 (simplification.cpp        : 326)   Running Low coverage edge remover
  0:00:00.957    16M / 5G    INFO    General                 (simplification.cpp        : 213)   PROCEDURE == Post simplification
  0:00:00.957    16M / 5G    INFO    General                 (graph_simplification.hpp  : 763)   Creating parallel br instance
  0:00:00.957    16M / 5G    INFO    General                 (simplification.cpp        : 268)   Iteration 0
  0:00:00.957    16M / 5G    INFO    General                 (graph_simplification.hpp  : 463)   Removal of relatively low covered connections disabled
  0:00:00.957    16M / 5G    INFO    General                 (graph_simplification.hpp  : 480)   Disconnection of relatively low covered edges disabled
  0:00:00.957    16M / 5G    INFO    General                 (graph_simplification.hpp  : 536)   Complex tip clipping disabled
  0:00:00.957    16M / 5G    INFO    General                 (simplification.cpp        : 326)   Running Tip clipper
  0:00:00.958    16M / 5G    INFO    General                 (simplification.cpp        : 326)   Running Bulge remover
  0:00:00.958    16M / 5G    INFO    General                 (simplification.cpp        : 296)   Disrupting self-conjugate edges
  0:00:00.958    16M / 5G    INFO   StageManager             (stage.cpp                 : 126)   STAGE == Gap Closer
  0:00:00.958    16M / 5G    INFO    General                 (graph_pack.hpp            :  91)   Index refill
  0:00:00.959    16M / 5G    INFO   K-mer Index Building     (kmer_index_builder.hpp    : 346)   Building kmer index
  0:00:00.959    16M / 5G    INFO    General                 (kmer_splitters.hpp        : 213)   Splitting kmer instances into 16 buckets. This might take a while.
  0:00:00.959    16M / 5G    INFO    General                 (file_limit.hpp            :  30)   Open file limit set to 256
  0:00:00.959    16M / 5G    INFO    General                 (kmer_index_builder.hpp    : 105)   Memory available for splitting buffers: 83.3281 Gb
  0:00:00.959    16M / 5G    INFO    General                 (kmer_index_builder.hpp    : 113)   Using cell size of 2097152
  0:00:00.997   592M / 5G    INFO    General                 (kmer_splitters.hpp        : 229)   Used 936 sequences.
  0:00:00.997   592M / 5G    INFO    General                 (kmer_index_builder.hpp    : 232)   Starting k-mer counting.
  0:00:01.023   592M / 5G    INFO    General                 (kmer_index_builder.hpp    : 238)   K-mer counting done. There are 58830 kmers in total.
  0:00:01.023   592M / 5G    INFO    General                 (kmer_index_builder.hpp    : 240)   Merging temporary buckets.
  0:00:01.100   592M / 5G    INFO   K-mer Index Building     (kmer_index_builder.hpp    : 355)   Building perfect hash indices
  0:00:01.132   592M / 5G    INFO    General                 (kmer_index_builder.hpp    : 256)   Merging final buckets.
  0:00:01.152   592M / 5G    INFO   K-mer Index Building     (kmer_index_builder.hpp    : 401)   Index built. Total 19320 bytes occupied (2.62723 bits per kmer).
  0:00:01.153    16M / 5G    INFO    General                 (edge_index_builders.hpp   :  27)   Collecting k-mer coverage information from graph, this takes a while.
  0:00:01.183    16M / 5G    INFO    General                 (edge_index.hpp            :  91)   Index refilled
  0:00:01.185    16M / 5G    INFO    General                 (gap_closer.cpp            : 162)   Preparing shift maps
  0:00:01.185    16M / 5G    INFO    General                 (gap_closer.cpp            : 122)   Processing paired reads (takes a while)
  0:00:01.192    16M / 5G    INFO    General                 (gap_closer.cpp            : 141)   Used 1000 paired reads
  0:00:01.192    16M / 5G    INFO    General                 (gap_closer.cpp            : 143)   Merging paired indices
  0:00:01.195    16M / 5G    INFO   GapCloser                (gap_closer.cpp            : 402)   Closing short gaps
  0:00:01.198    16M / 5G    INFO   GapCloser                (gap_closer.cpp            : 436)   Closing short gaps complete: filled 0 gaps after checking 94 candidates
  0:00:01.199    16M / 5G    INFO   StageManager             (stage.cpp                 : 126)   STAGE == Simplification Cleanup
  0:00:01.199    16M / 5G    INFO    General                 (graph_simplification.hpp  : 577)   Removing isolated edges
  0:00:01.199    16M / 5G    INFO    General                 (graph_simplification.hpp  : 578)   All isolated edges shorter than 150 will be removed
  0:00:01.199    16M / 5G    INFO    General                 (graph_simplification.hpp  : 579)   Also isolated edges shorter than 0 and coverage smaller than 2 will be removed
  0:00:01.220    16M / 5G    INFO    General                 (simplification.cpp        : 522)   Counting average coverage
  0:00:01.220    16M / 5G    INFO    General                 (simplification.cpp        : 527)   Average coverage = 1.32514
  0:00:01.220    16M / 5G    WARN    General                 (simplification.cpp        : 530)   The determined erroneous connection coverage threshold may be determined improperly
  0:00:01.220    16M / 5G    INFO   StageManager             (stage.cpp                 : 126)   STAGE == Mismatch Correction
  0:00:01.220    16M / 5G    INFO    General                 (graph_pack.hpp            : 100)   Normalizing k-mer map. Total 0 kmers to process
  0:00:01.220    16M / 5G    INFO    General                 (graph_pack.hpp            : 102)   Normalizing done
  0:00:01.243    16M / 5G    INFO    General                 (mismatch_shall_not_pass.hp: 188)   Finished collecting potential mismatches positions
  0:00:01.243    16M / 5G    INFO    General                 (mismatch_shall_not_pass.hp: 291)   All edges processed
  0:00:01.243    16M / 5G    INFO    General                 (mismatch_correction.cpp   :  26)   Corrected 0 nucleotides
  0:00:01.243    16M / 5G    INFO   StageManager             (stage.cpp                 : 126)   STAGE == Paired Information Counting
  0:00:01.244    16M / 5G    INFO    General                 (graph_pack.hpp            : 100)   Normalizing k-mer map. Total 0 kmers to process
  0:00:01.244    16M / 5G    INFO    General                 (graph_pack.hpp            : 102)   Normalizing done
  0:00:01.244    16M / 5G    INFO    General                 (pair_info_count.cpp       : 173)   Min edge length for estimation: 330
  0:00:01.244    16M / 5G    INFO    General                 (pair_info_count.cpp       : 187)   Estimating insert size for library #0
  0:00:01.244    16M / 5G    INFO    General                 (pair_info_count.cpp       :  23)   Estimating insert size (takes a while)
  0:00:01.246    16M / 5G    INFO    General                 (short_read_mapper.hpp     :  93)   Selecting usual mapper
  0:00:01.255    16M / 5G    INFO    General                 (sequence_mapper_notifier.h:  94)   Total 1000 reads processed
  0:00:01.255    16M / 5G    INFO    General                 (pair_info_count.cpp       :  36)   337 paired reads (33.7% of all) aligned to long edges
  0:00:01.255    16M / 5G    INFO    General                 (pair_info_count.cpp       : 209)     Insert size = 215.595, deviation = 10.4424, left quantile = 202, right quantile = 229, read length = 100
  0:00:01.255    16M / 5G    INFO    General                 (pair_info_count.cpp       : 231)   Mapping library #0
  0:00:01.255    16M / 5G    INFO    General                 (pair_info_count.cpp       : 243)   Mapping paired reads (takes a while)
  0:00:01.255    16M / 5G    INFO    General                 (pair_info_count.cpp       :  87)   Left insert size qauntile 202, right insert size quantile 229
  0:00:01.256    16M / 5G    INFO    General                 (short_read_mapper.hpp     :  93)   Selecting usual mapper
  0:00:01.282    16M / 5G    INFO    General                 (sequence_mapper_notifier.h:  94)   Total 1000 reads processed
  0:00:01.285    16M / 5G    INFO    General                 (split_graph_pair_info.hpp : 356)   Threshold for paired information 0.0290256
  0:00:01.287    16M / 5G    INFO   StageManager             (stage.cpp                 : 126)   STAGE == Distance Estimation
  0:00:01.287    16M / 5G    INFO    General                 (distance_estimation.cpp   : 226)   Processing library #0
  0:00:01.287    16M / 5G    INFO    General                 (distance_estimation.cpp   : 132)   Weight Filter Done
  0:00:01.295    16M / 5G    INFO   DistanceEstimator        (distance_estimation.hpp   : 185)   Using SIMPLE distance estimator
  0:00:01.298    16M / 5G    INFO    General                 (distance_estimation.cpp   :  35)   Filtering info
  0:00:01.298    16M / 5G    INFO    General                 (pair_info_filters.hpp     : 242)   Start filtering; index size: 256
  0:00:01.299    16M / 5G    INFO    General                 (pair_info_filters.hpp     : 263)   Done filtering
  0:00:01.299    16M / 5G    INFO    General                 (distance_estimation.cpp   : 174)   Refining clustered pair information
  0:00:01.300    16M / 5G    INFO    General                 (distance_estimation.cpp   : 176)   The refining of clustered pair information has been finished
  0:00:01.300    16M / 5G    INFO    General                 (distance_estimation.cpp   : 178)   Improving paired information
  0:00:01.303    16M / 5G    INFO   PairInfoImprover         (pair_info_improver.hpp    : 103)   Paired info stats: missing = 0; contradictional = 0
  0:00:01.305    16M / 5G    INFO   PairInfoImprover         (pair_info_improver.hpp    : 103)   Paired info stats: missing = 0; contradictional = 0
  0:00:01.305    16M / 5G    INFO    General                 (distance_estimation.cpp   : 185)   Filling scaffolding index
  0:00:01.305    16M / 5G    INFO   DistanceEstimator        (distance_estimation.hpp   : 185)   Using SMOOTHING distance estimator
  0:00:01.306    16M / 5G    INFO    General                 (distance_estimation.cpp   :  35)   Filtering info
  0:00:01.306    16M / 5G    INFO    General                 (pair_info_filters.hpp     : 242)   Start filtering; index size: 256
  0:00:01.306    16M / 5G    INFO    General                 (pair_info_filters.hpp     : 263)   Done filtering
  0:00:01.306    16M / 5G    INFO    General                 (distance_estimation.cpp   : 230)   Clearing raw paired index
  0:00:01.307    16M / 5G    INFO   StageManager             (stage.cpp                 : 126)   STAGE == Repeat Resolving
  0:00:01.307    16M / 5G    INFO    General                 (contig_output.hpp         : 309)   Outputting contigs to /Users/cmdb/qbb2016-answers/week2/spades_reads_low//K55/before_rr.fasta
  0:00:01.311    16M / 5G    INFO    General                 (contig_output.hpp         : 342)   Outputting graph to /Users/cmdb/qbb2016-answers/week2/spades_reads_low//K55/assembly_graph.fastg
  0:00:01.318    16M / 5G    INFO    General                 (repeat_resolving.cpp      :  78)   Using Path-Extend repeat resolving
  0:00:01.318    16M / 5G    INFO    General                 (path_extend_launch.hpp    :1056)   ExSPAnder repeat resolving tool started
  0:00:01.319    16M / 5G    INFO    General                 (path_extend_launch.hpp    :1094)   SUBSTAGE = paired-end libraries
  0:00:01.319    16M / 5G    INFO    General                 (path_extend_launch.hpp    : 465)   Threshold for lib #0: 0.0290256
  0:00:01.319    16M / 5G    INFO    General                 (path_extend_launch.hpp    : 465)   Threshold for lib #0: 0.0290256
  0:00:01.319    16M / 5G    INFO    General                 (path_extend_launch.hpp    : 874)   Using 1 paired-end library
  0:00:01.319    16M / 5G    INFO    General                 (path_extend_launch.hpp    : 875)   Using 1 paired-end scaffolding library
  0:00:01.319    16M / 5G    INFO    General                 (path_extend_launch.hpp    : 876)   Using 0 mate-pair libraries
  0:00:01.319    16M / 5G    INFO    General                 (path_extend_launch.hpp    : 877)   Using 0 single read libraries
  0:00:01.319    16M / 5G    INFO    General                 (path_extend_launch.hpp    : 878)   Scaffolder is on
  0:00:01.322    16M / 5G    INFO    General                 (path_extend_launch.hpp    :1115)   Growing paths using paired-end and long single reads
  0:00:01.322    16M / 5G    INFO    General                 (path_extend_launch.hpp    :1116)   Multi path extend is off
  0:00:01.323    16M / 5G    INFO    General                 (path_extend_launch.hpp    :1117)   Overlap removal is on
  0:00:01.323    16M / 5G    INFO   PathExtender             (path_extender.hpp         : 952)   Processed 0 paths from 128 (0%)
  0:00:01.323    16M / 5G    INFO   PathExtender             (path_extender.hpp         : 952)   Processed 13 paths from 128 (10%)
  0:00:01.324    16M / 5G    INFO   PathExtender             (path_extender.hpp         : 952)   Processed 26 paths from 128 (20%)
  0:00:01.325    16M / 5G    INFO   PathExtender             (path_extender.hpp         : 952)   Processed 39 paths from 128 (30%)
  0:00:01.325    16M / 5G    INFO   PathExtender             (path_extender.hpp         : 952)   Processed 52 paths from 128 (40%)
  0:00:01.326    16M / 5G    INFO   PathExtender             (path_extender.hpp         : 952)   Processed 65 paths from 128 (50%)
  0:00:01.327    16M / 5G    INFO   PathExtender             (path_extender.hpp         : 952)   Processed 78 paths from 128 (60%)
  0:00:01.327    16M / 5G    INFO   PathExtender             (path_extender.hpp         : 952)   Processed 91 paths from 128 (71%)
  0:00:01.327    16M / 5G    INFO   PathExtender             (path_extender.hpp         : 952)   Processed 104 paths from 128 (81%)
  0:00:01.328    16M / 5G    INFO   PathExtender             (path_extender.hpp         : 952)   Processed 117 paths from 128 (91%)
  0:00:01.329    16M / 5G    INFO    General                 (path_extend_launch.hpp    : 465)   Threshold for lib #0: 0.0290256
  0:00:01.329    16M / 5G    INFO    General                 (path_extend_launch.hpp    : 465)   Threshold for lib #0: 0.0290256
  0:00:01.330    16M / 5G    INFO    General                 (path_extend_launch.hpp    : 874)   Using 1 paired-end library
  0:00:01.330    16M / 5G    INFO    General                 (path_extend_launch.hpp    : 875)   Using 1 paired-end scaffolding library
  0:00:01.330    16M / 5G    INFO    General                 (path_extend_launch.hpp    : 876)   Using 0 mate-pair libraries
  0:00:01.330    16M / 5G    INFO    General                 (path_extend_launch.hpp    : 877)   Using 0 single read libraries
  0:00:01.330    16M / 5G    INFO    General                 (path_extend_launch.hpp    : 878)   Scaffolder is on
  0:00:01.333    20M / 5G    INFO   PathExtendIO             (pe_io.hpp                 : 214)   Writing contigs to /Users/cmdb/qbb2016-answers/week2/spades_reads_low//K55/final_contigs
  0:00:01.340    16M / 5G    INFO    General                 (path_extend_launch.hpp    : 263)   Traversing tandem repeats
  0:00:01.344    16M / 5G    INFO   PathExtendIO             (pe_io.hpp                 : 214)   Writing contigs to /Users/cmdb/qbb2016-answers/week2/spades_reads_low//K55/scaffolds
  0:00:01.351    16M / 5G    INFO    General                 (launch.hpp                : 121)   SPAdes finished
  0:00:01.353    16M / 5G    INFO    General                 (main.cpp                  : 109)   Assembling time: 0 hours 0 minutes 1 seconds

===== Assembling finished. Used k-mer sizes: 21, 33, 55 

 * Assembled contigs are in /Users/cmdb/qbb2016-answers/week2/spades_reads_low/contigs.fasta
 * Assembled scaffolds are in /Users/cmdb/qbb2016-answers/week2/spades_reads_low/scaffolds.fasta
 * Assembly graph is in /Users/cmdb/qbb2016-answers/week2/spades_reads_low/assembly_graph.fastg
 * Paths in the assembly graph corresponding to the contigs are in /Users/cmdb/qbb2016-answers/week2/spades_reads_low/contigs.paths
 * Paths in the assembly graph corresponding to the scaffolds are in /Users/cmdb/qbb2016-answers/week2/spades_reads_low/scaffolds.paths

======= SPAdes pipeline finished WITH WARNINGS!

=== Error correction and assembling warnings:
 * 0:00:01.335    16M / 5G    WARN    General                 (kmer_coverage_model.cpp   : 217)   Too many erroneous kmers, the estimates might be unreliable
 * 0:00:01.399    16M / 5G    WARN    General                 (simplification.cpp        : 530)   The determined erroneous connection coverage threshold may be determined improperly
 * 0:00:01.054    16M / 5G    WARN    General                 (kmer_coverage_model.cpp   : 343)   Valley value was estimated improperly, reset to 5
 * 0:00:00.915    16M / 5G    WARN    General                 (kmer_coverage_model.cpp   : 343)   Valley value was estimated improperly, reset to 3
 * 0:00:00.915    16M / 5G    WARN    General                 (kmer_coverage_model.cpp   : 382)   Failed to determine erroneous kmer threshold. Threshold set to: 3
======= Warnings saved to /Users/cmdb/qbb2016-answers/week2/spades_reads_low/warnings.log

SPAdes log can be found here: /Users/cmdb/qbb2016-answers/week2/spades_reads_low/spades.log

Thank you for using SPAdes!
