Aligning contigs to reference...
	Aligning contigs to the reference 
Parsing coords...
Loading reference...
	Loaded [U00096.2__Escherichia_coli_K-12_MG1655_complete_genome__4639675_bp_]
Loading SNPs...
	Total Regions: 1
	Total Region Length: 4639675
Analyzing contigs...
CONTIG: NODE_9_length_512_cov_2.654297 (542bp)
Top Length: 542  Top ID: 100.0
		One align captures most of this contig: 8474 9015 | 542 1 | 542 542 | 100.0 | U00096.2__Escherichia_coli_K-12_MG1655_complete_genome__4639675_bp_ NODE_9_length_512_cov_2.654297

CONTIG: NODE_10_length_649_cov_3.714946 (679bp)
Top Length: 679  Top ID: 100.0
		One align captures most of this contig: 77926 78604 | 679 1 | 679 679 | 100.0 | U00096.2__Escherichia_coli_K-12_MG1655_complete_genome__4639675_bp_ NODE_10_length_649_cov_3.714946

CONTIG: NODE_12_length_968_cov_1.780992 (998bp)
Top Length: 998  Top ID: 100.0
		One align captures most of this contig: 61790 62787 | 998 1 | 998 998 | 100.0 | U00096.2__Escherichia_coli_K-12_MG1655_complete_genome__4639675_bp_ NODE_12_length_968_cov_1.780992

CONTIG: NODE_28_length_946_cov_2.979915 (976bp)
Top Length: 976  Top ID: 100.0
		This contig has 3 significant alignments. [An ambiguously mapped contig]
		Using only first of these alignment (option --ambiguity-usage is set to "one"):
			Alignment: 2512285 2513260 | 1 976 | 976 976 | 100.0 | U00096.2__Escherichia_coli_K-12_MG1655_complete_genome__4639675_bp_ NODE_28_length_946_cov_2.979915
			Skipping alignment  15377 16352 | 1 976 | 976 976 | 99.8 | U00096.2__Escherichia_coli_K-12_MG1655_complete_genome__4639675_bp_ NODE_28_length_946_cov_2.979915
			Skipping alignment  607220 608195 | 1 976 | 976 976 | 99.8 | U00096.2__Escherichia_coli_K-12_MG1655_complete_genome__4639675_bp_ NODE_28_length_946_cov_2.979915

CONTIG: NODE_36_length_602_cov_7.767442 (632bp)
Top Length: 632  Top ID: 100.0
		Skipping these alignments as insignificant (option --ambiguity-score is set to "0.99"):
			Skipping alignment  1049128 1049759 | 1 632 | 632 632 | 98.89 | U00096.2__Escherichia_coli_K-12_MG1655_complete_genome__4639675_bp_ NODE_36_length_602_cov_7.767442
			Skipping alignment  278396 279027 | 632 1 | 632 632 | 98.73 | U00096.2__Escherichia_coli_K-12_MG1655_complete_genome__4639675_bp_ NODE_36_length_602_cov_7.767442
			Skipping alignment  289867 290498 | 632 1 | 632 632 | 98.73 | U00096.2__Escherichia_coli_K-12_MG1655_complete_genome__4639675_bp_ NODE_36_length_602_cov_7.767442
		This contig has 3 significant alignments. [An ambiguously mapped contig]
		Using only first of these alignment (option --ambiguity-usage is set to "one"):
			Alignment: 19805 20436 | 632 1 | 632 632 | 100.0 | U00096.2__Escherichia_coli_K-12_MG1655_complete_genome__4639675_bp_ NODE_36_length_602_cov_7.767442
			Skipping alignment  1976536 1977167 | 632 1 | 632 632 | 100.0 | U00096.2__Escherichia_coli_K-12_MG1655_complete_genome__4639675_bp_ NODE_36_length_602_cov_7.767442
			Skipping alignment  3581578 3582209 | 1 632 | 632 632 | 100.0 | U00096.2__Escherichia_coli_K-12_MG1655_complete_genome__4639675_bp_ NODE_36_length_602_cov_7.767442

CONTIG: NODE_44_length_546_cov_2.564103 (576bp)
Top Length: 576  Top ID: 100.0
		One align captures most of this contig: 88623 89198 | 576 1 | 576 576 | 100.0 | U00096.2__Escherichia_coli_K-12_MG1655_complete_genome__4639675_bp_ NODE_44_length_546_cov_2.564103

CONTIG: NODE_57_length_501_cov_1.762475 (531bp)
Top Length: 531  Top ID: 100.0
		One align captures most of this contig: 17116 17646 | 531 1 | 531 531 | 100.0 | U00096.2__Escherichia_coli_K-12_MG1655_complete_genome__4639675_bp_ NODE_57_length_501_cov_1.762475

CONTIG: NODE_76_length_491_cov_2.405295 (521bp)
Top Length: 521  Top ID: 100.0
		One align captures most of this contig: 19144 19664 | 521 1 | 521 521 | 100.0 | U00096.2__Escherichia_coli_K-12_MG1655_complete_genome__4639675_bp_ NODE_76_length_491_cov_2.405295

CONTIG: NODE_99_length_659_cov_2.280728 (689bp)
Top Length: 689  Top ID: 100.0
		One align captures most of this contig: 37408 38096 | 689 1 | 689 689 | 100.0 | U00096.2__Escherichia_coli_K-12_MG1655_complete_genome__4639675_bp_ NODE_99_length_659_cov_2.280728

CONTIG: NODE_130_length_480_cov_2.275000 (510bp)
Top Length: 510  Top ID: 100.0
		One align captures most of this contig: 63016 63525 | 510 1 | 510 510 | 100.0 | U00096.2__Escherichia_coli_K-12_MG1655_complete_genome__4639675_bp_ NODE_130_length_480_cov_2.275000

CONTIG: NODE_151_length_559_cov_3.220036 (589bp)
Top Length: 589  Top ID: 100.0
		One align captures most of this contig: 55754 56342 | 589 1 | 589 589 | 100.0 | U00096.2__Escherichia_coli_K-12_MG1655_complete_genome__4639675_bp_ NODE_151_length_559_cov_3.220036

Analyzing coverage...
Writing SNPs into /Users/cmdb/qbb2016-answers/week2/output.txt/contigs_reports/nucmer_output/contigs_velvet_low.used_snps
	Reference U00096.2__Escherichia_coli_K-12_MG1655_complete_genome__4639675_bp_: 11 total alignments. 1 total regions.
		Region: 1 to 4639675 (4639675 bp)
			START in gap: 1 to 8474 (8473 bp)
			Align 1: 8474 9015 NODE_9_length_512_cov_2.654297 542 1
				Gap between this and next alignment: 9015 to 17116 (8100 bp)
				Next Alignment: 17116 17646 NODE_57_length_501_cov_1.762475 531 1

			Align 2: 17116 17646 NODE_57_length_501_cov_1.762475 531 1
				Gap between this and next alignment: 17646 to 19144 (1497 bp)
				Next Alignment: 19144 19664 NODE_76_length_491_cov_2.405295 521 1

			Align 3: 19144 19664 NODE_76_length_491_cov_2.405295 521 1
				Gap between this and next alignment: 19664 to 19805 (140 bp)
				Next Alignment: 19805 20436 NODE_36_length_602_cov_7.767442 632 1

			Align 4: 19805 20436 NODE_36_length_602_cov_7.767442 632 1
				Gap between this and next alignment: 20436 to 37408 (16971 bp)
				Next Alignment: 37408 38096 NODE_99_length_659_cov_2.280728 689 1

			Align 5: 37408 38096 NODE_99_length_659_cov_2.280728 689 1
				Gap between this and next alignment: 38096 to 55754 (17657 bp)
				Next Alignment: 55754 56342 NODE_151_length_559_cov_3.220036 589 1

			Align 6: 55754 56342 NODE_151_length_559_cov_3.220036 589 1
				Gap between this and next alignment: 56342 to 61790 (5447 bp)
				Next Alignment: 61790 62787 NODE_12_length_968_cov_1.780992 998 1

			Align 7: 61790 62787 NODE_12_length_968_cov_1.780992 998 1
				Gap between this and next alignment: 62787 to 63016 (228 bp)
				Next Alignment: 63016 63525 NODE_130_length_480_cov_2.275000 510 1

			Align 8: 63016 63525 NODE_130_length_480_cov_2.275000 510 1
				Gap between this and next alignment: 63525 to 77926 (14400 bp)
				Next Alignment: 77926 78604 NODE_10_length_649_cov_3.714946 679 1

			Align 9: 77926 78604 NODE_10_length_649_cov_3.714946 679 1
				Gap between this and next alignment: 78604 to 88623 (10018 bp)
				Next Alignment: 88623 89198 NODE_44_length_546_cov_2.564103 576 1

			Align 10: 88623 89198 NODE_44_length_546_cov_2.564103 576 1
				Gap between this and next alignment: 89198 to 2512285 (2423086 bp)
				Next Alignment: 2512285 2513260 NODE_28_length_946_cov_2.979915 1 976

			Align 11: 2512285 2513260 NODE_28_length_946_cov_2.979915 1 976
			END in gap: 2513260 to 4639675 (2126415 bp)

Analysis is finished!
Founded SNPs were written into /Users/cmdb/qbb2016-answers/week2/output.txt/contigs_reports/nucmer_output/contigs_velvet_low.used_snps

Results:
	Local Misassemblies: 0
	Misassemblies: 0
		Relocations: 0
		Translocations: 0
		Inversions: 0
	Misassembled Contigs: 0
	Misassembled Contig Bases: 0
	Misassemblies Inter-Contig Overlap: 0
Uncovered Regions: 0 (0)
Unaligned Contigs: 0 + 0 part
Partially Unaligned Contigs with Misassemblies: 0
Unaligned Contig Bases: 0

Ambiguously Mapped Contigs: 2
Total Bases in Ambiguously Mapped Contigs: 1608
Note that --allow-ambiguity option was set to "one" and only first alignment per each of these contigs was used.

	Covered Bases: 7243

	SNPs: 0
	Insertions: 0
	Deletions: 0

	Positive Gaps: 12
		Internal Gaps:  0
		External Gaps:  12
		External Gap Total:  4632432
		External Gap Average: 386036
	Negative Gaps: 0
		Internal Overlaps:  0
		External Overlaps:  0
		External Overlaps Total:  0
		External Overlaps Average: 0
	Contigs with Redundant Alignments: 0 (0)
