FBgn0010339	P32234
FBgn0020238	P92177
FBgn0004907	P29310
FBgn0010340	P81928
FBgn0027624	P04283
FBgn0044339	P04282
FBgn0014453	P04323
FBgn0027623	P20829
FBgn0044338	P20828
FBgn0027622	P20825
FBgn0043847	P10394
FBgn0004168	P28285
FBgn0263116	P28286
FBgn0004573	P20905
FBgn0011294	P54185
FBgn0023130	O46341
FBgn0011293	Q27377
FBgn0027885	Q9V431
FBgn0031851	Q9VM95
FBgn0027094	Q9VLM8
FBgn0028962	Q9VRJ1
FBgn0027093	Q9VXN4
FBgn0027091	Q7KN90
FBgn0027090	Q9Y105
FBgn0005674	P28668
FBgn0027083	Q9VFL5
FBgn0275436	O16129
FBgn0035064	Q9W107
FBgn0023129	Q9VSY6
FBgn0264442	Q24174
FBgn0000014	P29555
FBgn0000015	P09087
FBgn0000017	P00522
FBgn0036372	Q9VU84
FBgn0015331	Q9V3C0
FBgn0000022	P10083
FBgn0004852	Q9VW60
FBgn0011273	P49258
FBgn0012034	Q9VP61
FBgn0000024	P07140
FBgn0016122	Q9VLJ6
FBgn0000028	P24350
FBgn0014454	Q26416
FBgn0002855	P10333
FBgn0002856	P10334
FBgn0015583	O46197
FBgn0023415	O46203
FBgn0267327	O46227
FBgn0011559	Q9V3R1
FBgn0015584	O46199
FBgn0020509	O46202
FBgn0015585	O46200
FBgn0015586	Q9VVW1
FBgn0002863	P16548
FBgn0263597	O46201
FBgn0000042	P10987
FBgn0000043	P02572
FBgn0000044	P53501
FBgn0000045	P02574
FBgn0000046	P10981
FBgn0000047	P83967
FBgn0024913	O61643
FBgn0000667	P18091
FBgn0025115	P56544
FBgn0038363	Q9VF36
FBgn0037661	Q9VHH7
FBgn0037555	Q8I8V0
FBgn0027619	Q7K550
FBgn0026086	Q9NII1
FBgn0028658	Q9V3R6
FBgn0000052	P35421
FBgn0000053	P00967
FBgn0020513	Q9I7S8
FBgn0000054	P05552
FBgn0000055	P00334
FBgn0000056	P91615
FBgn0052068	Q6AWN0
FBgn0038984	Q9VCY8
FBgn0283494	Q9U915
FBgn0027493	Q9Y0Y2
FBgn0005694	P39413
FBgn0026309	Q9UAS6
FBgn0041171	Q9VZF4
FBgn0087035	Q9VUQ5
FBgn0250816	Q7PLK0
FBgn0014455	Q27580
FBgn0015011	P50245
FBgn0031392	Q9VQ79
FBgn0033754	Q7JYV7
FBgn0004552	P61855
FBgn0082598	Q9VS59
FBgn0010379	Q8INB9
FBgn0000061	Q06453
FBgn0000064	P07764
FBgn0052076	Q8T8L8
FBgn0013746	Q94899
FBgn0010215	P35220
FBgn0259170	P53624
FBgn0011740	Q24451
FBgn0030007	Q9W3J5
FBgn0250791	Q23983
FBgn0250789	P13395
FBgn0003863	P04814
FBgn0087040	P06606
FBgn0003884	P06603
FBgn0003885	P06605
FBgn0003886	P06604
FBgn0037116	Q9VNZ8
FBgn0000071	P15364
FBgn0000075	P18486
FBgn0086782	Q24049
FBgn0025686	Q9VPN2
FBgn0003270	Q9Y0A7
FBgn0000077	Q9U4H5
FBgn0000078	P81641
FBgn0000079	P08144
FBgn0020506	O18408
FBgn0011746	Q26307
FBgn0012037	Q10714
FBgn0016762	Q24239
FBgn0000094	P21663
FBgn0260642	P02833
FBgn0000083	P22464
FBgn0000084	P22465
FBgn0030749	Q9VXG4
FBgn0000097	Q01842
FBgn0004569	Q00805
FBgn0267978	P29673
FBgn0264855	P91926
FBgn0034231	Q9V831
FBgn0016123	Q24238
FBgn0031458	Q9VQG2
FBgn0261854	A1Z9X0
FBgn0040281	Q9W0K0
FBgn0261112	Q9VTE9
FBgn0000108	P14599
FBgn0000109	P12426
FBgn0015904	Q24248
FBgn0028646	Q9VA73
FBgn0013750	P40946
FBgn0010348	P61209
FBgn0013749	P40945
FBgn0000116	P48610
FBgn0017418	Q94981
FBgn0025186	O76924
FBgn0000115	P25160
FBgn0004908	Q06849
FBgn0000117	P18824
FBgn0041164	Q6J5K9
FBgn0011745	P45889
FBgn0011742	P45888
FBgn0262716	P32392
FBgn0038576	Q9VEC3
FBgn0011741	P45890
FBgn0030877	Q9VX09
FBgn0011743	P45891
FBgn0032859	Q9VIM5
FBgn0000120	P15372
FBgn0000121	P19107
FBgn0033062	Q9V9K7
FBgn0037770	Q9VH48
FBgn0034817	Q9W1V1
FBgn0036826	Q8SWX0
FBgn0000137	P09775
FBgn0029094	Q9V464
FBgn0005386	Q9VW15
FBgn0000139	Q94545
FBgn0000140	Q9VC45
FBgn0034793	Q9W1X9
FBgn0015905	Q9VPW1
FBgn0015591	Q9VC44
FBgn0020407	Q9VEX5
FBgn0261823	Q9V727
FBgn0039946	Q86P48
FBgn0025720	O96539
FBgn0028550	Q9XZS8
FBgn0029943	Q9W3R7
FBgn0264325	Q9VCE1
FBgn0036255	Q9VTU1
FBgn0261108	Q9VHR6
FBgn0039213	Q9VC57
FBgn0010433	P48987
FBgn0002921	P13607
FBgn0019644	Q94516
FBgn0010217	Q05825
FBgn0016119	Q24407
FBgn0016120	Q24251
FBgn0020235	O01666
FBgn0016691	Q24439
FBgn0012042	P45884
FBgn0041581	Q9V751
FBgn0041579	Q95NH6
FBgn0019637	Q94546
FBgn0041188	Q8SWR8
FBgn0000146	O76922
FBgn0050476	Q8ML92
FBgn0000150	P08879
FBgn0013751	Q8IRC7
FBgn0026597	Q9V407
FBgn0004587	P26686
FBgn0004870	Q9W0K7
FBgn0025525	Q9W0K4
FBgn0031977	Q9VLU0
FBgn0045866	Q8SXY6
FBgn0027889	Q7KRY6
FBgn0000158	P22745
FBgn0004862	P22809
FBgn0025463	Q9VYG2
FBgn0031571	M9NDE3
FBgn0033578	A1Z8E9
FBgn0000166	P09081
FBgn0013432	O46098
FBgn0028482	Q9U4G1
FBgn0036691	Q8T3L6
FBgn0263231	Q9VHP0
FBgn0000173	P35128
FBgn0008635	P45437
FBgn0025724	O62621
FBgn0039175	Q9VCA5
FBgn0250788	Q00963
FBgn0010357	P35004
FBgn0003887	Q24560
FBgn0003888	P08841
FBgn0003889	P61857
FBgn0013753	Q24040
FBgn0004581	Q9W1I2
FBgn0027348	Q9V3S9
FBgn0011758	Q24255
FBgn0004854	Q24256
FBgn0000179	Q24432
FBgn0035871	Q9VSH3
FBgn0000180	P23645
FBgn0000182	Q24009
FBgn0000183	P16568
FBgn0045759	Q9VS05
FBgn0024491	Q9VEX9
FBgn0263144	Q7K480
FBgn0002906	Q9VGI8
FBgn0050077	A1Z9S1
FBgn0036118	Q9VTE0
FBgn0085284	A8JNV4
FBgn0036105	Q9VTC2
FBgn0038387	Q9VF08
FBgn0011211	P35381
FBgn0001090	P29746
FBgn0004389	P40794
FBgn0004132	Q8T9B6
FBgn0037719	Q709R6
FBgn0011206	Q24207
FBgn0026261	Q8WTC1
FBgn0259791	Q9VVR2
FBgn0032105	Q9VLD6
FBgn0000206	P22815
FBgn0027535	Q9XZ08
FBgn0004893	Q9VQU9
FBgn0037205	Q9VNP5
FBgn0283451	Q01295
FBgn0010300	Q8MQJ9
FBgn0050169	Q9W157
FBgn0086694	Q9VRP9
FBgn0000212	P25439
FBgn0000221	Q24157
FBgn0013755	Q24039
FBgn0261787	Q9VIL0
FBgn0004101	Q24535
FBgn0000227	Q9VR17
FBgn0000228	P11929
FBgn0000529	Q04787
FBgn0000229	P92208
FBgn0044506	Q95SX7
FBgn0000233	Q24266
FBgn0030501	Q9VYB0
FBgn0003502	P08630
FBgn0005592	Q09147
FBgn0032248	Q9VKV8
FBgn0259176	Q24522
FBgn0038901	Q9VD83
FBgn0000241	P12428
FBgn0045064	Q9VIP7
FBgn0004856	P39736
FBgn0011723	P55965
FBgn0010292	P51406
FBgn0032078	Q7K237
FBgn0259228	O77086
FBgn0040235	Q9V3B6
FBgn0001991	Q24270
FBgn0263111	P91645
FBgn0000250	Q03017
FBgn0031114	Q9VR99
FBgn0000251	P09085
FBgn0261053	Q9VGW1
FBgn0037963	Q9VGG5
FBgn0038439	Q9VEU1
FBgn0022800	Q9VBW3
FBgn0015609	O15943
FBgn0262018	Q9VJB6
FBgn0053653	Q9NHE5
FBgn0263979	Q24572
FBgn0012051	Q11002
FBgn0025866	Q9VT65
FBgn0260450	Q9VXH6
FBgn0039928	Q9V498
FBgn0262166	Q7K5N4
FBgn0000253	P62152
FBgn0264607	Q00168
FBgn0010015	P48456
FBgn0267912	Q9VXF1
FBgn0010014	P48451
FBgn0015614	Q24214
FBgn0027568	Q9VKY2
FBgn0263006	P22700
FBgn0039722	Q9NIP6
FBgn0037100	Q8ITC7
FBgn0042134	Q9I7D3
FBgn0000256	Q24120
FBgn0000257	Q9Y1I2
FBgn0004878	Q7M3M8
FBgn0022213	Q9XZU1
FBgn0013759	Q24210
FBgn0000261	P17336
FBgn0002022	Q9V3A4
FBgn0015919	P54269
FBgn0026257	Q95RV2
FBgn0011571	Q27294
FBgn0033842	Q7K284
FBgn0022943	Q9V3L6
FBgn0004580	P41044
FBgn0022942	Q7K4N3
FBgn0011241	Q7K4V4
FBgn0039007	Q9VCW0
FBgn0039396	Q868T3
FBgn0031979	Q9VLT8
FBgn0261353	P0DKM0
FBgn0038199	Q4V4I9
FBgn0050106	A1ZAX0
FBgn0038147	Q8SXL2
FBgn0033058	Q4V622
FBgn0015019	P48605
FBgn0039774	Q9VA70
FBgn0011573	Q24276
FBgn0010341	P40793
FBgn0032821	Q9VIS1
FBgn0004106	P23572
FBgn0004107	P23573
FBgn0013762	P48609
FBgn0015618	Q9VT57
FBgn0037093	Q9VP22
FBgn0026141	O96860
FBgn0010350	P56079
FBgn0000276	P14954
FBgn0000277	P14954
FBgn0000278	P14956
FBgn0000279	O16829
FBgn0029092	Q7JUY7
FBgn0028509	Q9NGC3
FBgn0266708	Q7JVA5
FBgn0000286	P20385
FBgn0030121	Q9W352
FBgn0000299	P08120
FBgn0000303	P07668
FBgn0021760	Q9NBD7
FBgn0000319	P29742
FBgn0250786	Q7KU24
FBgn0023395	O16102
FBgn0031550	Q9VQS5
FBgn0014141	Q9VEN1
FBgn0000308	P25843
FBgn0024248	Q9XTN2
FBgn0000307	Q9NK54
FBgn0015371	Q7YU81
FBgn0029503	Q9VCC0
FBgn0267435	P12024
FBgn0036165	Q9VTI8
FBgn0022702	Q9W092
FBgn0250907	Q9W5U2
FBgn0004859	P19538
FBgn0039689	Q9VAI1
FBgn0033972	Q7K1Y4
FBgn0001977	Q9V3Y2
FBgn0262582	Q9U1H0
FBgn0040477	Q9V6Q2
FBgn0000316	P39205
FBgn0033313	A1Z7G7
FBgn0062442	Q9VAM6
FBgn0000317	Q9V3Z6
FBgn0015024	P54367
FBgn0264492	P08181
FBgn0000259	P08182
FBgn0026136	O96863
FBgn0010314	Q24152
FBgn0052251	Q8IRB5
FBgn0259152	Q9VBX1
FBgn0024814	Q9VWA1
FBgn0051116	Q9VGH7
FBgn0020503	Q9VJE5
FBgn0023076	O61735
FBgn0015621	Q9VPT8
FBgn0039360	Q8MZC4
FBgn0034087	A1ZAB5
FBgn0000337	A1Z746
FBgn0262975	P20482
FBgn0261612	Q24278
FBgn0000339	P49858
FBgn0034988	Q9W197
FBgn0013765	P54623
FBgn0031536	Q961G1
FBgn0051040	Q9VAD6
FBgn0033265	A1Z7A8
FBgn0019830	Q9VQG4
FBgn0010105	Q24139
FBgn0000346	P46461
FBgn0005775	Q01819
FBgn0037240	Q9VN14
FBgn0013437	P04146
FBgn0021944	Q9V3D2
FBgn0037574	Q9VHS7
FBgn0010434	Q9V8R9
FBgn0261573	Q59E36
FBgn0000351	Q960N3
FBgn0010313	P41046
FBgn0000352	O16844
FBgn0019624	Q94514
FBgn0040529	Q9VHS2
FBgn0013770	Q95029
FBgn0000355	P07185
FBgn0000356	P22977
FBgn0000357	P07184
FBgn0000358	P07186
FBgn0000359	P07182
FBgn0000360	P07183
FBgn0000283	Q24478
FBgn0034577	Q9W2N0
FBgn0011570	P48603
FBgn0261714	Q02910
FBgn0263995	Q01617
FBgn0015623	Q27597
FBgn0086519	Q7JZV0
FBgn0261065	Q9VE51
FBgn0027873	Q9V3D6
FBgn0024698	Q9V726
FBgn0041605	Q8IPM8
FBgn0259685	P10040
FBgn0005585	P29413
FBgn0004396	P29747
FBgn0265784	Q9VWW0
FBgn0024811	Q9XYM0
FBgn0000376	O76906
FBgn0000377	P17886
FBgn0014143	P32027
FBgn0015924	Q27367
FBgn0025680	O77059
FBgn0013767	Q26377
FBgn0027057	Q9VVU5
FBgn0027055	Q8SYG2
FBgn0027054	Q9V345
FBgn0027053	Q9XZ58
FBgn0028837	Q9VCY3
FBgn0028836	Q9V4S8
FBgn0261437	Q7KTH8
FBgn0004179	Q03751
FBgn0015925	Q9U6Y9
FBgn0000382	P29349
FBgn0004198	P10180
FBgn0000384	P25157
FBgn0020496	O46036
FBgn0011760	Q24117
FBgn0266452	Q9VUL1
FBgn0052702	Q9W332
FBgn0011204	Q95RU0
FBgn0260932	Q9V629
FBgn0015509	Q24311
FBgn0000392	Q9VMA3
FBgn0023094	O61734
FBgn0000404	P14785
FBgn0000405	P20439
FBgn0015625	Q9I7I0
FBgn0004597	P25008
FBgn0010382	P54733
FBgn0039858	Q95TJ9
FBgn0025455	O96433
FBgn0004432	P25007
FBgn0034053	Q9V7G5
FBgn0031693	Q9VMS9
FBgn0031694	Q9VMS8
FBgn0031695	Q9VMS7
FBgn0033292	Q9V4T3
FBgn0015036	O46054
FBgn0015032	Q9VA27
FBgn0005670	P33269
FBgn0011576	Q27589
FBgn0015033	Q9VS79
FBgn0023541	O46051
FBgn0035344	Q9W011
FBgn0031925	Q9VLZ7
FBgn0015034	Q9V4T5
FBgn0014469	Q27606
FBgn0015035	Q9VL92
FBgn0010019	Q9V3S0
FBgn0030304	Q9VYY4
FBgn0015037	Q9V558
FBgn0033395	Q9V557
FBgn0033397	Q9V559
FBgn0030615	Q9VXY0
FBgn0000473	P33270
FBgn0013772	Q27593
FBgn0013771	Q27594
FBgn0033304	Q9V4U9
FBgn0033302	Q9V4U7
FBgn0015714	Q9V770
FBgn0039519	Q9VB31
FBgn0033979	P82711
FBgn0033980	Q9V773
FBgn0033981	Q9V774
FBgn0013773	Q9V769
FBgn0033978	Q9V771
FBgn0034756	Q9W223
FBgn0039006	Q9VCW1
FBgn0038194	Q9VFP1
FBgn0025454	Q9V674
FBgn0033696	Q9V675
FBgn0031182	Q9VRI9
FBgn0033697	Q9V676
FBgn0033121	Q9V979
FBgn0031126	Q9VRB3
FBgn0033065	Q9V9L1
FBgn0015038	Q9V4I0
FBgn0015039	Q9V4I1
FBgn0015040	Q9W130
FBgn0038037	Q9VG82
FBgn0033775	Q9V6H1
FBgn0038681	Q9VE00
FBgn0038680	Q9VE01
FBgn0034387	Q9V8M2
FBgn0036806	Q9VVR9
FBgn0053503	Q7KR10
FBgn0050489	P82712
FBgn0037817	Q9VGZ0
FBgn0010383	Q95078
FBgn0028940	Q9V419
FBgn0030339	Q9VYT8
FBgn0031689	Q9VMT5
FBgn0031688	Q9VMT6
FBgn0028382	Q9V3G3
FBgn0033524	Q9V5L3
FBgn0033753	Q9V6D6
FBgn0001992	Q9V399
FBgn0038095	Q9VG17
FBgn0036910	Q9VW43
FBgn0030949	Q9VWR2
FBgn0031432	Q9VQD2
FBgn0041337	P82713
FBgn0032693	Q9VJ71
FBgn0030367	Q9VYQ7
FBgn0036778	Q9VVN6
FBgn0038236	Q9VFJ0
FBgn0038006	Q9VGB4
FBgn0038007	Q9VGB3
FBgn0038076	Q9VG40
FBgn0038005	Q9VGB5
FBgn0037601	Q9VHP4
FBgn0035790	Q9VS78
FBgn0033982	Q9V776
FBgn0030369	Q9VYQ5
FBgn0004629	P23779
FBgn0264294	Q9V4N3
FBgn0000406	P19967
FBgn0086907	P04657
FBgn0000409	P84029
FBgn0000411	Q24533
FBgn0000412	P22058
FBgn0267821	P11420
FBgn0000414	P98081
FBgn0263930	Q24114
FBgn0039286	Q9VBW6
FBgn0039283	Q9VBW9
FBgn0263239	Q9VZN4
FBgn0015582	Q9V3T9
FBgn0019643	Q94521
FBgn0034136	Q7K4Y6
FBgn0020305	Q9VPU8
FBgn0010387	P42281
FBgn0040230	Q9VUU5
FBgn0010220	Q07886
FBgn0004556	P26802
FBgn0024804	O61305
FBgn0002413	O76324
FBgn0010501	O02002
FBgn0039016	Q9VCU9
FBgn0021825	Q7K2D2
FBgn0259099	Q9VUI3
FBgn0029067	Q9VRG7
FBgn0000422	P05031
FBgn0015075	Q9VNV3
FBgn0013799	Q24180
FBgn0000427	P18169
FBgn0010385	P36192
FBgn0086251	Q9VIF5
FBgn0010358	P42276
FBgn0030802	Q9VX98
FBgn0267972	Q9VQ57
FBgn0000439	P07548
FBgn0085390	Q01583
FBgn0032048	Q9VLK4
FBgn0261797	P37276
FBgn0011761	P47938
FBgn0004087	P17719
FBgn0000447	P32748
FBgn0011202	P48608
FBgn0260635	Q24306
FBgn0015247	Q24307
FBgn0000449	Q9NGX9
FBgn0039666	Q9VAK8
FBgn0011274	P98149
FBgn0033447	A1Z7Z9
FBgn0023091	B6VQA1
FBgn0024806	Q9W0S9
FBgn0000459	P23792
FBgn0029088	Q9VNJ5
FBgn0019828	O01352
FBgn0000463	P10041
FBgn0260632	P15330
FBgn0024432	Q94524
FBgn0001624	P31007
FBgn0000157	P20009
FBgn0024510	Q8T626
FBgn0262656	Q9W4S7
FBgn0011581	P61849
FBgn0278604	Q9VH89
FBgn0263106	Q24133
FBgn0260775	P92029
FBgn0262619	Q9W1H4
FBgn0011762	Q24317
FBgn0259676	Q9VPH2
FBgn0005696	Q9VB62
FBgn0259113	P26019
FBgn0263600	P54358
FBgn0000479	Q9W4T4
FBgn0022338	Q9XZT6
FBgn0024245	Q9V422
FBgn0265998	P49762
FBgn0015379	P54353
FBgn0020306	Q9NDJ2
FBgn0043903	Q9VWE0
FBgn0011582	P41596
FBgn0266137	Q24563
FBgn0053517	Q8IS44
FBgn0000482	Q24314
FBgn0016794	Q9VZZ9
FBgn0011763	Q24318
FBgn0015929	Q26454
FBgn0010109	Q26263
FBgn0000490	P07713
FBgn0037580	Q9VHR8
FBgn0004240	P24492
FBgn0032293	Q9VKQ9
FBgn0000492	Q03372
FBgn0052666	Q0KHT7
FBgn0002183	Q8IRG6
FBgn0020381	Q8IRY7
FBgn0019972	O01382
FBgn0015872	Q9V5Z7
FBgn0004638	Q08012
FBgn0015380	Q27324
FBgn0024244	Q9VQS6
FBgn0010388	P36193
FBgn0026404	Q9XYF4
FBgn0283461	P41964
FBgn0000497	Q24292
FBgn0265296	Q9VS29
FBgn0000499	P51140
FBgn0000500	P09040
FBgn0010269	Q24324
FBgn0278608	Q24537
FBgn0000504	P23023
FBgn0023090	Q8INT5
FBgn0283531	Q9VQH2
FBgn0250832	P81160
FBgn0000524	Q23985
FBgn0016930	Q9V3D5
FBgn0027101	P83102
FBgn0260003	Q9VDW6
FBgn0036819	Q9VVT5
FBgn0011766	Q27368
FBgn0024371	O77051
FBgn0000533	P13582
FBgn0033166	Q7JRJ1
FBgn0000535	Q02280
FBgn0000536	P54352
FBgn0263933	Q95RJ9
FBgn0004181	Q9U6L5
FBgn0011694	Q23982
FBgn0011695	Q9W1C9
FBgn0000541	Q9W0T1
FBgn0069242	Q9I7K5
FBgn0000543	Q9W032
FBgn0035766	Q9VS50
FBgn0000546	P34021
FBgn0028436	Q9U6M0
FBgn0262579	Q6IDD9
FBgn0036735	Q9VVI2
FBgn0000551	P27779
FBgn0000552	P27780
FBgn0004554	P27781
FBgn0032198	Q9VL18
FBgn0000556	P08736
FBgn0000557	P05303
FBgn0028737	O96827
FBgn0029176	Q9NJH0
FBgn0000559	P13060
FBgn0011217	P25867
FBgn0051159	Q9VCX4
FBgn0029849	Q9W429
FBgn0000560	P15370
FBgn0003731	P04412
FBgn0086908	Q32KD2
FBgn0001404	O01346
FBgn0033483	Q8MUJ1
FBgn0000564	Q07892
FBgn0029629	Q9W4X7
FBgn0038796	Q9VDM6
FBgn0034258	A1ZAX1
FBgn0034237	Q0E940
FBgn0037249	Q9VN25
FBgn0037573	Q9VHS8
FBgn0030719	Q9VXK6
FBgn0034915	P56538
FBgn0261609	P41374
FBgn0004926	P41375
FBgn0263740	Q24208
FBgn0022023	Q9U9Q4
FBgn0040227	Q9VCK0
FBgn0001942	Q02748
FBgn0015218	P48598
FBgn0034967	Q9GU68
FBgn0004910	P48593
FBgn0000565	P08761
FBgn0000567	P20105
FBgn0000568	P17672
FBgn0004865	P45447
FBgn0260400	P16914
FBgn0004858	Q9VJS8
FBgn0031435	Q9VQD6
FBgn0031621	Q9VR19
FBgn0039066	Q9VCP0
FBgn0037926	Q9VGK7
FBgn0033540	Q7K4B3
FBgn0031604	Q9VQZ6
FBgn0020497	Q9TVM2
FBgn0000575	P18491
FBgn0034791	Q9W1Y1
FBgn0000576	P18488
FBgn0000577	P02836
FBgn0000578	Q8T4F7
FBgn0004875	Q8MSX1
FBgn0038659	Q8T390
FBgn0000579	P15007
FBgn0264672	Q9VQB7
FBgn0010425	P35005
FBgn0011586	Q24337
FBgn0036974	Q9VPH7
FBgn0261274	Q9V3A6
FBgn0023506	O44424
FBgn0000588	Q24338
FBgn0001981	P25932
FBgn0263934	Q9U1I1
FBgn0000591	P13098
FBgn0002609	Q01068
FBgn0002631	P13096
FBgn0002733	Q01069
FBgn0000592	P08171
FBgn0000594	P18167
FBgn0011554	P42279
FBgn0032157	Q9VL72
FBgn0005660	P29776
FBgn0005658	P29774
FBgn0004510	Q04688
FBgn0005659	P29775
FBgn0000606	P06602
FBgn0262740	Q9VYY9
FBgn0005427	Q24312
FBgn0004583	Q07436
FBgn0000611	P40427
FBgn0266667	Q9VSJ8
FBgn0029175	Q9Y169
FBgn0000615	P28750
FBgn0005558	O18381
FBgn0000617	Q27272
FBgn0000618	Q9VYX1
FBgn0040670	Q9VI60
FBgn0087008	Q9VWF2
FBgn0000320	Q05201
FBgn0031414	A0A1F4
FBgn0000629	P42124
FBgn0028741	O96838
FBgn0038928	Q9V3B4
FBgn0005632	P55824
FBgn0262742	P10674
FBgn0000635	P34082
FBgn0000636	P15278
FBgn0020439	Q9VGX3
FBgn0014163	Q95RI5
FBgn0000639	Q04691
FBgn0000640	P54398
FBgn0000644	P11450
FBgn0004896	Q02361
FBgn0004895	Q02360
FBgn0004897	P32028
FBgn0004898	P32029
FBgn0011768	P46415
FBgn0045063	Q8WSF3
FBgn0011769	P37193
FBgn0266268	Q9V9S8
FBgn0034542	A1ZBY1
FBgn0025832	Q7K7A9
FBgn0030090	Q9GNL3
FBgn0000723	P18106
FBgn0037937	Q9VGJ5
FBgn0030092	Q9W385
FBgn0003062	Q9W1V3
FBgn0263278	Q8SWV6
FBgn0039694	Q9VAH4
FBgn0035498	Q9VZI3
FBgn0000658	P54360
FBgn0013269	P54397
FBgn0013954	P48375
FBgn0029174	Q9VL78
FBgn0000659	P14734
FBgn0000662	Q9Y091
FBgn0024555	Q9VFS5
FBgn0000709	Q24020
FBgn0005633	P35554
FBgn0024754	O61491
FBgn0264078	O61492
FBgn0260049	Q9VU68
FBgn0000711	P48462
FBgn0028734	Q9NFU0
FBgn0000715	P10552
FBgn0011591	Q24342
FBgn0000719	P40795
FBgn0024236	Q9VSL7
FBgn0000721	Q03043
FBgn0038197	Q95V55
FBgn0035385	Q9VZW5
FBgn0042641	Q95YI5
FBgn0036964	Q9VWA8
FBgn0030897	P37236
FBgn0086698	Q9VQ36
FBgn0004652	Q8IN81
FBgn0016081	Q9VT28
FBgn0004656	P13709
FBgn0000810	P13468
FBgn0000927	P25028
FBgn0262743	O18388
FBgn0043010	Q9V6L9
FBgn0001075	P33450
FBgn0001077	P02835
FBgn0001078	P33244
FBgn0001079	P23647
FBgn0036169	Q9VTJ4
FBgn0030327	Q9VYV5
FBgn0036485	Q9VUL9
FBgn0032117	Q9VLC1
FBgn0044872	P83088
FBgn0004509	P26016
FBgn0004598	P30432
FBgn0023441	Q9BJZ5
FBgn0259108	Q9W596
FBgn0261722	Q95T12
FBgn0024689	Q9VJD3
FBgn0001084	O16868
FBgn0001085	P18537
FBgn0016797	Q9VVX3
FBgn0027343	O77438
FBgn0027342	Q9NBW1
FBgn0011596	O18412
FBgn0001087	P54362
FBgn0004516	P20228
FBgn0035147	Q9W0P5
FBgn0034025	Q6WV20
FBgn0030930	Q8MV48
FBgn0010223	Q05337
FBgn0001104	P20353
FBgn0001122	P16378
FBgn0004435	P23625
FBgn0001123	P20354
FBgn0263200	Q9VMA2
FBgn0028968	Q8I0G5
FBgn0010359	P42276
FBgn0260639	P23257
FBgn0010097	P42271
FBgn0001091	P07486
FBgn0001092	P07487
FBgn0029667	Q8MT08
FBgn0260779	Q9VE09
FBgn0024234	P27091
FBgn0001105	P26308
FBgn0004623	P29829
FBgn0036862	Q9VVY3
FBgn0005695	Q01820
FBgn0040319	Q9W3K5
FBgn0014179	Q27403
FBgn0019809	Q9VLA2
FBgn0000808	O62589
FBgn0001098	P54385
FBgn0001099	P22468
FBgn0028377	Q9U5V6
FBgn0032340	Q9VKK1
FBgn0023081	Q9W1B0
FBgn0010225	Q07171
FBgn0036850	Q9VVX0
FBgn0263831	Q9VRJ0
FBgn0004921	P38040
FBgn0267252	Q9NFZ3
FBgn0037551	Q9VHV5
FBgn0011770	P36951
FBgn0260817	Q9VQM4
FBgn0001108	P13496
FBgn0004618	P13360
FBgn0066114	O97422
FBgn0036144	Q9VTG7
FBgn0032135	Q9VLA1
FBgn0001112	P18173
FBgn0038934	Q9VD44
FBgn0015229	Q9VD73
FBgn0001114	P33438
FBgn0024963	Q94900
FBgn0004619	Q03445
FBgn0264574	Q8IRI6
FBgn0015230	P53403
FBgn0004507	Q9XTL9
FBgn0266064	Q9VFC8
FBgn0031661	Q9VMW9
FBgn0267823	Q9W1X8
FBgn0040323	Q9NHB0
FBgn0040322	Q9VVR4
FBgn0040321	Q9NHA8
FBgn0004913	P35600
FBgn0032234	Q9VKX7
FBgn0004919	Q06003
FBgn0039188	Q8SZ63
FBgn0044871	Q9VE50
FBgn0001128	P13706
FBgn0264495	Q8INR6
FBgn0260798	P32865
FBgn0261988	P32866
FBgn0024232	O61366
FBgn0265139	Q9W594
FBgn0003747	Q9W497
FBgn0030108	Q9W367
FBgn0052693	Q8IRL8
FBgn0045502	P58950
FBgn0030297	Q9VYZ2
FBgn0041250	Q9VPT1
FBgn0045501	P58951
FBgn0045500	P84180
FBgn0265138	P58952
FBgn0045498	P84181
FBgn0045497	P58953
FBgn0041249	P58954
FBgn0041248	Q9VQE7
FBgn0041247	Q9VM09
FBgn0045495	Q9VM08
FBgn0041246	Q9VKJ7
FBgn0032416	Q9VKA5
FBgn0045487	P58955
FBgn0045486	Q9VJF2
FBgn0045485	Q8INZ2
FBgn0264556	P58956
FBgn0041245	P58960
FBgn0041243	Q9V4K2
FBgn0041241	P58961
FBgn0041240	Q9V969
FBgn0041239	P58962
FBgn0041238	Q9W2B1
FBgn0041237	Q9W2B2
FBgn0041235	Q9W1U5
FBgn0041236	P58985
FBgn0041233	Q9W1N6
FBgn0041234	Q9W1N5
FBgn0035167	Q9W0M2
FBgn0035468	Q9VZL7
FBgn0045479	P83293
FBgn0045478	P83294
FBgn0045477	P83295
FBgn0035486	Q9VZJ6
FBgn0045476	P83296
FBgn0052255	P83297
FBgn0035870	Q9VSH2
FBgn0041231	Q9VTN0
FBgn0045474	Q8IPU5
FBgn0045473	Q8INM9
FBgn0038440	Q9VEU0
FBgn0045471	Q8IN58
FBgn0041229	Q9VD76
FBgn0045470	Q8IN23
FBgn0045469	Q9VD74
FBgn0041225	Q8IMZ5
FBgn0041224	Q8IMQ6
FBgn0039520	Q9VB30
FBgn0046887	Q9VB26
FBgn0046886	Q8IMN6
FBgn0046885	Q8IMN5
FBgn0001133	Q9U405
FBgn0001134	Q24352
FBgn0259211	P13002
FBgn0015946	Q24570
FBgn0026431	Q9VKU7
FBgn0026430	Q9XYP7
FBgn0001137	P42287
FBgn0001138	P91623
FBgn0032682	Q9VJ83
FBgn0001139	P16371
FBgn0261278	O61661
FBgn0001142	P20477
FBgn0019982	Q94529
FBgn0001145	P20478
FBgn0001148	P09082
FBgn0001147	P09083
FBgn0010323	P54366
FBgn0046332	P83101
FBgn0001149	P20432
FBgn0010038	Q9VG98
FBgn0010039	Q9VG97
FBgn0010040	Q9VG96
FBgn0010041	Q9VG95
FBgn0010042	Q9VG94
FBgn0010043	Q9VG93
FBgn0033817	Q7JYX0
FBgn0010226	P41043
FBgn0037696	Q9VHD3
FBgn0037697	Q9VHD2
FBgn0001150	P39572
FBgn0010391	Q9U5L1
FBgn0026238	A1Z6E0
FBgn0051992	Q8SY33
FBgn0010197	Q07553
FBgn0266136	Q7JQ32
FBgn0038295	Q8INF0
FBgn0038435	Q9VEU6
FBgn0038436	Q9VEU5
FBgn0013972	Q07093
FBgn0014964	P10403
FBgn0014965	P10405
FBgn0014966	P10401
FBgn0001168	P14003
FBgn0001169	Q02308
FBgn0001170	P10035
FBgn0016660	Q94890
FBgn0045852	Q8I7Z8
FBgn0026575	Q9VXG1
FBgn0046706	P83103
FBgn0001179	Q02870
FBgn0030925	A8JUP7
FBgn0001180	P05084
FBgn0039904	Q9V4C8
FBgn0086695	Q9VNA8
FBgn0005619	Q05733
FBgn0010113	Q9N2M8
FBgn0029977	Q9W3M9
FBgn0051320	Q8INF7
FBgn0028375	Q9V3R8
FBgn0014189	Q27268
FBgn0011771	P55162
FBgn0033686	Q7K175
FBgn0010303	Q23977
FBgn0031107	Q9VR91
FBgn0042711	Q9NFT9
FBgn0042710	Q9NFT7
FBgn0027788	Q7KM13
FBgn0001189	Q9W568
FBgn0040211	Q9VKJ0
FBgn0004644	Q02936
FBgn0003997	Q24106
FBgn0010114	Q09101
FBgn0260484	C4NYP8
FBgn0259824	Q9VUW9
FBgn0029676	Q86DS1
FBgn0022786	O17468
FBgn0001195	P02255
FBgn0051617	P02255
FBgn0053804	P02255
FBgn0053810	P02255
FBgn0053813	P02255
FBgn0053816	P02255
FBgn0053819	P02255
FBgn0053822	P02255
FBgn0053825	P02255
FBgn0053828	P02255
FBgn0053831	P02255
FBgn0053837	P02255
FBgn0053840	P02255
FBgn0053843	P02255
FBgn0053846	P02255
FBgn0053849	P02255
FBgn0053852	P02255
FBgn0053864	P02255
FBgn0001196	P84051
FBgn0051618	P84051
FBgn0053808	P84051
FBgn0053814	P84051
FBgn0053817	P84051
FBgn0053820	P84051
FBgn0053823	P84051
FBgn0053826	P84051
FBgn0053829	P84051
FBgn0053832	P84051
FBgn0053835	P84051
FBgn0053838	P84051
FBgn0053841	P84051
FBgn0053844	P84051
FBgn0053847	P84051
FBgn0053850	P84051
FBgn0053862	P84051
FBgn0053865	P84051
FBgn0001197	P08985
FBgn0001198	P02283
FBgn0061209	P02283
FBgn0053868	P02283
FBgn0053870	P02283
FBgn0053872	P02283
FBgn0053874	P02283
FBgn0053876	P02283
FBgn0053878	P02283
FBgn0053880	P02283
FBgn0053882	P02283
FBgn0053884	P02283
FBgn0053886	P02283
FBgn0053888	P02283
FBgn0053890	P02283
FBgn0053892	P02283
FBgn0053894	P02283
FBgn0053896	P02283
FBgn0053898	P02283
FBgn0053900	P02283
FBgn0053902	P02283
FBgn0053904	P02283
FBgn0053906	P02283
FBgn0053908	P02283
FBgn0053910	P02283
FBgn0001199	P02299
FBgn0014857	P84249
FBgn0004828	P84249
FBgn0051613	P02299
FBgn0053803	P02299
FBgn0053806	P02299
FBgn0053809	P02299
FBgn0053812	P02299
FBgn0053815	P02299
FBgn0053818	P02299
FBgn0053821	P02299
FBgn0053824	P02299
FBgn0053827	P02299
FBgn0053830	P02299
FBgn0053833	P02299
FBgn0053836	P02299
FBgn0053839	P02299
FBgn0053842	P02299
FBgn0053845	P02299
FBgn0053848	P02299
FBgn0053851	P02299
FBgn0053854	P02299
FBgn0053857	P02299
FBgn0053860	P02299
FBgn0053863	P02299
FBgn0053866	P02299
FBgn0001200	P84040
FBgn0051611	P84040
FBgn0053869	P84040
FBgn0053871	P84040
FBgn0053873	P84040
FBgn0053875	P84040
FBgn0053877	P84040
FBgn0053879	P84040
FBgn0053881	P84040
FBgn0053883	P84040
FBgn0053885	P84040
FBgn0053887	P84040
FBgn0053889	P84040
FBgn0053891	P84040
FBgn0053893	P84040
FBgn0053895	P84040
FBgn0053897	P84040
FBgn0053899	P84040
FBgn0053901	P84040
FBgn0053903	P84040
FBgn0053905	P84040
FBgn0053907	P84040
FBgn0053909	P84040
FBgn0013981	P84040
FBgn0030600	Q9NB71
FBgn0002633	P13097
FBgn0002734	Q01071
FBgn0002735	Q01070
FBgn0263782	P14773
FBgn0004362	Q05783
FBgn0010228	Q06943
FBgn0044442	Q967S7
FBgn0025639	Q9W5E0
FBgn0038607	Q9VE87
FBgn0264005	Q9VEI9
FBgn0001208	P17276
FBgn0004914	P49866
FBgn0014191	P12258
FBgn0015393	Q9U3Z7
FBgn0032250	Q9VKV5
FBgn0001202	Q24185
FBgn0004864	Q24592
FBgn0264491	O01367
FBgn0261456	Q8T0S6
FBgn0264562	Q9W539
FBgn0014859	P49869
FBgn0261239	Q05192
FBgn0000448	P31396
FBgn0015239	Q24142
FBgn0015240	Q24143
FBgn0004838	P48809
FBgn0004237	P48810
FBgn0001215	P07909
FBgn0031450	Q960X8
FBgn0024230	P25722
FBgn0001216	P29843
FBgn0001217	P11146
FBgn0001218	P29844
FBgn0266599	P11147
FBgn0001220	P29845
FBgn0001222	P22813
FBgn0001223	P02515
FBgn0001224	P02516
FBgn0001225	P02517
FBgn0001226	P02518
FBgn0015245	O02649
FBgn0011244	Q9VPS5
FBgn0031728	Q9VMN5
FBgn0001227	P05812
FBgn0001228	P22978
FBgn0001229	P22979
FBgn0001230	O97125
FBgn0013275	P82910
FBgn0013276	P02825
FBgn0013277	Q8INI8
FBgn0013278	Q9BIS2
FBgn0051354	Q9VG58
FBgn0013279	Q9BIR7
FBgn0001233	P02828
FBgn0001235	O46339
FBgn0010389	Q07407
FBgn0038233	Q9VFJ3
FBgn0263391	Q02645
FBgn0028374	Q9VG55
FBgn0002431	P51592
FBgn0014906	Q24093
FBgn0024227	Q9VKN7
FBgn0034853	Q9W1R4
FBgn0038860	Q8SZZ8
FBgn0029079	A1ZAW5
FBgn0263133	Q9VM33
FBgn0001247	P22817
FBgn0020416	Q8MM24
FBgn0020415	Q9V3D4
FBgn0020414	Q8MLZ7
FBgn0026415	Q9W303
FBgn0064237	Q8T0R7
FBgn0001250	P12080
FBgn0031872	Q9VM64
FBgn0044051	Q9VT50
FBgn0036046	Q9VT51
FBgn0044050	Q9VT52
FBgn0044049	Q9VT53
FBgn0044048	Q7KUD5
FBgn0044047	Q9W4Z4
FBgn0044046	Q9W4Q9
FBgn0034329	P82706
FBgn0025583	O77150
FBgn0040736	Q9V8G0
FBgn0040653	P82705
FBgn0067905	P83869
FBgn0067903	P82701
FBgn0034328	Q9V8F5
FBgn0039139	Q9VCE6
FBgn0001254	P29681
FBgn0001257	Q09024
FBgn0001258	Q95028
FBgn0033835	Q8ML70
FBgn0001259	Q9VPH0
FBgn0004784	P13677
FBgn0001263	Q24008
FBgn0036816	Q9VVT2
FBgn0260466	Q9VDQ0
FBgn0011603	Q9VR07
FBgn0086613	Q9VDY1
FBgn0025885	O97477
FBgn0283499	P09208
FBgn0031434	Q8SYK5
FBgn0025582	O77410
FBgn0262117	Q7PLS8
FBgn0001269	P05527
FBgn0086359	Q9VH19
FBgn0027108	Q9V427
FBgn0265274	Q9VAS7
FBgn0030989	Q9VWL5
FBgn0027107	Q9VR82
FBgn0027106	Q9V3W6
FBgn0015001	P52905
FBgn0050295	Q9W2Q7
FBgn0031209	Q9VPI2
FBgn0031634	E9NA96
FBgn0011774	Q23976
FBgn0024222	Q9VEZ5
FBgn0011604	Q24368
FBgn0034005	Q9V7A4
FBgn0034880	Q9W1M8
FBgn0010395	Q27591
FBgn0010051	P29993
FBgn0001276	Q7KBL8
FBgn0040309	Q9V3P0
FBgn0037374	Q7K1V5
FBgn0001280	P20348
FBgn0001281	P20349
FBgn0011225	Q01989
FBgn0027654	Q9TVP3
FBgn0028841	Q9VJK8
FBgn0028426	Q8MKW7
FBgn0020412	Q9V3I5
FBgn0086655	Q7KHG2
FBgn0020297	P21330
FBgn0015952	P21328
FBgn0003358	P17207
FBgn0003356	P17205
FBgn0003357	P17205
FBgn0001291	P18289
FBgn0030530	Q9VY77
FBgn0051363	Q9I7K0
FBgn0040513	Q9V4L4
FBgn0001297	P21525
FBgn0002578	O97176
FBgn0267330	O76767
FBgn0037659	Q9VHH9
FBgn0033233	Q9V333
FBgn0053182	Q9V6L0
FBgn0261955	Q9W401
FBgn0001301	Q04652
FBgn0011236	O77459
FBgn0041205	Q9GYV5
FBgn0031821	Q9VMC9
FBgn0001308	P17210
FBgn0262127	Q9VFG8
FBgn0010235	P46824
FBgn0030268	Q960Z0
FBgn0034824	Q9W1U4
FBgn0004378	P46863
FBgn0004381	P46867
FBgn0004387	Q9VB25
FBgn0001319	P56721
FBgn0001320	P10734
FBgn0001323	P13054
FBgn0001325	P07247
FBgn0250753	Q9VNE2
FBgn0020545	O18391
FBgn0266450	P08155
FBgn0266449	Q9V447
FBgn0040890	Q9VWH8
FBgn0001324	Q9VW47
FBgn0015721	Q86PC9
FBgn0261574	Q9VW71
FBgn0001330	O46072
FBgn0001612	Q9XYP8
FBgn0027334	Q9VR89
FBgn0027330	Q9W3C1
FBgn0026666	Q8T3X9
FBgn0027291	Q9VWH4
FBgn0027279	Q9VR59
FBgn0002561	P09774
FBgn0261534	Q9V3Y3
FBgn0261882	Q9V3N8
FBgn0001974	Q9VJQ4
FBgn0002031	P24156
FBgn0086447	Q9VIZ0
FBgn0010549	P91660
FBgn0013548	Q24371
FBgn0011296	P82147
FBgn0261983	Q9VKJ9
FBgn0002121	P08111
FBgn0086451	Q9VM75
FBgn0016970	Q9V574
FBgn0263852	Q9VLM5
FBgn0011297	P82149
FBgn0002174	Q27237
FBgn0263599	Q9VUV9
FBgn0262517	Q9VW09
FBgn0010741	Q9VTE5
FBgn0010926	Q9VEJ2
FBgn0002440	P52302
FBgn0011638	P40796
FBgn0002522	P10105
FBgn0010238	Q24372
FBgn0029006	Q9V853
FBgn0002525	P08928
FBgn0016031	Q9VRK8
FBgn0010397	Q03427
FBgn0002526	Q00174
FBgn0261800	P11046
FBgn0267348	P15215
FBgn0086372	Q9VI75
FBgn0033984	Q9V780
FBgn0000464	P16621
FBgn0011640	Q94901
FBgn0261618	Q9VAW5
FBgn0029158	Q7JQW6
FBgn0063485	Q8I7C3
FBgn0016032	Q24188
FBgn0034657	Q8MLV1
FBgn0010240	Q08832
FBgn0002531	P02839
FBgn0002533	P07187
FBgn0002534	P07188
FBgn0002535	P07189
FBgn0025578	P82384
FBgn0020644	P92192
FBgn0020643	P92192
FBgn0020638	P92201
FBgn0020637	P92201
FBgn0035838	Q9VSD7
FBgn0026634	Q9VF78
FBgn0002542	P34739
FBgn0053532	Q59DY6
FBgn0053533	Q59DY5
FBgn0019886	P91927
FBgn0039907	Q961D9
FBgn0031759	Q9VMJ7
FBgn0020279	Q86S05
FBgn0027539	Q9VC35
FBgn0041111	Q9VQI9
FBgn0041203	Q8IR79
FBgn0002552	Q9V4Z9
FBgn0035626	Q9VRN5
FBgn0023496	O46107
FBgn0023495	O46108
FBgn0015754	Q7KNS3
FBgn0028418	P81829
FBgn0083946	Q4V516
FBgn0020278	Q9VCX1
FBgn0019686	O61267
FBgn0283521	P42283
FBgn0022238	Q7KRI2
FBgn0036892	Q7KUT2
FBgn0266129	P14083
FBgn0052699	Q0KHU5
FBgn0039114	Q9VCI3
FBgn0030608	Q9VXY7
FBgn0002562	P11995
FBgn0002563	P11996
FBgn0002564	P11997
FBgn0002565	Q24388
FBgn0264691	Q9W328
FBgn0020277	O02372
FBgn0029688	Q8MSS1
FBgn0011201	P83971
FBgn0004425	Q08694
FBgn0004426	P83971
FBgn0004427	P83972
FBgn0004428	P37159
FBgn0004429	P29615
FBgn0004430	P37160
FBgn0004431	P37161
FBgn0002576	Q9W349
FBgn0002592	O97177
FBgn0002629	P13095
FBgn0002632	O97179
FBgn0029003	Q9U3W6
FBgn0032493	Q9VK13
FBgn0000037	P16395
FBgn0011648	P42003
FBgn0027497	Q9Y0Y6
FBgn0016034	Q9VNS0
FBgn0002736	P49028
FBgn0034641	Q9W2F2
FBgn0002641	Q9VRA2
FBgn0002570	P07190
FBgn0002569	P07191
FBgn0002571	P07192
FBgn0002732	O97178
FBgn0002643	P21519
FBgn0034962	Q7JRE4
FBgn0027095	Q9XZ63
FBgn0002645	P23226
FBgn0013987	P49071
FBgn0034282	Q9V895
FBgn0031655	Q9VMX6
FBgn0029870	Q7YU24
FBgn0033845	Q7K3L1
FBgn0043884	Q9VCA8
FBgn0261286	Q8IH00
FBgn0038965	Q95RA8
FBgn0017578	P91664
FBgn0265487	O16011
FBgn0086912	Q9VPM5
FBgn0026207	Q9GYU8
FBgn0025743	Q9VXE5
FBgn0014861	P49735
FBgn0024332	Q9XYU1
FBgn0017577	Q9VGW6
FBgn0025815	Q9V461
FBgn0020633	Q9XYU0
FBgn0032929	Q9VIE6
FBgn0029833	Q9W445
FBgn0004512	Q00449
FBgn0004513	Q00748
FBgn0004419	P23128
FBgn0037109	Q9VP05
FBgn0035754	Q9VS38
FBgn0024330	Q8MSX2
FBgn0051390	Q9GYV9
FBgn0034503	A1ZBT5
FBgn0260401	A1ZB42
FBgn0036581	Q9GYU7
FBgn0036811	Q9VVS4
FBgn0035145	Q9W0P8
FBgn0027592	Q9Y149
FBgn0034707	Q9W278
FBgn0038578	Q9VEC1
FBgn0026873	Q9XZT1
FBgn0036761	Q9VVL6
FBgn0013531	P91641
FBgn0040020	Q9W5P1
FBgn0040339	Q9V439
FBgn0034795	Q9W1X7
FBgn0035851	Q9VSF2
FBgn0038760	Q9VDR1
FBgn0039923	Q9V4F9
FBgn0037359	Q9VNG0
FBgn0039337	Q9VBQ9
FBgn0035149	Q9W0P3
FBgn0037262	Q8IH24
FBgn0011656	P40791
FBgn0002707	Q24087
FBgn0004367	Q9VXG8
FBgn0250820	Q9VDD7
FBgn0016036	Q9VS36
FBgn0002715	Q24141
FBgn0002716	Q7KPA5
FBgn0023001	Q9VS24
FBgn0260856	Q9VRL2
FBgn0086384	Q24564
FBgn0039559	Q8MT36
FBgn0051004	Q0KHY3
FBgn0039650	Q9VAM9
FBgn0035247	Q86BS6
FBgn0004456	Q24247
FBgn0004228	P23487
FBgn0030731	Q9VXJ0
FBgn0039561	Q9VAY3
FBgn0019985	P91685
FBgn0264694	Q9VGP6
FBgn0264695	P05661
FBgn0262519	O97159
FBgn0263601	Q9VUX2
FBgn0053208	Q86BA1
FBgn0262872	Q960V3
FBgn0031399	Q9VQ89
FBgn0036713	Q9VVF7
FBgn0033846	A1Z9E2
FBgn0039140	Q8IMX7
FBgn0019960	P91928
FBgn0036844	Q9VVW5
FBgn0002772	P06742
FBgn0002773	P18432
FBgn0004687	P54357
FBgn0002774	P24785
FBgn0034051	Q9NKV0
FBgn0259209	P53777
FBgn0014863	Q24400
FBgn0033438	Q8MPP3
FBgn0259168	P49657
FBgn0017572	P91891
FBgn0259481	Q8IQG1
FBgn0259482	Q9VL13
FBgn0259483	Q7K0E3
FBgn0263241	Q8IQF1
FBgn0039280	Q9VBX2
FBgn0002780	P13469
FBgn0002781	Q86B87
FBgn0011661	P46150
FBgn0014340	O02193
FBgn0031985	Q9VLT1
FBgn0025631	Q9W534
FBgn0002789	P14318
FBgn0038662	Q7KSC4
FBgn0015765	O62618
FBgn0027378	Q9Y0I1
FBgn0038319	Q9VF89
FBgn0031231	Q9VPL3
FBgn0038234	Q9VFJ2
FBgn0032720	Q9VJ38
FBgn0037608	Q9VHN6
FBgn0030786	Q9VXB5
FBgn0035335	Q9W021
FBgn0031651	Q9VMY1
FBgn0031660	Q9VMX0
FBgn0039835	Q9V9Z1
FBgn0040907	Q9W4L1
FBgn0083983	Q0E959
FBgn0038923	Q8MS27
FBgn0036462	Q9VUJ0
FBgn0034001	Q7JZM8
FBgn0263863	Q9VCX3
FBgn0030433	Q9VYI3
FBgn0032053	Q9VLJ9
FBgn0033208	Q7JWG9
FBgn0038678	Q9VE04
FBgn0035534	Q9VZD5
FBgn0032236	Q9VKX4
FBgn0038307	Q9VFB2
FBgn0033907	Q9V6Y3
FBgn0039159	Q9VCC3
FBgn0030572	Q9VY28
FBgn0036774	Q9VVN2
FBgn0036486	Q9VUM0
FBgn0005617	P50535
FBgn0005616	P50534
FBgn0002775	P50536
FBgn0004414	P23488
FBgn0020272	O01939
FBgn0011667	Q24437
FBgn0011668	Q9VBL6
FBgn0011669	Q9VBL7
FBgn0011670	Q9V3J3
FBgn0086915	P16909
FBgn0004172	Q01642
FBgn0004173	Q01643
FBgn0004174	Q01644
FBgn0004175	Q01645
FBgn0002862	P08175
FBgn0053548	O46040
FBgn0034215	Q9V813
FBgn0013672	P00850
FBgn0013673	P84345
FBgn0013674	P00399
FBgn0013675	P00408
FBgn0013676	P00417
FBgn0013678	P18935
FBgn0023000	O97148
FBgn0030766	Q9VXD9
FBgn0035623	Q9VRN2
FBgn0028956	Q9V818
FBgn0034219	Q9V817
FBgn0037960	Q9VGG8
FBgn0035789	Q9VS77
FBgn0035847	Q9VSE7
FBgn0052475	Q9W0V7
FBgn0035131	Q9W0R6
FBgn0035132	Q9W0R5
FBgn0045443	P83118
FBgn0045442	P83119
FBgn0052476	Q8SYV9
FBgn0014865	Q24395
FBgn0002868	P04357
FBgn0002869	P11956
FBgn0038790	Q9VDN2
FBgn0053192	Q8I9B4
FBgn0013679	P18929
FBgn0013680	P03896
FBgn0013681	P18930
FBgn0262952	P18931
FBgn0013683	P18934
FBgn0013684	P18932
FBgn0013685	P18933
FBgn0013756	A1Z8P9
FBgn0010431	Q23973
FBgn0004177	P23696
FBgn0262598	Q9VLP4
FBgn0010438	P54622
FBgn0261381	Q9VTM5
FBgn0037778	Q9VH38
FBgn0002901	Q9VVN4
FBgn0002905	O18475
FBgn0002909	Q9VS48
FBgn0083967	Q0KI28
FBgn0011672	P49283
FBgn0031637	Q9VR35
FBgn0002914	P04197
FBgn0086347	Q23978
FBgn0010246	Q23979
FBgn0004657	P11584
FBgn0033379	Q7KKH3
FBgn0040298	Q9NI63
FBgn0004647	P07207
FBgn0036039	Q95SX8
FBgn0029762	Q9W4C5
FBgn0259986	Q59E55
FBgn0265351	Q9VHT4
FBgn0086904	Q94518
FBgn0024319	O61365
FBgn0000036	P09478
FBgn0000039	P17644
FBgn0000038	P04755
FBgn0004118	P25162
FBgn0085434	Q9W0Y8
FBgn0002922	P22816
FBgn0032924	Q9VIF1
FBgn0028926	Q9VJQ5
FBgn0013303	P42325
FBgn0002924	P20480
FBgn0028704	Q9U6A0
FBgn0086707	Q9VJ87
FBgn0039234	Q9VC27
FBgn0019957	P91929
FBgn0017566	Q94511
FBgn0011361	Q94519
FBgn0039125	Q9VCG4
FBgn0002926	P98159
FBgn0259174	Q9VVI3
FBgn0032725	Q9VJ33
FBgn0038872	Q86NP2
FBgn0027553	Q9Y113
FBgn0017430	P92204
FBgn0261479	Q9V9U4
FBgn0026630	Q9VVX5
FBgn0015773	Q24567
FBgn0015774	Q24568
FBgn0002932	P29503
FBgn0037447	Q9VI25
FBgn0002933	P23938
FBgn0010294	P40139
FBgn0010295	P40140
FBgn0010296	P40141
FBgn0029148	Q9V3U2
FBgn0002936	P15425
FBgn0002937	Q9VFS2
FBgn0002938	P10676
FBgn0002940	P06002
FBgn0037896	Q9VGP2
FBgn0053554	Q8I8U7
FBgn0026401	Q7PLI2
FBgn0030724	Q9VXK0
FBgn0024945	O76464
FBgn0085442	A6MHQ4
FBgn0002945	Q9VVV9
FBgn0021874	Q9VPR4
FBgn0016685	Q27415
FBgn0010399	Q24418
FBgn0010222	Q04448
FBgn0020392	O61613
FBgn0265726	Q9VY99
FBgn0022069	Q9VJZ7
FBgn0026400	Q9VAU9
FBgn0005771	Q24423
FBgn0002948	P18105
FBgn0044029	P16320
FBgn0014366	O46106
FBgn0028473	Q9V411
FBgn0038585	Q9VEB3
FBgn0004227	Q04047
FBgn0263968	Q70PP2
FBgn0033224	Q0E9G3
FBgn0259937	O44081
FBgn0262738	P13217
FBgn0002962	P25724
FBgn0011676	Q27571
FBgn0013717	Q9VVR1
FBgn0260444	Q9V3G6
FBgn0044028	Q9VUX3
FBgn0031381	Q9VQ62
FBgn0027109	Q9VET0
FBgn0037408	Q9VNM1
FBgn0039348	Q9VBP9
FBgn0035092	Q9W0W6
FBgn0040813	Q9VU58
FBgn0042201	Q9VV28
FBgn0040717	Q9VQ66
FBgn0030800	Q9VXA0
FBgn0036397	Q9VUB4
FBgn0264975	P20241
FBgn0020391	Q9V6K3
FBgn0004108	P23654
FBgn0015776	Q24046
FBgn0015777	Q24048
FBgn0013997	Q94887
FBgn0038473	Q8MT06
FBgn0266284	Q9W590
FBgn0031848	Q9VMA0
FBgn0266464	P54351
FBgn0026079	Q9W4M9
FBgn0035461	Q8SX86
FBgn0033457	Q6NN40
FBgn0085424	P31368
FBgn0036059	Q9VT70
FBgn0004143	P32845
FBgn0002973	P16554
FBgn0033737	Q9V6B9
FBgn0038722	Q9VDV3
FBgn0061200	Q9VXE6
FBgn0262647	Q9VKJ3
FBgn0010660	Q9W1X4
FBgn0016687	O77460
FBgn0036640	Q9VV73
FBgn0028411	Q9V3H8
FBgn0011818	Q9NLA6
FBgn0024944	Q7JQF1
FBgn0022774	Q9VW26
FBgn0261613	A1Z9R4
FBgn0031109	Q9VR94
FBgn0011280	P54192
FBgn0011283	P54195
FBgn0034468	Q9V8Y2
FBgn0034470	Q8SY61
FBgn0034475	Q9V8Y9
FBgn0043535	Q8MKK0
FBgn0043534	Q8MKJ4
FBgn0034509	Q9V931
FBgn0043536	Q8MMF9
FBgn0050145	Q9V938
FBgn0011279	P54191
FBgn0011281	P54193
FBgn0010403	Q23970
FBgn0011282	P54194
FBgn0039678	Q9VAJ4
FBgn0039685	Q9VAI6
FBgn0004102	P22810
FBgn0038980	Q9VCZ3
FBgn0038063	Q4LBB9
FBgn0250910	Q4LBB6
FBgn0004514	P22270
FBgn0014184	P54361
FBgn0013307	P40807
FBgn0013308	P40808
FBgn0002985	P23803
FBgn0033901	Q9V6X7
FBgn0027791	Q9W589
FBgn0027864	Q9V3I8
FBgn0004646	P27716
FBgn0002989	O76460
FBgn0041585	Q9U6B8
FBgn0037153	Q6NP60
FBgn0028996	Q9NJB5
FBgn0003002	P39768
FBgn0025360	Q95RW8
FBgn0025876	Q8I7Q0
FBgn0025875	Q8I7P9
FBgn0029521	Q9W5G6
FBgn0023523	O46077
FBgn0030016	Q9W3I5
FBgn0030204	Q9W2U9
FBgn0030298	Q9VYZ1
FBgn0030715	Q9VXL0
FBgn0041626	Q9I816
FBgn0062565	Q8IRZ5
FBgn0026398	P81909
FBgn0026397	P81910
FBgn0026396	P81911
FBgn0026395	P81912
FBgn0026394	P81913
FBgn0032096	Q9VLE5
FBgn0026392	P81914
FBgn0026391	P81915
FBgn0026390	P81916
FBgn0028946	Q9V3Q2
FBgn0033041	Q9V9I2
FBgn0033043	Q9V9I4
FBgn0026389	P81917
FBgn0026393	P81918
FBgn0033404	Q9V568
FBgn0033422	Q9V589
FBgn0026388	P81919
FBgn0026386	P81921
FBgn0026385	P81922
FBgn0033727	Q9V6A9
FBgn0028963	Q9V6H2
FBgn0034473	Q9V8Y7
FBgn0026384	P81923
FBgn0034865	Q9W1P8
FBgn0034866	Q9W1P7
FBgn0035382	Q9VZW8
FBgn0041625	P82982
FBgn0041624	P82983
FBgn0041623	P82984
FBgn0036009	Q9VT08
FBgn0036019	Q9VT20
FBgn0036078	Q9VT90
FBgn0036080	Q9VT92
FBgn0041622	Q9VU27
FBgn0036474	Q9VUK5
FBgn0036709	Q9VVF3
FBgn0041621	P82986
FBgn0037322	Q9VNB3
FBgn0037399	Q9VNK9
FBgn0037576	Q9VHS4
FBgn0037590	Q9VHQ7
FBgn0037591	Q9VHQ6
FBgn0037594	Q9VHQ2
FBgn0026399	P81924
FBgn0037685	Q9VHE6
FBgn0038203	Q9VFN2
FBgn0038798	Q9VDM1
FBgn0039033	Q9VCS9
FBgn0039034	Q9VCS8
FBgn0039551	Q9VAZ3
FBgn0039582	Q9VAW0
FBgn0264307	Q9VSR3
FBgn0022772	O16810
FBgn0015270	Q24168
FBgn0015271	Q24169
FBgn0023180	Q9Y1B2
FBgn0037324	Q9VNB5
FBgn0019952	Q9VCA2
FBgn0086365	Q95R48
FBgn0003009	Q24434
FBgn0017561	Q94526
FBgn0037110	Q9VP04
FBgn0261885	Q8IN94
FBgn0010401	Q23971
FBgn0031717	Q9VMP9
FBgn0035317	Q9W040
FBgn0003015	P25158
FBgn0003016	Q27421
FBgn0014868	Q24319
FBgn0266420	P20240
FBgn0004839	Q6AWJ9
FBgn0015524	P56672
FBgn0003023	P10383
FBgn0003028	P51521
FBgn0011227	Q9XY35
FBgn0015360	Q7KVA1
FBgn0086679	Q9VHN9
FBgn0024846	O61443
FBgn0267339	P83100
FBgn0265297	P21187
FBgn0005648	Q7KNF2
FBgn0025809	Q9VXP4
FBgn0060296	Q9W0Y6
FBgn0283510	Q9V5E1
FBgn0262728	Q9W1L5
FBgn0036192	Q9VTM0
FBgn0085432	P91943
FBgn0034617	Q9W2H9
FBgn0036695	Q9VVD9
FBgn0264255	P35500
FBgn0023216	O46043
FBgn0010247	P35875
FBgn0036007	Q9VT04
FBgn0067864	Q9NB04
FBgn0263197	A1ZAU8
FBgn0051481	P31264
FBgn0264810	Q9VJS7
FBgn0003042	P26017
FBgn0024841	O76454
FBgn0036184	Q9VTL1
FBgn0003044	Q24459
FBgn0086768	Q27869
FBgn0005655	P17917
FBgn0003046	P14484
FBgn0033988	Q9V785
FBgn0003048	P18490
FBgn0038237	Q9VFI9
FBgn0085370	Q9VJ79
FBgn0023178	O96690
FBgn0260753	Q9W4Y2
FBgn0014002	P54399
FBgn0017558	P91622
FBgn0020386	Q9W0V1
FBgn0004394	P31369
FBgn0037327	Q9NIV1
FBgn0011207	P48612
FBgn0267727	P52295
FBgn0053198	Q86BE9
FBgn0015527	O61345
FBgn0004401	P41073
FBgn0003067	P20007
FBgn0003068	P07663
FBgn0031282	Q9VPT5
FBgn0052226	Q9VWB0
FBgn0003071	P52034
FBgn0023517	O46084
FBgn0031530	Q6WV19
FBgn0027558	Q9Y117
FBgn0051956	Q8IA42
FBgn0031681	Q6WV17
FBgn0035375	Q6WV16
FBgn0036529	Q9VUT6
FBgn0001970	Q8MVS5
FBgn0033088	Q7K0P4
FBgn0031997	Q9VLR9
FBgn0004654	P41572
FBgn0003074	P52029
FBgn0250906	Q01604
FBgn0003076	Q9VUY9
FBgn0035975	Q95T64
FBgn0037906	Q8INK6
FBgn0035976	Q9GNK5
FBgn0260458	Q9GN97
FBgn0030695	Q9VXN9
FBgn0035977	Q8SXQ7
FBgn0030310	Q9VYX7
FBgn0043578	Q70PY2
FBgn0043577	Q9VV96
FBgn0043576	Q9V3B7
FBgn0033327	Q9V3B7
FBgn0043575	Q9V4X2
FBgn0035806	Q9VS97
FBgn0003079	P11346
FBgn0032749	Q9VJ07
FBgn0004959	Q9VWR5
FBgn0283509	O01404
FBgn0002521	Q8ST83
FBgn0004861	P39769
FBgn0028579	Q9V9A8
FBgn0013725	Q27934
FBgn0033669	Q9V637
FBgn0260962	Q9XYZ5
FBgn0024315	Q9V7S5
FBgn0264953	M9MSG8
FBgn0003086	P26023
FBgn0010309	Q24118
FBgn0265174	Q9V7W1
FBgn0016926	Q9VPW8
FBgn0003089	Q86BJ3
FBgn0266581	Q9VD51
FBgn0016696	Q9VPC0
FBgn0004872	Q9VKM1
FBgn0003090	A1Z6W3
FBgn0000273	P12370
FBgn0000274	P16911
FBgn0000489	P16912
FBgn0259243	P16905
FBgn0022382	P81900
FBgn0003091	P05130
FBgn0003093	P13678
FBgn0259680	P83099
FBgn0000442	Q03042
FBgn0020621	A1Z7T0
FBgn0004611	P25455
FBgn0005626	P18459
FBgn0025740	Q9V4A7
FBgn0025574	O77237
FBgn0039111	Q86BN8
FBgn0010441	Q05652
FBgn0003114	P42570
FBgn0044419	Q8IQ56
FBgn0033050	Q7KRR5
FBgn0003117	P52168
FBgn0003118	P51022
FBgn0013726	P40797
FBgn0036354	Q9VU65
FBgn0011230	Q9VLT5
FBgn0035047	Q9W123
FBgn0003124	P52304
FBgn0040078	Q9VH07
FBgn0004957	Q9VWV9
FBgn0004363	Q94920
FBgn0003129	P23757
FBgn0003130	P23758
FBgn0003132	Q05547
FBgn0004103	P12982
FBgn0003134	P48461
FBgn0260439	P36179
FBgn0011826	Q27889
FBgn0023177	O76932
FBgn0010770	Q9VDE5
FBgn0065109	Q9VL84
FBgn0039679	Q9VAJ3
FBgn0030795	Q86LG1
FBgn0027945	Q9U616
FBgn0003137	Q868Z9
FBgn0033367	Q9V521
FBgn0261363	Q9W1V6
FBgn0030208	Q9W2U4
FBgn0030057	Q9W3C7
FBgn0032358	Q9VKH6
FBgn0003139	Q27884
FBgn0003140	P11612
FBgn0003141	P48611
FBgn0013955	Q9I7F7
FBgn0004901	Q27601
FBgn0032059	Q9VLJ0
FBgn0003145	P06601
FBgn0033413	Q9V579
FBgn0040077	P82890
FBgn0040076	P82891
FBgn0003149	P35415
FBgn0026189	P82295
FBgn0004595	P29617
FBgn0263121	Q9XZJ4
FBgn0086134	P40301
FBgn0261394	P18053
FBgn0261395	Q9VA12
FBgn0004066	P22769
FBgn0265606	Q24178
FBgn0017556	Q27575
FBgn0016697	Q95083
FBgn0250843	P12881
FBgn0023175	Q9V5C6
FBgn0026380	Q9XYN7
FBgn0031443	Q9VQE5
FBgn0002284	P40304
FBgn0250746	Q9VNA5
FBgn0011474	Q9VFK6
FBgn0005624	P35820
FBgn0261976	Q9VQY9
FBgn0030926	Q9VWU1
FBgn0243511	Q9VDQ7
FBgn0019947	O02194
FBgn0038948	Q9VD28
FBgn0013311	Q7M3K2
FBgn0003892	P18502
FBgn0004370	P35992
FBgn0267487	Q9W0G1
FBgn0014007	P16620
FBgn0004369	P35832
FBgn0020912	O18400
FBgn0003162	P48596
FBgn0028577	Q8T6B9
FBgn0020385	O96553
FBgn0003165	P25822
FBgn0004577	Q01603
FBgn0011828	Q9VZZ4
FBgn0261987	Q9VEG6
FBgn0043900	Q9V9W8
FBgn0267385	O62619
FBgn0034918	P82804
FBgn0035113	Q9W0T5
FBgn0036726	Q9VVH3
FBgn0003187	Q23989
FBgn0260499	B5A5T4
FBgn0003189	P05990
FBgn0004636	P08645
FBgn0016699	P16423
FBgn0044825	P16424
FBgn0044824	P16425
FBgn0005586	P25228
FBgn0027505	Q9VKB9
FBgn0030613	Q9VXY2
FBgn0015797	O18334
FBgn0086913	Q9VP48
FBgn0010333	P40792
FBgn0014011	P48554
FBgn0045843	P40809
FBgn0020618	O18640
FBgn0034728	Q9W252
FBgn0015286	P48555
FBgn0020255	Q9VZ23
FBgn0053180	Q9GQN0
FBgn0262114	Q4Z8K6
FBgn0003346	Q9VIW3
FBgn0036497	Q9VUN3
FBgn0003204	Q07152
FBgn0003206	P04388
FBgn0003205	P08646
FBgn0004390	P48423
FBgn0024194	Q9VZU2
FBgn0031868	Q9VM71
FBgn0004903	Q02926
FBgn0036973	Q9VPH8
FBgn0015799	Q24472
FBgn0260944	Q02427
FBgn0260943	Q9VVE5
FBgn0002638	P25171
FBgn0261549	Q09103
FBgn0003218	P43125
FBgn0027872	Q9U9P7
FBgn0265959	P40421
FBgn0004244	P25123
FBgn0264493	Q9VFP2
FBgn0003227	Q9VF30
FBgn0003231	P14199
FBgn0016715	Q94915
FBgn0015801	Q94913
FBgn0014018	Q94527
FBgn0026378	Q9V8W3
FBgn0040075	Q9V3K3
FBgn0034157	Q9V7U0
FBgn0031814	Q9VMD6
FBgn0004795	Q24573
FBgn0087002	Q9V496
FBgn0260985	P53034
FBgn0266098	Q9W4E2
FBgn0017550	Q94547
FBgn0003248	P08099
FBgn0003249	P04950
FBgn0003250	P08255
FBgn0014019	P91657
FBgn0019940	O01668
FBgn0041191	Q9VND8
FBgn0004635	P20350
FBgn0014020	P48148
FBgn0041723	Q76NQ1
FBgn0036257	Q9VTU3
FBgn0038747	Q9VDS5
FBgn0039883	Q9V9S7
FBgn0026375	Q9VX32
FBgn0014380	Q24192
FBgn0028292	Q9W358
FBgn0028500	Q9V3C5
FBgn0250850	Q86BY9
FBgn0035762	Q9VS46
FBgn0032189	Q9VL31
FBgn0003256	P40417
FBgn0003257	Q01637
FBgn0026056	Q9VDG2
FBgn0003261	P19109
FBgn0267337	Q9VI93
FBgn0035106	Q7YZH1
FBgn0014024	Q9W4D2
FBgn0011703	P48591
FBgn0011704	P48592
FBgn0003267	P10181
FBgn0025638	Q9W5E1
FBgn0040291	Q9NHX0
FBgn0014877	P48604
FBgn0036697	Q9VVE2
FBgn0004574	Q07327
FBgn0010407	Q24488
FBgn0011705	O44252
FBgn0010173	Q24492
FBgn0053520	Q7KSD8
FBgn0039218	Q9VC49
FBgn0032634	Q9VJE4
FBgn0015805	Q94517
FBgn0019938	P91875
FBgn0003278	P20028
FBgn0004855	P36958
FBgn0003275	Q24320
FBgn0262955	P08266
FBgn0003277	P04052
FBgn0004463	P25167
FBgn0020910	O16797
FBgn0003279	P09180
FBgn0064225	Q9W5R8
FBgn0005593	P32100
FBgn0014026	P46223
FBgn0261602	Q9V3G1
FBgn0015756	P50882
FBgn0024733	O61231
FBgn0036213	Q9VTP4
FBgn0013325	P46222
FBgn0011272	P41126
FBgn0037351	Q9VNE9
FBgn0017579	P55841
FBgn0028697	O17445
FBgn0029897	Q9W3W8
FBgn0035753	Q9VS34
FBgn0010409	P41093
FBgn0002607	P36241
FBgn0015288	P50887
FBgn0010078	P48159
FBgn0032518	Q9VJY6
FBgn0037899	Q9VGN9
FBgn0261606	P41092
FBgn0035422	Q9VZS5
FBgn0016726	Q24154
FBgn0025286	Q9V597
FBgn0002626	P04359
FBgn0002579	P49630
FBgn0030616	Q9VXX8
FBgn0261608	Q9VMU4
FBgn0034822	Q9W1U6
FBgn0040007	Q9W5N2
FBgn0023170	O16130
FBgn0003941	P18101
FBgn0000100	P19889
FBgn0002593	P08570
FBgn0003274	P05389
FBgn0028692	Q9V3P6
FBgn0261396	P25161
FBgn0028689	Q7KLV9
FBgn0028688	Q9V3G7
FBgn0002787	P26270
FBgn0015283	P55035
FBgn0028694	Q9V3H2
FBgn0033886	Q7K2G1
FBgn0066304	Q2MGL3
FBgn0011706	Q24475
FBgn0004867	P31009
FBgn0002622	Q06559
FBgn0017545	P55830
FBgn0011284	P41042
FBgn0002590	Q24186
FBgn0038277	Q9VFE4
FBgn0261592	P29327
FBgn0039757	Q9VA91
FBgn0039713	Q8MLY8
FBgn0010408	P55935
FBgn0027494	Q9VB14
FBgn0261593	Q9VWG3
FBgn0033699	Q0E9B6
FBgn0260441	P80455
FBgn0010265	Q03334
FBgn0004403	P14130
FBgn0004404	P14130
FBgn0010198	P48149
FBgn0033555	Q7KR04
FBgn0034743	Q9W237
FBgn0005533	P17704
FBgn0010411	P41094
FBgn0010412	P39018
FBgn0039129	Q7KS38
FBgn0019936	P55828
FBgn0015521	O76927
FBgn0033912	Q8T3U2
FBgn0086472	P48588
FBgn0261597	P13008
FBgn0003942	P15357
FBgn0030136	Q9W334
FBgn0261599	Q9VH69
FBgn0015282	P48601
FBgn0020369	O18413
FBgn0004584	P27864
FBgn0011305	Q24491
FBgn0003285	Q08180
FBgn0003292	Q9VTK2
FBgn0020909	P56175
FBgn0034722	Q9W261
FBgn0266019	Q8SY41
FBgn0086253	Q8T045
FBgn0003300	P22814
FBgn0003301	P32870
FBgn0003302	P50445
FBgn0020617	Q9W2Q1
FBgn0003308	P10351
FBgn0004842	P25931
FBgn0011286	Q24498
FBgn0003310	P42519
FBgn0283473	Q9VWQ2
FBgn0283500	Q9W0I6
FBgn0003312	Q9VGH1
FBgn0026371	O97143
FBgn0003313	P21750
FBgn0261648	P39770
FBgn0019932	P91931
FBgn0005278	P40320
FBgn0024188	Q9NHD5
FBgn0030788	Q9VXB3
FBgn0013334	Q960T2
FBgn0002306	Q04164
FBgn0029755	Q9I7W5
FBgn0039731	Q9VAC8
FBgn0267378	Q9VQ93
FBgn0053193	Q9VCR6
FBgn0003319	Q05319
FBgn0003321	Q9U1H9
FBgn0004170	P10084
FBgn0003326	P21520
FBgn0011232	Q9VLC0
FBgn0003328	O44386
FBgn0003330	Q9VB08
FBgn0266491	C0HJH4
FBgn0266492	C0HJH3
FBgn0003334	Q9VHA0
FBgn0260936	Q9VRP5
FBgn0003339	P09077
FBgn0261385	Q9V4P1
FBgn0263289	Q7KRY7
FBgn0004888	Q94522
FBgn0021765	O18404
FBgn0005590	P54631
FBgn0041094	Q9VTH4
FBgn0003345	P30052
FBgn0010415	P49415
FBgn0261439	Q94523
FBgn0038437	Q8SZ16
FBgn0014028	P21914
FBgn0039112	Q9VCI5
FBgn0021764	O97394
FBgn0086348	Q9VSL3
FBgn0266669	Q9VVG4
FBgn0266670	Q9VQQ9
FBgn0266671	Q9V8K2
FBgn0266672	Q9VNH6
FBgn0266673	Q9XTM1
FBgn0266674	Q9VDE6
FBgn0031049	Q9VWE9
FBgn0040336	Q9V3X4
FBgn0261270	O18373
FBgn0030350	Q7Z2C4
FBgn0267376	Q8INK9
FBgn0266666	Q9VM46
FBgn0011259	Q24322
FBgn0011260	Q24323
FBgn0002573	Q9N658
FBgn0011710	P42207
FBgn0014029	P54359
FBgn0004197	P18168
FBgn0010414	P51905
FBgn0003360	Q26365
FBgn0034897	Q9W1K5
FBgn0014879	P53997
FBgn0040022	Q5LJZ2
FBgn0030486	Q9VYD1
FBgn0003366	P13368
FBgn0020251	Q9V3L1
FBgn0032475	Q9VK33
FBgn0036804	Q9VVR6
FBgn0003371	P18431
FBgn0261445	O02373
FBgn0003373	P02840
FBgn0003374	Q00725
FBgn0003375	P07701
FBgn0003377	P02841
FBgn0003378	P02842
FBgn0003380	P08510
FBgn0035772	Q9NFP5
FBgn0262593	P17970
FBgn0085387	P33085
FBgn0005564	P17971
FBgn0015295	Q24145
FBgn0003386	P17972
FBgn0003388	Q9VUF8
FBgn0052423	Q8MSV2
FBgn0003390	Q9W3W5
FBgn0003391	Q24298
FBgn0003392	P27619
FBgn0085408	A1Z9P3
FBgn0003401	Q9W1I9
FBgn0030352	Q9VYS5
FBgn0263873	Q9VIQ9
FBgn0038303	Q9VFB7
FBgn0085447	P91621
FBgn0053527	Q6IGX9
FBgn0038880	Q8IN35
FBgn0004666	P05709
FBgn0266411	Q24167
FBgn0033935	Q9V719
FBgn0003410	P21461
FBgn0259794	Q8T3Y0
FBgn0024191	Q9Y103
FBgn0039875	Q95SP2
FBgn0024291	Q9VK34
FBgn0038788	Q9I7I7
FBgn0029783	Q8IRR5
FBgn0037802	Q9VH08
FBgn0039631	Q9VAQ1
FBgn0031971	Q9VLU6
FBgn0003411	Q9VZ09
FBgn0029761	Q7KVW5
FBgn0003415	Q7KTX8
FBgn0262717	Q9VGY6
FBgn0005638	Q02637
FBgn0041186	Q9VAN6
FBgn0037810	Q8INM3
FBgn0003423	Q04499
FBgn0264978	Q24179
FBgn0264089	P24014
FBgn0261477	A1ZB86
FBgn0051133	Q95T19
FBgn0024728	Q8MR31
FBgn0038524	Q9VEI3
FBgn0029161	Q9V3U9
FBgn0003429	Q03720
FBgn0264087	Q8IPH9
FBgn0002941	P22807
FBgn0003430	P32030
FBgn0004567	P32031
FBgn0030018	Q95UN8
FBgn0086906	Q9I7U4
FBgn0039626	Q9VAQ7
FBgn0025469	Q7JVE7
FBgn0037263	Q9VN41
FBgn0262601	Q05856
FBgn0261933	Q9VU02
FBgn0261789	Q9VI10
FBgn0023167	O44437
FBgn0261790	Q9VLV5
FBgn0000426	Q24297
FBgn0016070	Q23972
FBgn0036641	Q9VV74
FBgn0003444	P91682
FBgn0052380	Q9VS60
FBgn0003447	Q24524
FBgn0003448	P08044
FBgn0011288	P36975
FBgn0031455	Q9VQF9
FBgn0003449	P43332
FBgn0003450	P05049
FBgn0260004	Q9VDD3
FBgn0035815	E1JI63
FBgn0265630	A8JUV0
FBgn0032840	Q9VIQ0
FBgn0016978	P17133
FBgn0261792	Q9VE17
FBgn0261791	Q9VXE0
FBgn0259199	B7Z0I7
FBgn0003460	Q27350
FBgn0004892	Q9VQS7
FBgn0003462	P61851
FBgn0010213	Q00637
FBgn0003463	Q24025
FBgn0003464	P27398
FBgn0001965	P26675
FBgn0038225	Q9VFK3
FBgn0005612	P40656
FBgn0005613	P40657
FBgn0051755	Q9VL52
FBgn0003034	P05623
FBgn0037265	Q9VN45
FBgn0039141	Q8I0P1
FBgn0040623	Q9VAL0
FBgn0039172	Q9VCA9
FBgn0030306	Q9VYY2
FBgn0087021	Q9V3V7
FBgn0044823	Q9VNE7
FBgn0015546	P43248
FBgn0016977	Q8SX83
FBgn0005672	Q01083
FBgn0086676	Q9GQQ0
FBgn0003475	Q9U1K1
FBgn0010591	Q9V7Y2
FBgn0003479	Q27297
FBgn0003483	Q9VF26
FBgn0003486	Q9VRM7
FBgn0029768	Q8SWR3
FBgn0085443	Q8MQW8
FBgn0032224	Q9VKY8
FBgn0028683	Q9TVQ5
FBgn0040273	Q9V460
FBgn0028982	Q9W420
FBgn0003495	P48607
FBgn0263396	Q08473
FBgn0003514	P40423
FBgn0010768	Q9VDZ3
FBgn0086370	Q9XZL8
FBgn0038320	Q9VF87
FBgn0029121	Q9U1H8
FBgn0264959	Q9V9J3
FBgn0262733	P00528
FBgn0003507	P52172
FBgn0035827	Q9VSC1
FBgn0015298	P49963
FBgn0035947	Q9VSS2
FBgn0003510	P07666
FBgn0003511	P07665
FBgn0003512	P07664
FBgn0015299	Q9VLR5
FBgn0029157	Q6NN85
FBgn0015300	Q24536
FBgn0010278	Q05344
FBgn0003515	P45843
FBgn0003517	P38979
FBgn0024836	Q9V5N8
FBgn0030850	Q9VX39
FBgn0016917	Q24151
FBgn0003520	P25159
FBgn0001978	P40798
FBgn0044817	Q9NIV2
FBgn0053236	Q7KV12
FBgn0053237	Q7KV13
FBgn0053238	Q7KV14
FBgn0053239	Q7KV15
FBgn0053240	Q7KV12
FBgn0053241	Q7KV15
FBgn0053243	Q7KV19
FBgn0053244	Q7KV12
FBgn0053245	Q7KV12
FBgn0053246	Q7KV22
FBgn0053247	Q7KV23
FBgn0003525	P20483
FBgn0003527	P92189
FBgn0045073	P83094
FBgn0046692	P83098
FBgn0086784	Q8IGJ0
FBgn0016976	Q24211
FBgn0016975	Q24212
FBgn0036571	Q9VUY8
FBgn0050263	Q9W2E1
FBgn0014388	O44783
FBgn0003545	Q9V877
FBgn0265189	Q9I7H9
FBgn0003557	Q9Y0H4
FBgn0003559	P25991
FBgn0033782	Q7K0S9
FBgn0004837	P28159
FBgn0003567	P08970
FBgn0040271	Q9VEX0
FBgn0028675	Q9VL32
FBgn0038504	Q9VEK6
FBgn0029117	Q9U4F3
FBgn0019925	O18405
FBgn0038746	Q9VDS6
FBgn0003575	P22293
FBgn0014037	Q9VW51
FBgn0025355	Q9VTE2
FBgn0260397	Q9VW97
FBgn0003598	P20193
FBgn0263755	P45975
FBgn0003607	P05205
FBgn0003638	P12297
FBgn0265623	P25172
FBgn0020887	Q9NJG9
FBgn0003651	P16375
FBgn0004648	P42787
FBgn0003654	Q24246
FBgn0003655	P40688
FBgn0034262	Q8SXT3
FBgn0030739	Q9VXH9
FBgn0032731	Q9VJ26
FBgn0003656	Q9U969
FBgn0264270	P19339
FBgn0003660	P18489
FBgn0024187	Q9GQF1
FBgn0037371	Q8MSU4
FBgn0004575	Q24546
FBgn0004242	P21521
FBgn0013343	Q24547
FBgn0024980	Q7KVY7
FBgn0011708	Q24509
FBgn0017482	Q9W265
FBgn0039734	Q9VAC5
FBgn0010355	P51123
FBgn0037792	Q9VH20
FBgn0011836	Q24325
FBgn0010280	P47825
FBgn0010356	P49846
FBgn0010417	P49847
FBgn0024909	Q9VHY5
FBgn0022724	Q9VWY6
FBgn0028398	Q9U5W9
FBgn0026324	Q9XZT7
FBgn0011291	P49906
FBgn0011290	P49905
FBgn0037470	Q9VI58
FBgn0026323	Q9V3Q6
FBgn0046689	P83104
FBgn0259730	C0HJX4
FBgn0259731	C0HJX5
FBgn0259732	A3RLR0
FBgn0259733	A3RLR1
FBgn0023477	Q9W1G0
FBgn0004406	Q27607
FBgn0041582	Q9W1A4
FBgn0031842	Q9VMA7
FBgn0030503	Q9VYA8
FBgn0032728	Q9VJ29
FBgn0033902	Q7JVI3
FBgn0050404	Q961C9
FBgn0086674	Q9VYB7
FBgn0028980	Q8T0D4
FBgn0031030	Q0KHQ5
FBgn0015550	O16867
FBgn0026619	Q9V6G5
FBgn0010329	Q86B61
FBgn0003687	P20227
FBgn0003676	P12613
FBgn0037874	Q9VGS2
FBgn0261697	Q9VMH0
FBgn0086350	Q7K4M4
FBgn0045035	Q5EAK6
FBgn0267001	Q9VYN8
FBgn0004449	O61307
FBgn0261014	Q7KN62
FBgn0003683	P11455
FBgn0263392	M9NEY8
FBgn0036899	Q9VW27
FBgn0033929	Q960E8
FBgn0011289	P52654
FBgn0013347	P52656
FBgn0040338	Q9W5B9
FBgn0004915	P29052
FBgn0010282	Q05913
FBgn0010421	P41900
FBgn0010422	P20232
FBgn0264075	O15945
FBgn0031321	Q9VPY8
FBgn0010416	Q24134
FBgn0011555	P42278
FBgn0034939	Q9W1F4
FBgn0036263	Q9VTV1
FBgn0035110	Q8IRJ8
FBgn0003701	P42286
FBgn0011722	Q9VMD9
FBgn0014395	Q9VR52
FBgn0014396	P49021
FBgn0027359	Q9Y1A3
FBgn0030480	Q9VYD7
FBgn0027358	Q9Y0V3
FBgn0027360	Q9W2D6
FBgn0036204	Q9VTN3
FBgn0038018	Q9VGA2
FBgn0037307	Q9VN97
FBgn0037310	Q9VNA0
FBgn0025879	Q9VH14
FBgn0004110	P22711
FBgn0035083	Q9W0Y1
FBgn0261649	Q86B91
FBgn0028979	Q9U3V5
FBgn0026080	Q960X4
FBgn0003710	P48613
FBgn0011837	P47980
FBgn0037976	Q9VGE8
FBgn0003714	P10735
FBgn0004841	P30974
FBgn0004622	P30975
FBgn0262473	P08953
FBgn0003719	P25723
FBgn0003720	P18102
FBgn0003721	P06754
FBgn0004117	P09491
FBgn0027508	Q9VBP3
FBgn0039298	Q9VBV3
FBgn0036494	Q9VUN0
FBgn0034476	Q7KIN0
FBgn0029114	Q9V477
FBgn0016041	Q9U4L6
FBgn0033074	A1Z6L1
FBgn0004924	P30189
FBgn0003732	P15348
FBgn0040268	Q9NG98
FBgn0026015	O96651
FBgn0037751	Q9VH70
FBgn0267351	Q9V8P9
FBgn0003733	P18475
FBgn0021796	Q9VK45
FBgn0025615	O77277
FBgn0015553	Q24558
FBgn0028396	Q8IN44
FBgn0038838	Q9VDH4
FBgn0044812	Q8IN43
FBgn0044811	Q9VIR2
FBgn0031701	Q9VMR8
FBgn0044810	Q8IN41
FBgn0044809	Q8IN42
FBgn0086355	P29613
FBgn0013348	P47947
FBgn0010423	P47948
FBgn0010424	P47949
FBgn0020370	Q9V6K1
FBgn0003741	P11596
FBgn0003742	P19018
FBgn0037734	Q9VH90
FBgn0003744	Q9NBK5
FBgn0039668	Q7KRW1
FBgn0046687	Q9NDM2
FBgn0003748	Q9W2M2
FBgn0050035	A1Z8N1
FBgn0033644	Q8MKK4
FBgn0010287	Q27896
FBgn0262139	Q24119
FBgn0015834	O02195
FBgn0003751	Q24155
FBgn0013263	Q08605
FBgn0003861	P19334
FBgn0035934	Q7Z020
FBgn0032593	Q9VJJ7
FBgn0005614	P48994
FBgn0265194	A8DYE2
FBgn0023518	Q8IRW8
FBgn0266724	Q9VUZ1
FBgn0003862	P20659
FBgn0040070	Q9V429
FBgn0020653	P91938
FBgn0037170	Q9VNT5
FBgn0029752	Q8IFW4
FBgn0024920	O76511
FBgn0003865	P54356
FBgn0003866	P22265
FBgn0003867	P40689
FBgn0011726	P45594
FBgn0033378	Q9V535
FBgn0032744	Q8SYD0
FBgn0050118	Q7K556
FBgn0003870	P42282
FBgn0031854	Q9VM91
FBgn0031853	Q9VM92
FBgn0035124	Q9W0S3
FBgn0032971	Q9V9P3
FBgn0250874	Q9W4V8
FBgn0265974	Q9V730
FBgn0015558	Q9U6L4
FBgn0003882	P22812
FBgn0003891	P25823
FBgn0034046	Q7K2Y9
FBgn0010473	Q967D7
FBgn0086368	Q9W5D4
FBgn0002673	Q03019
FBgn0038206	Q9VFM9
FBgn0003900	P10627
FBgn0004889	P36872
FBgn0263118	P41894
FBgn0033210	Q9V4Q8
FBgn0017457	Q94535
FBgn0005411	Q24562
FBgn0027780	Q9VLL0
FBgn0263697	Q9V6U8
FBgn0015320	P52485
FBgn0015321	P52486
FBgn0004436	P25153
FBgn0035853	Q9VSF3
FBgn0017456	P52487
FBgn0003943	P0CG69
FBgn0022224	Q9V998
FBgn0016756	Q24574
FBgn0030809	Q9VX91
FBgn0003944	P83949
FBgn0010288	P35122
FBgn0036136	Q9VTF9
FBgn0014075	Q09332
FBgn0039536	Q9VB11
FBgn0024184	O77215
FBgn0034013	Q95TU8
FBgn0267002	A1ZAJ2
FBgn0025549	Q9XYQ2
FBgn0004395	Q86B79
FBgn0015561	Q4V5A3
FBgn0004169	P19351
FBgn0033428	Q9V595
FBgn0030354	Q9VYS3
FBgn0035025	Q9W148
FBgn0003961	P16163
FBgn0035965	Q9VSU7
FBgn0003963	Q9VPQ6
FBgn0003964	P20153
FBgn0030366	Q9VYQ8
FBgn0029819	Q9W462
FBgn0032499	Q9VK07
FBgn0004055	P10379
FBgn0003965	P20351
FBgn0270928	O17444
FBgn0040069	Q9NFP1
FBgn0262526	P09052
FBgn0040068	Q9NHV9
FBgn0053200	Q9N2P6
FBgn0003975	Q26366
FBgn0283536	Q9XZH6
FBgn0262512	Q24583
FBgn0037402	Q9VNL3
FBgn0262736	P23380
FBgn0283535	P54611
FBgn0022097	Q9V7D2
FBgn0040377	Q9NEF6
FBgn0262511	Q9V7N5
FBgn0005671	P31409
FBgn0265262	P48602
FBgn0263598	Q27331
FBgn0028665	Q9W4P5
FBgn0039058	Q9VCQ3
FBgn0027779	Q9V3J1
FBgn0041174	Q9V3C1
FBgn0036237	Q8MR62
FBgn0053117	Q8INV7
FBgn0264848	Q9VTY6
FBgn0004397	O46037
FBgn0003977	Q9W1R5
FBgn0003978	Q9VIP8
FBgn0003979	P11449
FBgn0003980	P13238
FBgn0014076	Q9VKI3
FBgn0003983	Q06521
FBgn0003984	Q94918
FBgn0261930	P22808
FBgn0022027	Q7JXV9
FBgn0014411	Q9W552
FBgn0021814	Q9V359
FBgn0086785	Q9VU87
FBgn0034380	Q8MSY4
FBgn0036740	Q9VVI9
FBgn0263143	Q9VCU7
FBgn0086680	P16241
FBgn0003996	P10090
FBgn0004655	Q9W517
FBgn0033692	Q7JW27
FBgn0024182	Q9VRH6
FBgn0004003	O44342
FBgn0262560	Q9V7P1
FBgn0005642	P15619
FBgn0034718	Q9W266
FBgn0032030	Q9VLN1
FBgn0040066	Q9V3J8
FBgn0267449	B4F7L9
FBgn0259745	Q9V4M2
FBgn0011737	P54350
FBgn0001990	Q9VJN5
FBgn0004009	P09615
FBgn0051151	Q3LHL9
FBgn0030941	Q9VWS4
FBgn0260780	Q9VYS4
FBgn0036141	Q95ST2
FBgn0004360	P28465
FBgn0010453	P40589
FBgn0010194	P28466
FBgn0038134	Q9VFX1
FBgn0261020	Q9VLQ1
FBgn0038608	Q9VE86
FBgn0046685	P83097
FBgn0011739	Q9VA38
FBgn0029857	Q9W415
FBgn0016078	Q9V576
FBgn0283471	P36188
FBgn0031972	Q9VLU5
FBgn0041613	Q9NBX5
FBgn0041612	Q9NBX4
FBgn0029906	Q9W3V8
FBgn0016080	Q9U3V8
FBgn0028974	Q9U3V9
FBgn0039338	Q9GQN5
FBgn0004832	P28518
FBgn0004698	Q24595
FBgn0004034	P09957
FBgn0041710	Q9VG09
FBgn0038105	Q9VG08
FBgn0005596	P25992
FBgn0265575	P91679
FBgn0026749	Q9XZF0
FBgn0034970	Q45VV3
FBgn0004649	P98163
FBgn0032321	Q9VKM6
FBgn0004045	P02843
FBgn0005391	P02844
FBgn0004047	P06607
FBgn0004050	P09956
FBgn0004052	P22469
FBgn0265991	A1ZA47
FBgn0035900	Q9VSK8
FBgn0004053	P09089
FBgn0004054	P09090
FBgn0011556	P42280
FBgn0004606	P28166
FBgn0004607	P28167
FBgn0265434	Q99323
FBgn0039714	Q9VAF0
FBgn0266709	Q9VU41
FBgn0024177	Q9VRX6
FBgn0261266	Q9VKD7
FBgn0004057	P12646
FBgn0004643	Q9W4X9
FBgn0061476	Q9VA00
FBgn0037238	Q9VN12
FBgn0037467	Q9VI55
FBgn0037279	Q7JZB4
FBgn0035300	Q9W056
FBgn0037313	Q9VNA4
FBgn0037377	Q9VNI3
FBgn0037489	Q9VI82
FBgn0037368	Q9VNH1
FBgn0026566	O97067
FBgn0035523	Q9VZE7
FBgn0026565	O97069
FBgn0033202	Q9V4Q0
FBgn0030151	Q8SWU7
FBgn0039601	Q9VAT2
FBgn0039828	Q9V9Z9
FBgn0039827	Q9VA02
FBgn0030258	Q9VZ40
FBgn0033191	Q7JWD3
FBgn0039600	Q7KRW8
FBgn0030286	Q9VZ08
FBgn0030305	Q9VYY3
FBgn0030061	Q9W3C2
FBgn0030063	Q9W3C0
FBgn0033431	Q8MR45
FBgn0033401	Q9V564
FBgn0039690	Q9VAI0
FBgn0027498	Q9Y0Y7
FBgn0030251	Q9VZ49
FBgn0037360	Q9VNG1
FBgn0035213	Q8IRH5
FBgn0030447	Q9VYH3
FBgn0030460	Q9VYF8
FBgn0032873	Q9VIK9
FBgn0000092	O76879
FBgn0014931	Q8T053
FBgn0030504	Q9VYA7
FBgn0024977	O76908
FBgn0035082	Q9W0Y2
FBgn0014930	O76206
FBgn0030178	Q9W2Y3
FBgn0266570	Q7K4H4
FBgn0040337	Q9W5B6
FBgn0025612	Q9W4I5
FBgn0033005	Q9V9E3
FBgn0027564	Q9Y123
FBgn0029789	Q9W495
FBgn0029885	Q9W3Y0
FBgn0042083	Q9V9A7
FBgn0031519	Q9VQN8
FBgn0031875	Q9VM60
FBgn0036000	Q9VSZ6
FBgn0029714	Q9W4J5
FBgn0029708	Q9W4K2
FBgn0025681	Q9VQK0
FBgn0035035	Q9W138
FBgn0038268	Q95T10
FBgn0037026	Q9VPB1
FBgn0261444	Q9W5A5
FBgn0031227	Q9VPK7
FBgn0031589	Q9VQX4
FBgn0022343	Q8MMC4
FBgn0029853	Q9W422
FBgn0031662	Q9VMW8
FBgn0034802	Q8T8R1
FBgn0038275	Q9VFE6
FBgn0023520	O46080
FBgn0031284	Q9VPT7
FBgn0031670	Q9VMV6
FBgn0037780	Q9VH36
FBgn0035989	Q9VSY4
FBgn0011824	Q7KVQ0
FBgn0025629	O77263
FBgn0020312	Q7K4B6
FBgn0025630	O77264
FBgn0034982	Q9W1A2
FBgn0029798	Q9W484
FBgn0034894	Q7KVH9
FBgn0025558	O77286
FBgn0038300	Q9VFC0
FBgn0014092	Q9NK57
FBgn0028481	Q9V3X5
FBgn0032138	Q9VL96
FBgn0034665	Q9W2C3
FBgn0023545	Q8T4E1
FBgn0039065	Q9VCP1
FBgn0031893	A2VEI2
FBgn0028519	Q9V3U0
FBgn0031896	Q9VM35
FBgn0025335	O77475
FBgn0035593	Q9VRJ9
FBgn0035021	Q2PE14
FBgn0033810	A1Z9A2
FBgn0029838	Q9W440
FBgn0033816	A1Z9A8
FBgn0035032	Q9W141
FBgn0032339	Q9VKK2
FBgn0032169	Q9VL59
FBgn0039357	Q9VBN7
FBgn0043456	Q8T079
FBgn0032348	Q9VKJ1
FBgn0027546	Q9Y106
FBgn0037994	Q9VGC7
FBgn0037998	Q9VGC3
FBgn0037011	Q9VPD2
FBgn0027556	Q9Y115
FBgn0036615	Q9VV41
FBgn0039563	A1A708
FBgn0032204	Q95TN1
FBgn0032214	Q9VL00
FBgn0027572	Q7KML2
FBgn0035944	Q8IQC1
FBgn0028744	Q7K0Y1
FBgn0038324	Q9VF81
FBgn0034145	A1ZAI5
FBgn0034300	Q6AWG9
FBgn0032642	Q9VJD2
FBgn0032470	Q9VK41
FBgn0031909	Q9VM17
FBgn0034350	Q9V8I2
FBgn0034351	Q7JUX9
FBgn0013763	Q23997
FBgn0038471	Q9VEP1
FBgn0036565	Q9VUY0
FBgn0036988	Q9VPF8
FBgn0037897	Q9VGP1
FBgn0035952	Q9VSS7
FBgn0038704	Q8MSG8
FBgn0032221	A8DYY6
FBgn0038951	Q9VD25
FBgn0038950	Q9VD26
FBgn0038806	Q9VDL1
FBgn0039153	Q9VCD0
FBgn0039466	Q9VB98
FBgn0034902	Q9W1K0
FBgn0034908	Q9W1J3
FBgn0038046	Q9VG73
FBgn0036258	Q9VTU4
FBgn0036254	Q9VTU0
FBgn0034315	Q7K486
FBgn0027574	Q8IMP6
FBgn0038868	Q9VDD1
FBgn0039136	Q9VCF0
FBgn0036998	Q9VPE4
FBgn0039492	Q9VB70
FBgn0039488	Q9VB74
FBgn0039417	Q9VBG6
FBgn0038332	Q9VF71
FBgn0032445	Q9VK68
FBgn0026737	A8JR14
FBgn0030915	Q9VWV8
FBgn0037816	Q9VGZ1
FBgn0038893	Q9VD92
FBgn0263398	Q9VC99
FBgn0029693	Q9W4N2
FBgn0032430	Q9VK89
FBgn0032646	Q9VJC7
FBgn0032361	Q9VKH0
FBgn0034214	Q7K4W1
FBgn0037855	Q9VGU5
FBgn0030946	Q9VWR8
FBgn0037878	Q9VGR7
FBgn0032408	Q9VKB4
FBgn0032298	Q9VKQ3
FBgn0032296	Q9VKQ6
FBgn0030876	Q9VX10
FBgn0036834	Q9VVV2
FBgn0031711	Q9VMQ7
FBgn0036959	Q9VWA2
FBgn0038286	Q9VFD5
FBgn0037962	Q9VGG6
FBgn0038861	Q9VDD9
FBgn0038976	Q9VCZ8
FBgn0030091	Q7YZA2
FBgn0035877	Q9VSH9
FBgn0034422	Q7K2B0
FBgn0035872	Q9VSH4
FBgn0032671	Q9VJ97
FBgn0038569	Q9VED0
FBgn0031713	Q9VMQ5
FBgn0030966	Q9VWP4
FBgn0036527	Q8IA44
FBgn0030973	Q9VWN5
FBgn0037073	Q9VP47
FBgn0036173	Q9VTJ8
FBgn0037135	Q9VNX8
FBgn0036510	Q9VUQ8
FBgn0032258	Q95TN4
FBgn0035812	Q9VSA4
FBgn0035805	Q95SS8
FBgn0033994	Q7K3B9
FBgn0036528	Q8IA41
FBgn0027583	Q9Y140
FBgn0037094	Q7K0L4
FBgn0033548	Q9V5P6
FBgn0033989	Q9V784
FBgn0036519	Q9VUR7
FBgn0038536	Q9VEG9
FBgn0027525	Q7KN79
FBgn0038627	Q9VE61
FBgn0038641	Q9VE46
FBgn0033615	A1Z8J0
FBgn0030087	Q9W391
FBgn0036918	Q9VW56
FBgn0032020	Q9VLP3
FBgn0032016	Q9VLP7
FBgn0032014	Q9VLP9
FBgn0030653	Q9VXT7
FBgn0030658	Q9VXT2
FBgn0038248	Q9VFH6
FBgn0036107	Q9VTC4
FBgn0038582	Q9VEB5
FBgn0030997	Q9VWK6
FBgn0035854	Q9VSF4
FBgn0036090	Q8T0B1
FBgn0033375	Q7JWW5
FBgn0035825	Q9VSB9
FBgn0037689	Q8MRQ4
FBgn0034008	Q9V7A7
FBgn0030863	Q9VX25
FBgn0037622	Q9VHM2
FBgn0037624	Q9I7K6
FBgn0027607	Q7KNA0
FBgn0034143	A1ZAI3
FBgn0034142	Q960W6
FBgn0033069	A1Z6K7
FBgn0034060	Q9V7H4
FBgn0034061	Q7K1Z5
FBgn0034067	Q8MSU3
FBgn0037743	Q9VH78
FBgn0034073	A1ZA92
FBgn0031995	Q9VLS1
FBgn0027602	Q86B47
FBgn0033317	Q7JWR9
FBgn0036381	Q9VU95
FBgn0036386	Q9VUA0
FBgn0033698	Q9V677
FBgn0033691	Q9V668
FBgn0031663	Q9VMW7
FBgn0035336	Q9W020
FBgn0033607	Q1LZ08
FBgn0030793	Q9VXA8
FBgn0030791	Q9VXB0
FBgn0031777	Q9VMH7
FBgn0030634	Q9VXV9
FBgn0035206	Q9W0H3
FBgn0030655	Q9VXT5
FBgn0036887	Q9VW12
FBgn0032925	Q9VIF0
FBgn0038183	Q9VFR0
FBgn0260464	Q9VFR1
FBgn0032879	Q9VIK2
FBgn0037708	Q9VHB9
FBgn0037710	Q9VHB6
FBgn0033086	Q8MLL3
FBgn0031822	Q9VMC8
FBgn0038166	Q9VFS8
FBgn0037561	Q9VHU1
FBgn0031529	Q9VQP9
FBgn0036667	Q9VVA8
FBgn0036661	Q9VVA0
FBgn0037270	Q9VN50
FBgn0037609	Q9VHN5
FBgn0027866	Q9V468
FBgn0037232	Q9VN03
FBgn0037623	Q0KIA2
FBgn0037251	Q9VN27
FBgn0034803	Q9W1W9
FBgn0086605	Q9VN19
FBgn0031428	Q9VQC4
FBgn0030512	Q9VYA0
FBgn0036671	Q9VVB4
FBgn0032781	Q9VIW7
FBgn0039596	Q8MYY6
FBgn0038013	Q95RN0
FBgn0037482	Q9VI74
FBgn0031871	Q9VM65
FBgn0032799	Q9VIU7
FBgn0032793	Q9VIV3
FBgn0039115	Q9VCI0
FBgn0033983	Q9V778
FBgn0032811	Q9VIT2
FBgn0034654	Q9W2D9
FBgn0038453	Q9VES1
FBgn0032698	Q8INX3
FBgn0032701	Q9VJ62
FBgn0033021	Q7K4Q5
FBgn0039296	Q9VBV5
FBgn0036848	Q9VVW8
FBgn0032724	Q9VJ34
FBgn0002036	P18487
FBgn0036286	Q9VTX8
FBgn0032818	Q9I7M2
FBgn0035603	Q9VRL3
FBgn0035586	Q9VRJ2
FBgn0035592	Q9VRJ8
FBgn0036291	Q9VTY4
FBgn0036300	Q9VTZ6
FBgn0034626	Q9W2H1
FBgn0034308	Q8SX68
FBgn0030004	Q9W3J8
FBgn0034455	Q7JW12
FBgn0039930	Q9V492
FBgn0030522	Q9VY86
FBgn0030518	Q9VY93
FBgn0033177	Q6NLL1
FBgn0039936	Q7KQM6
FBgn0036330	Q9VU31
FBgn0039849	Q9V9X4
FBgn0035537	Q9VZD2
FBgn0024362	Q95RC0
FBgn0038737	Q9VDT6
FBgn0024985	O76878
FBgn0035397	Q95RR8
FBgn0035424	Q9I7T7
FBgn0046296	Q9VTT9
FBgn0039859	Q9V9V9
FBgn0035524	Q9VZE6
FBgn0023522	Q9I7X6
FBgn0037777	Q9VH39
FBgn0037611	Q9VHN3
FBgn0037618	Q9VHM6
FBgn0039627	Q9VAQ5
FBgn0039637	Q9VAP3
FBgn0014427	Q9VAN0
FBgn0040534	Q9VHI4
FBgn0035464	Q9VZM5
FBgn0027903	Q9W088
FBgn0035421	Q9VZS6
FBgn0030099	Q9W376
FBgn0043458	Q9W0E8
FBgn0030457	Q9VYG1
FBgn0030037	Q9W3F7
FBgn0260462	Q9VN93
FBgn0037305	Q9VN95
FBgn0029662	Q9W4S1
FBgn0039557	Q9VAY7
FBgn0035811	Q9VSA3
FBgn0032393	Q9VKD3
FBgn0036515	Q9VUR3
FBgn0033556	Q9V5Q4
FBgn0031987	Q9VLS9
FBgn0037811	Q9VGZ8
FBgn0033459	Q7JUR5
FBgn0033523	A1Z897
FBgn0037061	Q9VP65
FBgn0032054	Q9VLJ8
FBgn0032050	Q9VLK2
FBgn0035692	Q9VRV7
FBgn0026879	Q9XZS3
FBgn0036799	Q9VVR0
FBgn0039126	Q9VCG3
FBgn0039137	Q9VCE9
FBgn0039170	Q9VCB1
FBgn0039209	Q9VC61
FBgn0031252	Q9VPP5
FBgn0039965	Q9W5N0
FBgn0035243	Q9W0C7
FBgn0031659	Q9VMX1
FBgn0036889	Q9VW14
FBgn0036359	Q9VU70
FBgn0036057	Q9VT67
FBgn0031052	Q9VWE6
FBgn0031062	Q9VWD4
FBgn0031060	Q9VWD6
FBgn0038673	Q9VE11
FBgn0038651	Q9VE34
FBgn0029880	Q9W3Y5
FBgn0034327	Q9V8F3
FBgn0031955	Q9VLW2
FBgn0031189	Q9VR56
FBgn0031183	Q9VR50
FBgn0037822	Q9VGY5
FBgn0037883	Q9VGQ9
FBgn0037943	Q8T088
FBgn0033316	Q9V4W1
FBgn0033274	Q4V5I9
FBgn0023513	O46089
FBgn0029594	Q9W549
FBgn0026088	O97420
FBgn0035469	Q9VZL6
FBgn0035532	Q9VZD8
FBgn0030611	Q9VXY4
FBgn0034402	Q7K0F0
FBgn0034390	Q9V8M5
FBgn0034400	A1ZBE8
FBgn0030183	Q9W2X7
FBgn0029986	Q9W3M2
FBgn0029989	Q9W3L5
FBgn0040651	Q9VR93
FBgn0030364	Q9VYR0
FBgn0030465	Q9VYF2
FBgn0030700	Q9VXN0
FBgn0034529	A1ZBW7
FBgn0037713	Q9VHB3
FBgn0037728	Q9VH95
FBgn0028919	Q9V412
FBgn0034498	Q5BI42
FBgn0034483	A1ZBR5
FBgn0033883	Q9V6U9
FBgn0036512	Q9VUR0
FBgn0031082	Q9W5X9
FBgn0040754	Q7JVR7
FBgn0031099	Q9VR81
FBgn0039045	Q9VCR7
FBgn0039020	Q9VCU5
FBgn0038043	Q9VG76
FBgn0030239	Q9VZ64
FBgn0032997	Q5LJP9
FBgn0261387	Q7PLI7
FBgn0032144	Q9VL86
FBgn0034352	A1ZB91
FBgn0062440	Q7JX57
FBgn0262115	Q8SYS7
FBgn0037880	Q9VGR2
FBgn0035423	Q9VZS3
FBgn0023537	Q7KW39
FBgn0032597	Q9VJI9
FBgn0038421	Q9VEW2
FBgn0033610	Q7JRP4
FBgn0037683	Q9VHF2
FBgn0028746	O97172
FBgn0040964	Q9VLF6
FBgn0040696	Q9VZH1
FBgn0042135	Q7JUR6
FBgn0050010	Q8MKL1
FBgn0050031	P42276
FBgn0034543	Q9V968
FBgn0050157	Q4V6M7
FBgn0050291	Q95SK3
FBgn0050463	Q8MRC9
FBgn0050493	Q8MKN0
FBgn0051115	Q8IMU4
FBgn0051145	A4VCL2
FBgn0051229	Q8IN78
FBgn0051460	Q8INQ7
FBgn0051559	Q9VNL4
FBgn0051690	Q9VQE9
FBgn0051712	Q9VL63
FBgn0046888	Q8INZ1
FBgn0051760	Q9VKA4
FBgn0051776	Q8IA43
FBgn0051915	Q8IPK4
FBgn0051935	Q9VQ26
FBgn0051957	Q8IQ13
FBgn0052137	Q8SWR2
FBgn0267795	Q9VUC6
FBgn0052174	Q9VVG6
FBgn0052281	Q8IRE4
FBgn0041232	Q8IQ72
FBgn0052396	Q9VRX3
FBgn0266918	Q9VZV5
FBgn0052500	Q8SY96
FBgn0052590	Q8IR45
FBgn0052669	P83740
FBgn0052736	Q9W3T5
FBgn0052750	P83548
FBgn0052751	Q8IRR1
FBgn0040384	Q9U1M2
FBgn0023531	Q7KW14
FBgn0052857	Q8SY96
FBgn0028916	Q7KT91
FBgn0053108	Q9VCE8
FBgn0053169	Q8SY72
FBgn0053276	Q7KU86
FBgn0067628	Q8INF2
FBgn0053470	Q8ML70
FBgn0053502	Q8SY96
FBgn0064115	Q86BL4
FBgn0053774	A1Z7U3
FBgn0085212	A8DYY5
FBgn0085220	A8DYH2
FBgn0085413	A8JQ65
FBgn0262116	Q8MSF5
FBgn0063670	Q8MQI6
FBgn0259151	P83474
FBgn0259244	B7Z0K8
FBgn0259720	B7Z073
FBgn0260229	P0C919
FBgn0260657	Q9VZA4
FBgn0261555	Q8SXX4
FBgn0261570	Q8T498
FBgn0262823	A0A0B4K753
FBgn0263346	Q0KIC3
FBgn0264449	Q9W5D0
FBgn0264740	Q9VCG2
FBgn0266417	Q9VV43
FBgn0266438	Q8MT80
