9009	2R	+	12037298	12038851	FBtr0087976	4	1304	FBgn0010339	128up	49.492809	72.613937
 no uniprot ID
24412	3R	+	18242531	18250279	FBtr0083566	4	3092	FBgn0020238	14-3-3epsilon	34.207272	50.187584
 no uniprot ID
8400	2R	+	10099677	10108474	FBtr0088416	7	1753	FBgn0004907	14-3-3zeta	0.000000	0.000000
 no uniprot ID
23250	3R	-	14124163	14125548	FBtr0337095	4	1200	FBgn0010340	140up	1.666667	2.445269
 no uniprot ID
11428	2R	+	19067155	19121958	FBtr0086577	11	5019	FBgn0004168	5-HT1A	0.000000	0.000000
 no uniprot ID
11419	2R	-	19022325	19032642	FBtr0330055	9	3861	FBgn0263116	5-HT1B	0.000000	0.000000
 no uniprot ID
28032	3R	-	30968236	31016875	FBtr0334508	3	4486	FBgn0004573	5-HT7	0.000000	0.000000
 no uniprot ID
464	2L	+	1329161	1329993	FBtr0077922	2	776	FBgn0011294	a5	0.000000	0.000000
 no uniprot ID
29100	X	-	1693615	1695889	FBtr0070279	2	2210	FBgn0023130	a6	21.828281	32.025612
 no uniprot ID
18547	3L	-	17023123	17023741	FBtr0075290	2	567	FBgn0011293	a10	0.000000	0.000000
 no uniprot ID
5241	2L	-	17474912	17477888	FBtr0081001	7	2458	FBgn0027885	Aac11	29.988724	43.998299
 no uniprot ID
2167	2L	+	6717625	6719389	FBtr0079299	2	1703	FBgn0031851	Aatf	41.981800	61.594074
 no uniprot ID
2770	2L	-	8378262	8381588	FBtr0079722	2	3204	FBgn0027094	Aats-ala	6.144881	9.015532
 no uniprot ID
15220	3L	+	5146098	5149852	FBtr0077168	10	3233	FBgn0028962	Aats-ala-m	9.235386	13.549802
 no uniprot ID
32760	X	-	15841769	15844145	FBtr0074178	5	2135	FBgn0027093	Aats-arg	17.136623	25.142191
 no uniprot ID
10404	2R	+	16143147	16145906	FBtr0087234	6	2453	FBgn0027091	Aats-cys	26.506725	38.889645
 no uniprot ID
26506	3R	-	25263267	25265721	FBtr0084866	1	2455	FBgn0027090	Aats-gln	0.000000	0.000000
 no uniprot ID
25979	3R	-	23952136	23955499	FBtr0084512	3	3151	FBgn0005674	Aats-glupro	0.000000	0.000000
 no uniprot ID
23278	3R	-	14249043	14259991	FBtr0347148	6	4314	FBgn0027083	Aats-met	1.755925	2.576226
 no uniprot ID
13460	2R	-	24781726	24783500	FBtr0072429	5	1540	FBgn0035064	Aats-tyr-m	9.628328	14.126310
 no uniprot ID
16456	3L	+	9423253	9424781	FBtr0076457	1	1529	FBgn0023129	aay	0.000000	0.000000
 no uniprot ID
3747	2L	+	11210678	11260808	FBtr0332557	9	4840	FBgn0264442	ab	0.000000	0.000000
 no uniprot ID
24012	3R	-	16807214	16830049	FBtr0306337	6	5269	FBgn0000014	abd-A	0.021636	0.031744
 no uniprot ID
24039	3R	-	16927210	16972236	FBtr0083385	7	3703	FBgn0000015	Abd-B	0.000000	0.000000
 no uniprot ID
18407	3L	-	16615866	16647882	FBtr0112790	9	12564	FBgn0000017	Abl	2.281375	3.347145
 no uniprot ID
17592	3L	-	13483533	13486280	FBtr0075819	5	2500	FBgn0036372	Abp1	55.612797	81.592949
 no uniprot ID
20335	3R	+	4233047	4235041	FBtr0078967	1	1995	FBgn0015331	abs	0.000000	0.000000
 no uniprot ID
28721	X	+	370031	370947	FBtr0070072	1	917	FBgn0000022	ac	0.390403	0.572784
 no uniprot ID
19250	3L	+	19939287	19977960	FBtr0074897	20	5305	FBgn0004852	Ac76E	0.000000	0.000000
 no uniprot ID
26692	3R	+	25811911	25813134	FBtr0301963	1	1224	FBgn0011273	Acam	0.000000	0.000000
 no uniprot ID
19677	3L	-	21270722	21280243	FBtr0078413	6	3454	FBgn0012034	AcCoAS	13.198375	19.364145
 no uniprot ID
22997	3R	-	13222951	13258777	FBtr0335223	10	3262	FBgn0000024	Ace	0.000000	0.000000
 no uniprot ID
2855	2L	+	8521933	8524884	FBtr0079685	4	2342	FBgn0016122	Acer	0.000000	0.000000
 no uniprot ID
32554	X	-	15350239	15379064	FBtr0305191	8	4343	FBgn0000028	acj6	0.052061	0.076382
 no uniprot ID
2496	2L	-	7740562	7741537	FBtr0079500	2	858	FBgn0014454	Acp1	0.000000	0.000000
 no uniprot ID
1865	2L	-	5892883	5893896	FBtr0079155	2	958	FBgn0002855	Acp26Aa	0.000000	0.000000
 no uniprot ID
1862	2L	-	5892298	5892862	FBtr0079157	2	504	FBgn0002856	Acp26Ab	0.000000	0.000000
 no uniprot ID
2791	2L	-	8392456	8393222	FBtr0079716	1	767	FBgn0015583	Acp29AB	0.000000	0.000000
 no uniprot ID
3692	2L	+	11015620	11016571	FBtr0080158	2	886	FBgn0023415	Acp32CD	0.000000	0.000000
 no uniprot ID
3815	2L	-	11591339	11591678	FBtr0080270	1	340	FBgn0267327	Acp33A	0.000000	0.000000
 no uniprot ID
5414	2L	-	18356047	18359026	FBtr0340581	2	2921	FBgn0011559	Acp36DE	0.000000	0.000000
 no uniprot ID
10611	2R	-	16749803	16750335	FBtr0087080	2	468	FBgn0015584	Acp53Ea	0.000000	0.000000
 no uniprot ID
14518	3L	+	2739750	2740228	FBtr0072943	1	479	FBgn0020509	Acp62F	0.000000	0.000000
 no uniprot ID
14839	3L	-	3815839	3816354	FBtr0073182	3	401	FBgn0015585	Acp63F	0.000000	0.000000
 no uniprot ID
18974	3L	-	19050757	19052026	FBtr0075038	2	1201	FBgn0015586	Acp76A	0.000000	0.000000
 no uniprot ID
26107	3R	+	24228975	24229279	FBtr0084561	2	243	FBgn0002863	Acp95EF	0.000000	0.000000
 no uniprot ID
27185	3R	+	27694883	27695057	FBtr0310089	1	175	FBgn0263597	Acp98AB	0.000000	0.000000
 no uniprot ID
30114	X	+	5900861	5904173	FBtr0070822	2	1637	FBgn0000042	Act5C	0.000000	0.000000
 no uniprot ID
6930	2R	-	6013910	6015689	FBtr0086029	2	1626	FBgn0000043	Act42A	1.873702	2.749023
 no uniprot ID
12061	2R	+	20944021	20946431	FBtr0071519	2	1724	FBgn0000044	Act57B	1.148685	1.685306
 no uniprot ID
